01/29/2025 20:59:20 +07:00 The decimal property '"nilai_prm_mul"' is part of a key on entity type '"BiayaMaterai"'. If the configured precision and scale don't match the column type in the database this will cause values to be silently truncated if they do not fit in the default precision and scale. Consider using a different property as the key or make sure that the database column type matches the model configuration and enable decimal rounding warnings using 'SET NUMERIC_ROUNDABORT ON'.
01/29/2025 20:59:20 +07:00 The decimal property '"nilai_prm_akh"' is part of a key on entity type '"BiayaMaterai"'. If the configured precision and scale don't match the column type in the database this will cause values to be silently truncated if they do not fit in the default precision and scale. Consider using a different property as the key or make sure that the database column type matches the model configuration and enable decimal rounding warnings using 'SET NUMERIC_ROUNDABORT ON'.
01/29/2025 20:59:20 +07:00 No type was specified for the decimal property '"nilai_kurs"' on entity type '"DetailMataUang"'. This will cause values to be silently truncated if they do not fit in the default precision and scale. Explicitly specify the SQL server column type that can accommodate all the values in 'OnModelCreating' using 'HasColumnType()', specify precision and scale using 'HasPrecision()' or configure a value converter using 'HasConversion()'.
01/29/2025 20:59:20 +07:00 No type was specified for the decimal property '"penghasilan"' on entity type '"DetailObligee"'. This will cause values to be silently truncated if they do not fit in the default precision and scale. Explicitly specify the SQL server column type that can accommodate all the values in 'OnModelCreating' using 'HasColumnType()', specify precision and scale using 'HasPrecision()' or configure a value converter using 'HasConversion()'.
01/29/2025 20:59:20 +07:00 No type was specified for the decimal property '"pst_rate_prm"' on entity type '"DetailOkupasi"'. This will cause values to be silently truncated if they do not fit in the default precision and scale. Explicitly specify the SQL server column type that can accommodate all the values in 'OnModelCreating' using 'HasColumnType()', specify precision and scale using 'HasPrecision()' or configure a value converter using 'HasConversion()'.
01/29/2025 20:59:20 +07:00 No type was specified for the decimal property '"penghasilan"' on entity type '"DetailRekanan"'. This will cause values to be silently truncated if they do not fit in the default precision and scale. Explicitly specify the SQL server column type that can accommodate all the values in 'OnModelCreating' using 'HasColumnType()', specify precision and scale using 'HasPrecision()' or configure a value converter using 'HasConversion()'.
01/29/2025 20:59:20 +07:00 No type was specified for the decimal property '"pst_rate_prm"' on entity type '"DetailZona"'. This will cause values to be silently truncated if they do not fit in the default precision and scale. Explicitly specify the SQL server column type that can accommodate all the values in 'OnModelCreating' using 'HasColumnType()', specify precision and scale using 'HasPrecision()' or configure a value converter using 'HasConversion()'.
01/29/2025 20:59:20 +07:00 No type was specified for the decimal property '"nilai_xol"' on entity type '"LevelOtoritas"'. This will cause values to be silently truncated if they do not fit in the default precision and scale. Explicitly specify the SQL server column type that can accommodate all the values in 'OnModelCreating' using 'HasColumnType()', specify precision and scale using 'HasPrecision()' or configure a value converter using 'HasConversion()'.
01/29/2025 21:00:48 +07:00 The connection was not closed. The connection's current state is connecting.
System.InvalidOperationException: The connection was not closed. The connection's current state is connecting.
   at System.Data.ProviderBase.DbConnectionClosedConnecting.TryOpenConnection(DbConnection outerConnection, DbConnectionFactory connectionFactory, TaskCompletionSource`1 retry, DbConnectionOptions userOptions)
   at System.Data.SqlClient.SqlConnection.TryOpen(TaskCompletionSource`1 retry)
   at System.Data.SqlClient.SqlConnection.OpenAsync(CancellationToken cancellationToken)
--- End of stack trace from previous location where exception was thrown ---
   at Dapper.SqlMapper.QueryAsync[T](IDbConnection cnn, Type effectiveType, CommandDefinition command) in /_/Dapper/SqlMapper.Async.cs:line 418
   at ABB.Infrastructure.Data.DbConnectionFactory.Query[T](String query, Object param) in C:\Users\FORMULATRIX\RiderProjects\Mine\SafeGeneral\ABB.Infrastructure\Data\DbConnectionFactory.cs:line 98
   at ABB.Application.PolisInduks.Queries.GetKodeTertanggungQueryHandler.Handle(GetKodeTertanggungQuery request, CancellationToken cancellationToken) in C:\Users\FORMULATRIX\RiderProjects\Mine\SafeGeneral\ABB.Application\PolisInduks\Queries\GetKodeTertanggungQuery.cs:line 35
01/29/2025 21:00:49 +07:00 Error Unhandle : for Request "GetKodeTertanggungQuery" GetKodeTertanggungQuery { DatabaseName: "abb_jkt" }
System.InvalidOperationException: The connection was not closed. The connection's current state is connecting.
   at System.Data.ProviderBase.DbConnectionClosedConnecting.TryOpenConnection(DbConnection outerConnection, DbConnectionFactory connectionFactory, TaskCompletionSource`1 retry, DbConnectionOptions userOptions)
   at System.Data.SqlClient.SqlConnection.TryOpen(TaskCompletionSource`1 retry)
   at System.Data.SqlClient.SqlConnection.OpenAsync(CancellationToken cancellationToken)
--- End of stack trace from previous location where exception was thrown ---
   at Dapper.SqlMapper.QueryAsync[T](IDbConnection cnn, Type effectiveType, CommandDefinition command) in /_/Dapper/SqlMapper.Async.cs:line 418
   at ABB.Infrastructure.Data.DbConnectionFactory.Query[T](String query, Object param) in C:\Users\FORMULATRIX\RiderProjects\Mine\SafeGeneral\ABB.Infrastructure\Data\DbConnectionFactory.cs:line 98
   at ABB.Application.PolisInduks.Queries.GetKodeTertanggungQueryHandler.Handle(GetKodeTertanggungQuery request, CancellationToken cancellationToken) in C:\Users\FORMULATRIX\RiderProjects\Mine\SafeGeneral\ABB.Application\PolisInduks\Queries\GetKodeTertanggungQuery.cs:line 35
   at ABB.Application.Common.Behaviours.ValidationBehaviour`2.Handle(TRequest request, CancellationToken cancellationToken, RequestHandlerDelegate`1 next) in C:\Users\FORMULATRIX\RiderProjects\Mine\SafeGeneral\ABB.Application\Common\Behaviours\ValidationBehaviour.cs:line 36
   at ABB.Application.Common.Behaviours.UnhandledExceptionBehaviour`2.Handle(TRequest request, CancellationToken cancellationToken, RequestHandlerDelegate`1 next) in C:\Users\FORMULATRIX\RiderProjects\Mine\SafeGeneral\ABB.Application\Common\Behaviours\UnhandledExceptionBehaviour.cs:line 26
01/29/2025 21:00:49 +07:00 Controller:Akseptasi | Action:GetKodeTertanggung
System.InvalidOperationException: The connection was not closed. The connection's current state is connecting.
   at System.Data.ProviderBase.DbConnectionClosedConnecting.TryOpenConnection(DbConnection outerConnection, DbConnectionFactory connectionFactory, TaskCompletionSource`1 retry, DbConnectionOptions userOptions)
   at System.Data.SqlClient.SqlConnection.TryOpen(TaskCompletionSource`1 retry)
   at System.Data.SqlClient.SqlConnection.OpenAsync(CancellationToken cancellationToken)
--- End of stack trace from previous location where exception was thrown ---
   at Dapper.SqlMapper.QueryAsync[T](IDbConnection cnn, Type effectiveType, CommandDefinition command) in /_/Dapper/SqlMapper.Async.cs:line 418
   at ABB.Infrastructure.Data.DbConnectionFactory.Query[T](String query, Object param) in C:\Users\FORMULATRIX\RiderProjects\Mine\SafeGeneral\ABB.Infrastructure\Data\DbConnectionFactory.cs:line 98
   at ABB.Application.PolisInduks.Queries.GetKodeTertanggungQueryHandler.Handle(GetKodeTertanggungQuery request, CancellationToken cancellationToken) in C:\Users\FORMULATRIX\RiderProjects\Mine\SafeGeneral\ABB.Application\PolisInduks\Queries\GetKodeTertanggungQuery.cs:line 35
   at ABB.Application.Common.Behaviours.ValidationBehaviour`2.Handle(TRequest request, CancellationToken cancellationToken, RequestHandlerDelegate`1 next) in C:\Users\FORMULATRIX\RiderProjects\Mine\SafeGeneral\ABB.Application\Common\Behaviours\ValidationBehaviour.cs:line 36
   at ABB.Application.Common.Behaviours.UnhandledExceptionBehaviour`2.Handle(TRequest request, CancellationToken cancellationToken, RequestHandlerDelegate`1 next) in C:\Users\FORMULATRIX\RiderProjects\Mine\SafeGeneral\ABB.Application\Common\Behaviours\UnhandledExceptionBehaviour.cs:line 26
   at MediatR.Pipeline.RequestExceptionProcessorBehavior`2.Handle(TRequest request, CancellationToken cancellationToken, RequestHandlerDelegate`1 next)
   at MediatR.Pipeline.RequestExceptionProcessorBehavior`2.Handle(TRequest request, CancellationToken cancellationToken, RequestHandlerDelegate`1 next)
   at MediatR.Pipeline.RequestExceptionActionProcessorBehavior`2.Handle(TRequest request, CancellationToken cancellationToken, RequestHandlerDelegate`1 next)
   at MediatR.Pipeline.RequestExceptionActionProcessorBehavior`2.Handle(TRequest request, CancellationToken cancellationToken, RequestHandlerDelegate`1 next)
   at MediatR.Pipeline.RequestPostProcessorBehavior`2.Handle(TRequest request, CancellationToken cancellationToken, RequestHandlerDelegate`1 next)
   at MediatR.Pipeline.RequestPreProcessorBehavior`2.Handle(TRequest request, CancellationToken cancellationToken, RequestHandlerDelegate`1 next)
   at ABB.Web.Modules.Akseptasi.AkseptasiController.GetKodeTertanggung() in C:\Users\FORMULATRIX\RiderProjects\Mine\SafeGeneral\ABB.Web\Modules\Akseptasi\AkseptasiController.cs:line 202
   at lambda_method(Closure , Object )
   at Microsoft.Extensions.Internal.ObjectMethodExecutorAwaitable.Awaiter.GetResult()
   at Microsoft.AspNetCore.Mvc.Infrastructure.ActionMethodExecutor.TaskOfActionResultExecutor.Execute(IActionResultTypeMapper mapper, ObjectMethodExecutor executor, Object controller, Object[] arguments)
   at Microsoft.AspNetCore.Mvc.Infrastructure.ControllerActionInvoker.<InvokeActionMethodAsync>g__Awaited|12_0(ControllerActionInvoker invoker, ValueTask`1 actionResultValueTask)
   at Microsoft.AspNetCore.Mvc.Infrastructure.ControllerActionInvoker.<InvokeNextActionFilterAsync>g__Awaited|10_0(ControllerActionInvoker invoker, Task lastTask, State next, Scope scope, Object state, Boolean isCompleted)
   at Microsoft.AspNetCore.Mvc.Infrastructure.ControllerActionInvoker.Rethrow(ActionExecutedContextSealed context)
   at Microsoft.AspNetCore.Mvc.Infrastructure.ControllerActionInvoker.Next(State& next, Scope& scope, Object& state, Boolean& isCompleted)
   at Microsoft.AspNetCore.Mvc.Infrastructure.ControllerActionInvoker.InvokeInnerFilterAsync()
--- End of stack trace from previous location where exception was thrown ---
   at Microsoft.AspNetCore.Mvc.Infrastructure.ResourceInvoker.<InvokeNextResourceFilter>g__Awaited|24_0(ResourceInvoker invoker, Task lastTask, State next, Scope scope, Object state, Boolean isCompleted)
   at Microsoft.AspNetCore.Mvc.Infrastructure.ResourceInvoker.Rethrow(ResourceExecutedContextSealed context)
   at Microsoft.AspNetCore.Mvc.Infrastructure.ResourceInvoker.Next(State& next, Scope& scope, Object& state, Boolean& isCompleted)
   at Microsoft.AspNetCore.Mvc.Infrastructure.ResourceInvoker.InvokeFilterPipelineAsync()
--- End of stack trace from previous location where exception was thrown ---
   at Microsoft.AspNetCore.Mvc.Infrastructure.ResourceInvoker.<InvokeAsync>g__Awaited|17_0(ResourceInvoker invoker, Task task, IDisposable scope)
   at Microsoft.AspNetCore.Routing.EndpointMiddleware.<Invoke>g__AwaitRequestTask|6_0(Endpoint endpoint, Task requestTask, ILogger logger)
   at Swashbuckle.AspNetCore.SwaggerUI.SwaggerUIMiddleware.Invoke(HttpContext httpContext)
   at Swashbuckle.AspNetCore.Swagger.SwaggerMiddleware.Invoke(HttpContext httpContext, ISwaggerProvider swaggerProvider)
   at Microsoft.AspNetCore.Authorization.AuthorizationMiddleware.Invoke(HttpContext context)
   at Microsoft.AspNetCore.Authentication.AuthenticationMiddleware.Invoke(HttpContext context)
   at Microsoft.AspNetCore.Diagnostics.StatusCodePagesMiddleware.Invoke(HttpContext context)
   at ABB.Web.Middleware.JwtMiddleware.Invoke(HttpContext context, IDbContext dbContext) in C:\Users\FORMULATRIX\RiderProjects\Mine\SafeGeneral\ABB.Web\Middleware\JwtMiddleware.cs:line 31
   at ABB.Web.Middleware.HeaderMiddleware.Invoke(HttpContext context) in C:\Users\FORMULATRIX\RiderProjects\Mine\SafeGeneral\ABB.Web\Middleware\HeaderMiddleware.cs:line 33
   at ABB.Web.Middleware.ErrorHandlerMiddleware.Invoke(HttpContext context) in C:\Users\FORMULATRIX\RiderProjects\Mine\SafeGeneral\ABB.Web\Middleware\ErrorHandlerMiddleware.cs:line 27
01/29/2025 21:01:49 +07:00 Error Unhandle : for Request "GetAkseptasiObyeksQuery" GetAkseptasiObyeksQuery { SearchKeyword: null, DatabaseName: "abb_jkt", KodeCabang: "JK50", kd_cob: "W", kd_scob: "0751", kd_thn: "25", no_aks: "00001", no_updt: 0, no_rsk: 0, kd_endt: "I" }
System.InvalidOperationException: The connection was not closed. The connection's current state is open.
   at System.Data.ProviderBase.DbConnectionInternal.TryOpenConnection(DbConnection outerConnection, DbConnectionFactory connectionFactory, TaskCompletionSource`1 retry, DbConnectionOptions userOptions)
   at System.Data.SqlClient.SqlConnection.TryOpen(TaskCompletionSource`1 retry)
   at System.Data.SqlClient.SqlConnection.OpenAsync(CancellationToken cancellationToken)
--- End of stack trace from previous location where exception was thrown ---
   at Dapper.SqlMapper.QueryAsync[T](IDbConnection cnn, Type effectiveType, CommandDefinition command) in /_/Dapper/SqlMapper.Async.cs:line 418
   at ABB.Infrastructure.Data.DbConnectionFactory.Query[T](String query, Object param) in C:\Users\FORMULATRIX\RiderProjects\Mine\SafeGeneral\ABB.Infrastructure\Data\DbConnectionFactory.cs:line 98
   at ABB.Application.Akseptasis.Queries.GetAkseptasiObyeksQueryHandler.Handle(GetAkseptasiObyeksQuery request, CancellationToken cancellationToken) in C:\Users\FORMULATRIX\RiderProjects\Mine\SafeGeneral\ABB.Application\Akseptasis\Queries\GetAkseptasiObyeksQuery.cs:line 44
   at ABB.Application.Common.Behaviours.ValidationBehaviour`2.Handle(TRequest request, CancellationToken cancellationToken, RequestHandlerDelegate`1 next) in C:\Users\FORMULATRIX\RiderProjects\Mine\SafeGeneral\ABB.Application\Common\Behaviours\ValidationBehaviour.cs:line 36
   at ABB.Application.Common.Behaviours.UnhandledExceptionBehaviour`2.Handle(TRequest request, CancellationToken cancellationToken, RequestHandlerDelegate`1 next) in C:\Users\FORMULATRIX\RiderProjects\Mine\SafeGeneral\ABB.Application\Common\Behaviours\UnhandledExceptionBehaviour.cs:line 26
01/29/2025 21:01:49 +07:00 Error Unhandle : for Request "GetAkseptasiCoveragesQuery" GetAkseptasiCoveragesQuery { SearchKeyword: null, DatabaseName: "abb_jkt", KodeCabang: "JK50", kd_cob: "W", kd_scob: "0751", kd_thn: "25", no_aks: "00001", no_updt: 0, no_rsk: 0, kd_endt: "I" }
System.InvalidOperationException: Invalid operation. The connection is closed.
   at System.Data.SqlClient.SqlCommand.<>c.<ExecuteDbDataReaderAsync>b__126_0(Task`1 result)
   at System.Threading.Tasks.ContinuationResultTaskFromResultTask`2.InnerInvoke()
   at System.Threading.Tasks.Task.<>c.<.cctor>b__274_0(Object obj)
   at System.Threading.ExecutionContext.RunInternal(ExecutionContext executionContext, ContextCallback callback, Object state)
--- End of stack trace from previous location where exception was thrown ---
   at System.Threading.ExecutionContext.RunInternal(ExecutionContext executionContext, ContextCallback callback, Object state)
   at System.Threading.Tasks.Task.ExecuteWithThreadLocal(Task& currentTaskSlot, Thread threadPoolThread)
--- End of stack trace from previous location where exception was thrown ---
   at Dapper.SqlMapper.QueryAsync[T](IDbConnection cnn, Type effectiveType, CommandDefinition command) in /_/Dapper/SqlMapper.Async.cs:line 418
   at ABB.Infrastructure.Data.DbConnectionFactory.Query[T](String query, Object param) in C:\Users\FORMULATRIX\RiderProjects\Mine\SafeGeneral\ABB.Infrastructure\Data\DbConnectionFactory.cs:line 98
   at ABB.Application.Akseptasis.Queries.GetAkseptasiCoveragesQueryHandler.Handle(GetAkseptasiCoveragesQuery request, CancellationToken cancellationToken) in C:\Users\FORMULATRIX\RiderProjects\Mine\SafeGeneral\ABB.Application\Akseptasis\Queries\GetAkseptasiCoveragesQuery.cs:line 44
   at ABB.Application.Common.Behaviours.ValidationBehaviour`2.Handle(TRequest request, CancellationToken cancellationToken, RequestHandlerDelegate`1 next) in C:\Users\FORMULATRIX\RiderProjects\Mine\SafeGeneral\ABB.Application\Common\Behaviours\ValidationBehaviour.cs:line 36
   at ABB.Application.Common.Behaviours.UnhandledExceptionBehaviour`2.Handle(TRequest request, CancellationToken cancellationToken, RequestHandlerDelegate`1 next) in C:\Users\FORMULATRIX\RiderProjects\Mine\SafeGeneral\ABB.Application\Common\Behaviours\UnhandledExceptionBehaviour.cs:line 26
01/29/2025 21:01:49 +07:00 Controller:Akseptasi | Action:GetAkseptasiObyeks
System.InvalidOperationException: The connection was not closed. The connection's current state is open.
   at System.Data.ProviderBase.DbConnectionInternal.TryOpenConnection(DbConnection outerConnection, DbConnectionFactory connectionFactory, TaskCompletionSource`1 retry, DbConnectionOptions userOptions)
   at System.Data.SqlClient.SqlConnection.TryOpen(TaskCompletionSource`1 retry)
   at System.Data.SqlClient.SqlConnection.OpenAsync(CancellationToken cancellationToken)
--- End of stack trace from previous location where exception was thrown ---
   at Dapper.SqlMapper.QueryAsync[T](IDbConnection cnn, Type effectiveType, CommandDefinition command) in /_/Dapper/SqlMapper.Async.cs:line 418
   at ABB.Infrastructure.Data.DbConnectionFactory.Query[T](String query, Object param) in C:\Users\FORMULATRIX\RiderProjects\Mine\SafeGeneral\ABB.Infrastructure\Data\DbConnectionFactory.cs:line 98
   at ABB.Application.Akseptasis.Queries.GetAkseptasiObyeksQueryHandler.Handle(GetAkseptasiObyeksQuery request, CancellationToken cancellationToken) in C:\Users\FORMULATRIX\RiderProjects\Mine\SafeGeneral\ABB.Application\Akseptasis\Queries\GetAkseptasiObyeksQuery.cs:line 44
   at ABB.Application.Common.Behaviours.ValidationBehaviour`2.Handle(TRequest request, CancellationToken cancellationToken, RequestHandlerDelegate`1 next) in C:\Users\FORMULATRIX\RiderProjects\Mine\SafeGeneral\ABB.Application\Common\Behaviours\ValidationBehaviour.cs:line 36
   at ABB.Application.Common.Behaviours.UnhandledExceptionBehaviour`2.Handle(TRequest request, CancellationToken cancellationToken, RequestHandlerDelegate`1 next) in C:\Users\FORMULATRIX\RiderProjects\Mine\SafeGeneral\ABB.Application\Common\Behaviours\UnhandledExceptionBehaviour.cs:line 26
   at MediatR.Pipeline.RequestExceptionProcessorBehavior`2.Handle(TRequest request, CancellationToken cancellationToken, RequestHandlerDelegate`1 next)
   at MediatR.Pipeline.RequestExceptionProcessorBehavior`2.Handle(TRequest request, CancellationToken cancellationToken, RequestHandlerDelegate`1 next)
   at MediatR.Pipeline.RequestExceptionActionProcessorBehavior`2.Handle(TRequest request, CancellationToken cancellationToken, RequestHandlerDelegate`1 next)
   at MediatR.Pipeline.RequestExceptionActionProcessorBehavior`2.Handle(TRequest request, CancellationToken cancellationToken, RequestHandlerDelegate`1 next)
   at MediatR.Pipeline.RequestPostProcessorBehavior`2.Handle(TRequest request, CancellationToken cancellationToken, RequestHandlerDelegate`1 next)
   at MediatR.Pipeline.RequestPreProcessorBehavior`2.Handle(TRequest request, CancellationToken cancellationToken, RequestHandlerDelegate`1 next)
   at ABB.Web.Modules.Akseptasi.AkseptasiController.GetAkseptasiObyeks(DataSourceRequest request, String searchkeyword, String kd_cb, String kd_cob, String kd_scob, String kd_thn, String no_aks, Int16 no_updt, Int16 no_rsk, String kd_endt) in C:\Users\FORMULATRIX\RiderProjects\Mine\SafeGeneral\ABB.Web\Modules\Akseptasi\AkseptasiController.cs:line 591
   at lambda_method(Closure , Object )
   at Microsoft.Extensions.Internal.ObjectMethodExecutorAwaitable.Awaiter.GetResult()
   at Microsoft.AspNetCore.Mvc.Infrastructure.ActionMethodExecutor.TaskOfActionResultExecutor.Execute(IActionResultTypeMapper mapper, ObjectMethodExecutor executor, Object controller, Object[] arguments)
   at Microsoft.AspNetCore.Mvc.Infrastructure.ControllerActionInvoker.<InvokeActionMethodAsync>g__Awaited|12_0(ControllerActionInvoker invoker, ValueTask`1 actionResultValueTask)
   at Microsoft.AspNetCore.Mvc.Infrastructure.ControllerActionInvoker.<InvokeNextActionFilterAsync>g__Awaited|10_0(ControllerActionInvoker invoker, Task lastTask, State next, Scope scope, Object state, Boolean isCompleted)
   at Microsoft.AspNetCore.Mvc.Infrastructure.ControllerActionInvoker.Rethrow(ActionExecutedContextSealed context)
   at Microsoft.AspNetCore.Mvc.Infrastructure.ControllerActionInvoker.Next(State& next, Scope& scope, Object& state, Boolean& isCompleted)
   at Microsoft.AspNetCore.Mvc.Infrastructure.ControllerActionInvoker.InvokeInnerFilterAsync()
--- End of stack trace from previous location where exception was thrown ---
   at Microsoft.AspNetCore.Mvc.Infrastructure.ResourceInvoker.<InvokeNextResourceFilter>g__Awaited|24_0(ResourceInvoker invoker, Task lastTask, State next, Scope scope, Object state, Boolean isCompleted)
   at Microsoft.AspNetCore.Mvc.Infrastructure.ResourceInvoker.Rethrow(ResourceExecutedContextSealed context)
   at Microsoft.AspNetCore.Mvc.Infrastructure.ResourceInvoker.Next(State& next, Scope& scope, Object& state, Boolean& isCompleted)
   at Microsoft.AspNetCore.Mvc.Infrastructure.ResourceInvoker.InvokeFilterPipelineAsync()
--- End of stack trace from previous location where exception was thrown ---
   at Microsoft.AspNetCore.Mvc.Infrastructure.ResourceInvoker.<InvokeAsync>g__Awaited|17_0(ResourceInvoker invoker, Task task, IDisposable scope)
   at Microsoft.AspNetCore.Routing.EndpointMiddleware.<Invoke>g__AwaitRequestTask|6_0(Endpoint endpoint, Task requestTask, ILogger logger)
   at Swashbuckle.AspNetCore.SwaggerUI.SwaggerUIMiddleware.Invoke(HttpContext httpContext)
   at Swashbuckle.AspNetCore.Swagger.SwaggerMiddleware.Invoke(HttpContext httpContext, ISwaggerProvider swaggerProvider)
   at Microsoft.AspNetCore.Authorization.AuthorizationMiddleware.Invoke(HttpContext context)
   at Microsoft.AspNetCore.Authentication.AuthenticationMiddleware.Invoke(HttpContext context)
   at Microsoft.AspNetCore.Diagnostics.StatusCodePagesMiddleware.Invoke(HttpContext context)
   at ABB.Web.Middleware.JwtMiddleware.Invoke(HttpContext context, IDbContext dbContext) in C:\Users\FORMULATRIX\RiderProjects\Mine\SafeGeneral\ABB.Web\Middleware\JwtMiddleware.cs:line 31
   at ABB.Web.Middleware.HeaderMiddleware.Invoke(HttpContext context) in C:\Users\FORMULATRIX\RiderProjects\Mine\SafeGeneral\ABB.Web\Middleware\HeaderMiddleware.cs:line 33
   at ABB.Web.Middleware.ErrorHandlerMiddleware.Invoke(HttpContext context) in C:\Users\FORMULATRIX\RiderProjects\Mine\SafeGeneral\ABB.Web\Middleware\ErrorHandlerMiddleware.cs:line 27
01/29/2025 21:01:50 +07:00 Controller:Akseptasi | Action:GetAkseptasiCoverages
System.InvalidOperationException: Invalid operation. The connection is closed.
   at System.Data.SqlClient.SqlCommand.<>c.<ExecuteDbDataReaderAsync>b__126_0(Task`1 result)
   at System.Threading.Tasks.ContinuationResultTaskFromResultTask`2.InnerInvoke()
   at System.Threading.Tasks.Task.<>c.<.cctor>b__274_0(Object obj)
   at System.Threading.ExecutionContext.RunInternal(ExecutionContext executionContext, ContextCallback callback, Object state)
--- End of stack trace from previous location where exception was thrown ---
   at System.Threading.ExecutionContext.RunInternal(ExecutionContext executionContext, ContextCallback callback, Object state)
   at System.Threading.Tasks.Task.ExecuteWithThreadLocal(Task& currentTaskSlot, Thread threadPoolThread)
--- End of stack trace from previous location where exception was thrown ---
   at Dapper.SqlMapper.QueryAsync[T](IDbConnection cnn, Type effectiveType, CommandDefinition command) in /_/Dapper/SqlMapper.Async.cs:line 418
   at ABB.Infrastructure.Data.DbConnectionFactory.Query[T](String query, Object param) in C:\Users\FORMULATRIX\RiderProjects\Mine\SafeGeneral\ABB.Infrastructure\Data\DbConnectionFactory.cs:line 98
   at ABB.Application.Akseptasis.Queries.GetAkseptasiCoveragesQueryHandler.Handle(GetAkseptasiCoveragesQuery request, CancellationToken cancellationToken) in C:\Users\FORMULATRIX\RiderProjects\Mine\SafeGeneral\ABB.Application\Akseptasis\Queries\GetAkseptasiCoveragesQuery.cs:line 44
   at ABB.Application.Common.Behaviours.ValidationBehaviour`2.Handle(TRequest request, CancellationToken cancellationToken, RequestHandlerDelegate`1 next) in C:\Users\FORMULATRIX\RiderProjects\Mine\SafeGeneral\ABB.Application\Common\Behaviours\ValidationBehaviour.cs:line 36
   at ABB.Application.Common.Behaviours.UnhandledExceptionBehaviour`2.Handle(TRequest request, CancellationToken cancellationToken, RequestHandlerDelegate`1 next) in C:\Users\FORMULATRIX\RiderProjects\Mine\SafeGeneral\ABB.Application\Common\Behaviours\UnhandledExceptionBehaviour.cs:line 26
   at MediatR.Pipeline.RequestExceptionProcessorBehavior`2.Handle(TRequest request, CancellationToken cancellationToken, RequestHandlerDelegate`1 next)
   at MediatR.Pipeline.RequestExceptionProcessorBehavior`2.Handle(TRequest request, CancellationToken cancellationToken, RequestHandlerDelegate`1 next)
   at MediatR.Pipeline.RequestExceptionActionProcessorBehavior`2.Handle(TRequest request, CancellationToken cancellationToken, RequestHandlerDelegate`1 next)
   at MediatR.Pipeline.RequestExceptionActionProcessorBehavior`2.Handle(TRequest request, CancellationToken cancellationToken, RequestHandlerDelegate`1 next)
   at MediatR.Pipeline.RequestPostProcessorBehavior`2.Handle(TRequest request, CancellationToken cancellationToken, RequestHandlerDelegate`1 next)
   at MediatR.Pipeline.RequestPreProcessorBehavior`2.Handle(TRequest request, CancellationToken cancellationToken, RequestHandlerDelegate`1 next)
   at ABB.Web.Modules.Akseptasi.AkseptasiController.GetAkseptasiCoverages(DataSourceRequest request, String searchkeyword, String kd_cb, String kd_cob, String kd_scob, String kd_thn, String no_aks, Int16 no_updt, Int16 no_rsk, String kd_endt) in C:\Users\FORMULATRIX\RiderProjects\Mine\SafeGeneral\ABB.Web\Modules\Akseptasi\AkseptasiController.cs:line 470
   at lambda_method(Closure , Object )
   at Microsoft.Extensions.Internal.ObjectMethodExecutorAwaitable.Awaiter.GetResult()
   at Microsoft.AspNetCore.Mvc.Infrastructure.ActionMethodExecutor.TaskOfActionResultExecutor.Execute(IActionResultTypeMapper mapper, ObjectMethodExecutor executor, Object controller, Object[] arguments)
   at Microsoft.AspNetCore.Mvc.Infrastructure.ControllerActionInvoker.<InvokeActionMethodAsync>g__Awaited|12_0(ControllerActionInvoker invoker, ValueTask`1 actionResultValueTask)
   at Microsoft.AspNetCore.Mvc.Infrastructure.ControllerActionInvoker.<InvokeNextActionFilterAsync>g__Awaited|10_0(ControllerActionInvoker invoker, Task lastTask, State next, Scope scope, Object state, Boolean isCompleted)
   at Microsoft.AspNetCore.Mvc.Infrastructure.ControllerActionInvoker.Rethrow(ActionExecutedContextSealed context)
   at Microsoft.AspNetCore.Mvc.Infrastructure.ControllerActionInvoker.Next(State& next, Scope& scope, Object& state, Boolean& isCompleted)
   at Microsoft.AspNetCore.Mvc.Infrastructure.ControllerActionInvoker.<InvokeInnerFilterAsync>g__Awaited|13_0(ControllerActionInvoker invoker, Task lastTask, State next, Scope scope, Object state, Boolean isCompleted)
   at Microsoft.AspNetCore.Mvc.Infrastructure.ResourceInvoker.<InvokeNextResourceFilter>g__Awaited|24_0(ResourceInvoker invoker, Task lastTask, State next, Scope scope, Object state, Boolean isCompleted)
   at Microsoft.AspNetCore.Mvc.Infrastructure.ResourceInvoker.Rethrow(ResourceExecutedContextSealed context)
   at Microsoft.AspNetCore.Mvc.Infrastructure.ResourceInvoker.Next(State& next, Scope& scope, Object& state, Boolean& isCompleted)
   at Microsoft.AspNetCore.Mvc.Infrastructure.ResourceInvoker.<InvokeFilterPipelineAsync>g__Awaited|19_0(ResourceInvoker invoker, Task lastTask, State next, Scope scope, Object state, Boolean isCompleted)
   at Microsoft.AspNetCore.Mvc.Infrastructure.ResourceInvoker.<InvokeAsync>g__Awaited|17_0(ResourceInvoker invoker, Task task, IDisposable scope)
   at Microsoft.AspNetCore.Routing.EndpointMiddleware.<Invoke>g__AwaitRequestTask|6_0(Endpoint endpoint, Task requestTask, ILogger logger)
   at Swashbuckle.AspNetCore.SwaggerUI.SwaggerUIMiddleware.Invoke(HttpContext httpContext)
   at Swashbuckle.AspNetCore.Swagger.SwaggerMiddleware.Invoke(HttpContext httpContext, ISwaggerProvider swaggerProvider)
   at Microsoft.AspNetCore.Authorization.AuthorizationMiddleware.Invoke(HttpContext context)
   at Microsoft.AspNetCore.Authentication.AuthenticationMiddleware.Invoke(HttpContext context)
   at Microsoft.AspNetCore.Diagnostics.StatusCodePagesMiddleware.Invoke(HttpContext context)
   at ABB.Web.Middleware.JwtMiddleware.Invoke(HttpContext context, IDbContext dbContext) in C:\Users\FORMULATRIX\RiderProjects\Mine\SafeGeneral\ABB.Web\Middleware\JwtMiddleware.cs:line 31
   at ABB.Web.Middleware.HeaderMiddleware.Invoke(HttpContext context) in C:\Users\FORMULATRIX\RiderProjects\Mine\SafeGeneral\ABB.Web\Middleware\HeaderMiddleware.cs:line 33
   at ABB.Web.Middleware.ErrorHandlerMiddleware.Invoke(HttpContext context) in C:\Users\FORMULATRIX\RiderProjects\Mine\SafeGeneral\ABB.Web\Middleware\ErrorHandlerMiddleware.cs:line 27
01/29/2025 21:01:51 +07:00 The connection was not closed. The connection's current state is connecting.
System.InvalidOperationException: The connection was not closed. The connection's current state is connecting.
   at System.Data.ProviderBase.DbConnectionClosedConnecting.TryOpenConnection(DbConnection outerConnection, DbConnectionFactory connectionFactory, TaskCompletionSource`1 retry, DbConnectionOptions userOptions)
   at System.Data.SqlClient.SqlConnection.TryOpen(TaskCompletionSource`1 retry)
   at System.Data.SqlClient.SqlConnection.OpenAsync(CancellationToken cancellationToken)
--- End of stack trace from previous location where exception was thrown ---
   at Dapper.SqlMapper.QueryAsync[T](IDbConnection cnn, Type effectiveType, CommandDefinition command) in /_/Dapper/SqlMapper.Async.cs:line 418
   at ABB.Infrastructure.Data.DbConnectionFactory.Query[T](String query, Object param) in C:\Users\FORMULATRIX\RiderProjects\Mine\SafeGeneral\ABB.Infrastructure\Data\DbConnectionFactory.cs:line 98
   at ABB.Application.Akseptasis.Queries.GetKodeKelurahanQueryHandler.Handle(GetKodeKelurahanQuery request, CancellationToken cancellationToken) in C:\Users\FORMULATRIX\RiderProjects\Mine\SafeGeneral\ABB.Application\Akseptasis\Queries\GetKodeKelurahanQuery.cs:line 41
01/29/2025 21:01:51 +07:00 A task was canceled.
System.Threading.Tasks.TaskCanceledException: A task was canceled.
   at Dapper.SqlMapper.QueryAsync[T](IDbConnection cnn, Type effectiveType, CommandDefinition command) in /_/Dapper/SqlMapper.Async.cs:line 418
   at ABB.Infrastructure.Data.DbConnectionFactory.Query[T](String query, Object param) in C:\Users\FORMULATRIX\RiderProjects\Mine\SafeGeneral\ABB.Infrastructure\Data\DbConnectionFactory.cs:line 98
   at ABB.Application.Akseptasis.Queries.GetKodeKecamatanQueryHandler.Handle(GetKodeKecamatanQuery request, CancellationToken cancellationToken) in C:\Users\FORMULATRIX\RiderProjects\Mine\SafeGeneral\ABB.Application\Akseptasis\Queries\GetKodeKecamatanQuery.cs:line 39
01/29/2025 21:01:51 +07:00 A task was canceled.
System.Threading.Tasks.TaskCanceledException: A task was canceled.
   at Dapper.SqlMapper.QueryAsync[T](IDbConnection cnn, Type effectiveType, CommandDefinition command) in /_/Dapper/SqlMapper.Async.cs:line 436
   at ABB.Infrastructure.Data.DbConnectionFactory.Query[T](String query, Object param) in C:\Users\FORMULATRIX\RiderProjects\Mine\SafeGeneral\ABB.Infrastructure\Data\DbConnectionFactory.cs:line 98
   at ABB.Application.Akseptasis.Queries.GetKodeKabupatenQueryHandler.Handle(GetKodeKabupatenQuery request, CancellationToken cancellationToken) in C:\Users\FORMULATRIX\RiderProjects\Mine\SafeGeneral\ABB.Application\Akseptasis\Queries\GetKodeKabupatenQuery.cs:line 37
01/29/2025 21:01:51 +07:00 Error Unhandle : for Request "GetKodeKelurahanQuery" GetKodeKelurahanQuery { DatabaseName: "abb_jkt", kd_prop: "01", kd_kab: "101       ", kd_kec: "1011      " }
System.InvalidOperationException: The connection was not closed. The connection's current state is connecting.
   at System.Data.ProviderBase.DbConnectionClosedConnecting.TryOpenConnection(DbConnection outerConnection, DbConnectionFactory connectionFactory, TaskCompletionSource`1 retry, DbConnectionOptions userOptions)
   at System.Data.SqlClient.SqlConnection.TryOpen(TaskCompletionSource`1 retry)
   at System.Data.SqlClient.SqlConnection.OpenAsync(CancellationToken cancellationToken)
--- End of stack trace from previous location where exception was thrown ---
   at Dapper.SqlMapper.QueryAsync[T](IDbConnection cnn, Type effectiveType, CommandDefinition command) in /_/Dapper/SqlMapper.Async.cs:line 418
   at ABB.Infrastructure.Data.DbConnectionFactory.Query[T](String query, Object param) in C:\Users\FORMULATRIX\RiderProjects\Mine\SafeGeneral\ABB.Infrastructure\Data\DbConnectionFactory.cs:line 98
   at ABB.Application.Akseptasis.Queries.GetKodeKelurahanQueryHandler.Handle(GetKodeKelurahanQuery request, CancellationToken cancellationToken) in C:\Users\FORMULATRIX\RiderProjects\Mine\SafeGeneral\ABB.Application\Akseptasis\Queries\GetKodeKelurahanQuery.cs:line 41
   at ABB.Application.Common.Behaviours.ValidationBehaviour`2.Handle(TRequest request, CancellationToken cancellationToken, RequestHandlerDelegate`1 next) in C:\Users\FORMULATRIX\RiderProjects\Mine\SafeGeneral\ABB.Application\Common\Behaviours\ValidationBehaviour.cs:line 36
   at ABB.Application.Common.Behaviours.UnhandledExceptionBehaviour`2.Handle(TRequest request, CancellationToken cancellationToken, RequestHandlerDelegate`1 next) in C:\Users\FORMULATRIX\RiderProjects\Mine\SafeGeneral\ABB.Application\Common\Behaviours\UnhandledExceptionBehaviour.cs:line 26
01/29/2025 21:01:51 +07:00 Error Unhandle : for Request "GetKodeKecamatanQuery" GetKodeKecamatanQuery { DatabaseName: "abb_jkt", kd_prop: "01", kd_kab: "101       " }
System.Threading.Tasks.TaskCanceledException: A task was canceled.
   at Dapper.SqlMapper.QueryAsync[T](IDbConnection cnn, Type effectiveType, CommandDefinition command) in /_/Dapper/SqlMapper.Async.cs:line 418
   at ABB.Infrastructure.Data.DbConnectionFactory.Query[T](String query, Object param) in C:\Users\FORMULATRIX\RiderProjects\Mine\SafeGeneral\ABB.Infrastructure\Data\DbConnectionFactory.cs:line 98
   at ABB.Application.Akseptasis.Queries.GetKodeKecamatanQueryHandler.Handle(GetKodeKecamatanQuery request, CancellationToken cancellationToken) in C:\Users\FORMULATRIX\RiderProjects\Mine\SafeGeneral\ABB.Application\Akseptasis\Queries\GetKodeKecamatanQuery.cs:line 39
   at ABB.Application.Common.Behaviours.ValidationBehaviour`2.Handle(TRequest request, CancellationToken cancellationToken, RequestHandlerDelegate`1 next) in C:\Users\FORMULATRIX\RiderProjects\Mine\SafeGeneral\ABB.Application\Common\Behaviours\ValidationBehaviour.cs:line 36
   at ABB.Application.Common.Behaviours.UnhandledExceptionBehaviour`2.Handle(TRequest request, CancellationToken cancellationToken, RequestHandlerDelegate`1 next) in C:\Users\FORMULATRIX\RiderProjects\Mine\SafeGeneral\ABB.Application\Common\Behaviours\UnhandledExceptionBehaviour.cs:line 26
01/29/2025 21:01:51 +07:00 Error Unhandle : for Request "GetKodeKabupatenQuery" GetKodeKabupatenQuery { DatabaseName: "abb_jkt", kd_prop: "01" }
System.Threading.Tasks.TaskCanceledException: A task was canceled.
   at Dapper.SqlMapper.QueryAsync[T](IDbConnection cnn, Type effectiveType, CommandDefinition command) in /_/Dapper/SqlMapper.Async.cs:line 436
   at ABB.Infrastructure.Data.DbConnectionFactory.Query[T](String query, Object param) in C:\Users\FORMULATRIX\RiderProjects\Mine\SafeGeneral\ABB.Infrastructure\Data\DbConnectionFactory.cs:line 98
   at ABB.Application.Akseptasis.Queries.GetKodeKabupatenQueryHandler.Handle(GetKodeKabupatenQuery request, CancellationToken cancellationToken) in C:\Users\FORMULATRIX\RiderProjects\Mine\SafeGeneral\ABB.Application\Akseptasis\Queries\GetKodeKabupatenQuery.cs:line 37
   at ABB.Application.Common.Behaviours.ValidationBehaviour`2.Handle(TRequest request, CancellationToken cancellationToken, RequestHandlerDelegate`1 next) in C:\Users\FORMULATRIX\RiderProjects\Mine\SafeGeneral\ABB.Application\Common\Behaviours\ValidationBehaviour.cs:line 36
   at ABB.Application.Common.Behaviours.UnhandledExceptionBehaviour`2.Handle(TRequest request, CancellationToken cancellationToken, RequestHandlerDelegate`1 next) in C:\Users\FORMULATRIX\RiderProjects\Mine\SafeGeneral\ABB.Application\Common\Behaviours\UnhandledExceptionBehaviour.cs:line 26
01/29/2025 21:01:52 +07:00 Controller:Akseptasi | Action:GetKodeKelurahan
System.InvalidOperationException: The connection was not closed. The connection's current state is connecting.
   at System.Data.ProviderBase.DbConnectionClosedConnecting.TryOpenConnection(DbConnection outerConnection, DbConnectionFactory connectionFactory, TaskCompletionSource`1 retry, DbConnectionOptions userOptions)
   at System.Data.SqlClient.SqlConnection.TryOpen(TaskCompletionSource`1 retry)
   at System.Data.SqlClient.SqlConnection.OpenAsync(CancellationToken cancellationToken)
--- End of stack trace from previous location where exception was thrown ---
   at Dapper.SqlMapper.QueryAsync[T](IDbConnection cnn, Type effectiveType, CommandDefinition command) in /_/Dapper/SqlMapper.Async.cs:line 418
   at ABB.Infrastructure.Data.DbConnectionFactory.Query[T](String query, Object param) in C:\Users\FORMULATRIX\RiderProjects\Mine\SafeGeneral\ABB.Infrastructure\Data\DbConnectionFactory.cs:line 98
   at ABB.Application.Akseptasis.Queries.GetKodeKelurahanQueryHandler.Handle(GetKodeKelurahanQuery request, CancellationToken cancellationToken) in C:\Users\FORMULATRIX\RiderProjects\Mine\SafeGeneral\ABB.Application\Akseptasis\Queries\GetKodeKelurahanQuery.cs:line 41
   at ABB.Application.Common.Behaviours.ValidationBehaviour`2.Handle(TRequest request, CancellationToken cancellationToken, RequestHandlerDelegate`1 next) in C:\Users\FORMULATRIX\RiderProjects\Mine\SafeGeneral\ABB.Application\Common\Behaviours\ValidationBehaviour.cs:line 36
   at ABB.Application.Common.Behaviours.UnhandledExceptionBehaviour`2.Handle(TRequest request, CancellationToken cancellationToken, RequestHandlerDelegate`1 next) in C:\Users\FORMULATRIX\RiderProjects\Mine\SafeGeneral\ABB.Application\Common\Behaviours\UnhandledExceptionBehaviour.cs:line 26
   at MediatR.Pipeline.RequestExceptionProcessorBehavior`2.Handle(TRequest request, CancellationToken cancellationToken, RequestHandlerDelegate`1 next)
   at MediatR.Pipeline.RequestExceptionProcessorBehavior`2.Handle(TRequest request, CancellationToken cancellationToken, RequestHandlerDelegate`1 next)
   at MediatR.Pipeline.RequestExceptionActionProcessorBehavior`2.Handle(TRequest request, CancellationToken cancellationToken, RequestHandlerDelegate`1 next)
   at MediatR.Pipeline.RequestExceptionActionProcessorBehavior`2.Handle(TRequest request, CancellationToken cancellationToken, RequestHandlerDelegate`1 next)
   at MediatR.Pipeline.RequestPostProcessorBehavior`2.Handle(TRequest request, CancellationToken cancellationToken, RequestHandlerDelegate`1 next)
   at MediatR.Pipeline.RequestPreProcessorBehavior`2.Handle(TRequest request, CancellationToken cancellationToken, RequestHandlerDelegate`1 next)
   at ABB.Web.Modules.Akseptasi.AkseptasiController.GetKodeKelurahan(String kd_prop, String kd_kab, String kd_kec) in C:\Users\FORMULATRIX\RiderProjects\Mine\SafeGeneral\ABB.Web\Modules\Akseptasi\AkseptasiController.cs:line 969
   at lambda_method(Closure , Object )
   at Microsoft.Extensions.Internal.ObjectMethodExecutorAwaitable.Awaiter.GetResult()
   at Microsoft.AspNetCore.Mvc.Infrastructure.ActionMethodExecutor.TaskOfActionResultExecutor.Execute(IActionResultTypeMapper mapper, ObjectMethodExecutor executor, Object controller, Object[] arguments)
   at Microsoft.AspNetCore.Mvc.Infrastructure.ControllerActionInvoker.<InvokeActionMethodAsync>g__Awaited|12_0(ControllerActionInvoker invoker, ValueTask`1 actionResultValueTask)
   at Microsoft.AspNetCore.Mvc.Infrastructure.ControllerActionInvoker.<InvokeNextActionFilterAsync>g__Awaited|10_0(ControllerActionInvoker invoker, Task lastTask, State next, Scope scope, Object state, Boolean isCompleted)
   at Microsoft.AspNetCore.Mvc.Infrastructure.ControllerActionInvoker.Rethrow(ActionExecutedContextSealed context)
   at Microsoft.AspNetCore.Mvc.Infrastructure.ControllerActionInvoker.Next(State& next, Scope& scope, Object& state, Boolean& isCompleted)
   at Microsoft.AspNetCore.Mvc.Infrastructure.ControllerActionInvoker.InvokeInnerFilterAsync()
--- End of stack trace from previous location where exception was thrown ---
   at Microsoft.AspNetCore.Mvc.Infrastructure.ResourceInvoker.<InvokeNextResourceFilter>g__Awaited|24_0(ResourceInvoker invoker, Task lastTask, State next, Scope scope, Object state, Boolean isCompleted)
   at Microsoft.AspNetCore.Mvc.Infrastructure.ResourceInvoker.Rethrow(ResourceExecutedContextSealed context)
   at Microsoft.AspNetCore.Mvc.Infrastructure.ResourceInvoker.Next(State& next, Scope& scope, Object& state, Boolean& isCompleted)
   at Microsoft.AspNetCore.Mvc.Infrastructure.ResourceInvoker.InvokeFilterPipelineAsync()
--- End of stack trace from previous location where exception was thrown ---
   at Microsoft.AspNetCore.Mvc.Infrastructure.ResourceInvoker.<InvokeAsync>g__Awaited|17_0(ResourceInvoker invoker, Task task, IDisposable scope)
   at Microsoft.AspNetCore.Routing.EndpointMiddleware.<Invoke>g__AwaitRequestTask|6_0(Endpoint endpoint, Task requestTask, ILogger logger)
   at Swashbuckle.AspNetCore.SwaggerUI.SwaggerUIMiddleware.Invoke(HttpContext httpContext)
   at Swashbuckle.AspNetCore.Swagger.SwaggerMiddleware.Invoke(HttpContext httpContext, ISwaggerProvider swaggerProvider)
   at Microsoft.AspNetCore.Authorization.AuthorizationMiddleware.Invoke(HttpContext context)
   at Microsoft.AspNetCore.Authentication.AuthenticationMiddleware.Invoke(HttpContext context)
   at Microsoft.AspNetCore.Diagnostics.StatusCodePagesMiddleware.Invoke(HttpContext context)
   at ABB.Web.Middleware.JwtMiddleware.Invoke(HttpContext context, IDbContext dbContext) in C:\Users\FORMULATRIX\RiderProjects\Mine\SafeGeneral\ABB.Web\Middleware\JwtMiddleware.cs:line 31
   at ABB.Web.Middleware.HeaderMiddleware.Invoke(HttpContext context) in C:\Users\FORMULATRIX\RiderProjects\Mine\SafeGeneral\ABB.Web\Middleware\HeaderMiddleware.cs:line 33
   at ABB.Web.Middleware.ErrorHandlerMiddleware.Invoke(HttpContext context) in C:\Users\FORMULATRIX\RiderProjects\Mine\SafeGeneral\ABB.Web\Middleware\ErrorHandlerMiddleware.cs:line 27
01/29/2025 21:01:52 +07:00 Controller:Akseptasi | Action:GetKodeKecamatan
System.Threading.Tasks.TaskCanceledException: A task was canceled.
   at Dapper.SqlMapper.QueryAsync[T](IDbConnection cnn, Type effectiveType, CommandDefinition command) in /_/Dapper/SqlMapper.Async.cs:line 418
   at ABB.Infrastructure.Data.DbConnectionFactory.Query[T](String query, Object param) in C:\Users\FORMULATRIX\RiderProjects\Mine\SafeGeneral\ABB.Infrastructure\Data\DbConnectionFactory.cs:line 98
   at ABB.Application.Akseptasis.Queries.GetKodeKecamatanQueryHandler.Handle(GetKodeKecamatanQuery request, CancellationToken cancellationToken) in C:\Users\FORMULATRIX\RiderProjects\Mine\SafeGeneral\ABB.Application\Akseptasis\Queries\GetKodeKecamatanQuery.cs:line 39
   at ABB.Application.Common.Behaviours.ValidationBehaviour`2.Handle(TRequest request, CancellationToken cancellationToken, RequestHandlerDelegate`1 next) in C:\Users\FORMULATRIX\RiderProjects\Mine\SafeGeneral\ABB.Application\Common\Behaviours\ValidationBehaviour.cs:line 36
   at ABB.Application.Common.Behaviours.UnhandledExceptionBehaviour`2.Handle(TRequest request, CancellationToken cancellationToken, RequestHandlerDelegate`1 next) in C:\Users\FORMULATRIX\RiderProjects\Mine\SafeGeneral\ABB.Application\Common\Behaviours\UnhandledExceptionBehaviour.cs:line 26
   at MediatR.Pipeline.RequestExceptionProcessorBehavior`2.Handle(TRequest request, CancellationToken cancellationToken, RequestHandlerDelegate`1 next)
   at MediatR.Pipeline.RequestExceptionProcessorBehavior`2.Handle(TRequest request, CancellationToken cancellationToken, RequestHandlerDelegate`1 next)
   at MediatR.Pipeline.RequestExceptionActionProcessorBehavior`2.Handle(TRequest request, CancellationToken cancellationToken, RequestHandlerDelegate`1 next)
   at MediatR.Pipeline.RequestExceptionActionProcessorBehavior`2.Handle(TRequest request, CancellationToken cancellationToken, RequestHandlerDelegate`1 next)
   at MediatR.Pipeline.RequestPostProcessorBehavior`2.Handle(TRequest request, CancellationToken cancellationToken, RequestHandlerDelegate`1 next)
   at MediatR.Pipeline.RequestPreProcessorBehavior`2.Handle(TRequest request, CancellationToken cancellationToken, RequestHandlerDelegate`1 next)
   at ABB.Web.Modules.Akseptasi.AkseptasiController.GetKodeKecamatan(String kd_prop, String kd_kab) in C:\Users\FORMULATRIX\RiderProjects\Mine\SafeGeneral\ABB.Web\Modules\Akseptasi\AkseptasiController.cs:line 954
   at lambda_method(Closure , Object )
   at Microsoft.Extensions.Internal.ObjectMethodExecutorAwaitable.Awaiter.GetResult()
   at Microsoft.AspNetCore.Mvc.Infrastructure.ActionMethodExecutor.TaskOfActionResultExecutor.Execute(IActionResultTypeMapper mapper, ObjectMethodExecutor executor, Object controller, Object[] arguments)
   at Microsoft.AspNetCore.Mvc.Infrastructure.ControllerActionInvoker.<InvokeActionMethodAsync>g__Awaited|12_0(ControllerActionInvoker invoker, ValueTask`1 actionResultValueTask)
   at Microsoft.AspNetCore.Mvc.Infrastructure.ControllerActionInvoker.<InvokeNextActionFilterAsync>g__Awaited|10_0(ControllerActionInvoker invoker, Task lastTask, State next, Scope scope, Object state, Boolean isCompleted)
   at Microsoft.AspNetCore.Mvc.Infrastructure.ControllerActionInvoker.Rethrow(ActionExecutedContextSealed context)
   at Microsoft.AspNetCore.Mvc.Infrastructure.ControllerActionInvoker.Next(State& next, Scope& scope, Object& state, Boolean& isCompleted)
   at Microsoft.AspNetCore.Mvc.Infrastructure.ControllerActionInvoker.<InvokeInnerFilterAsync>g__Awaited|13_0(ControllerActionInvoker invoker, Task lastTask, State next, Scope scope, Object state, Boolean isCompleted)
   at Microsoft.AspNetCore.Mvc.Infrastructure.ResourceInvoker.<InvokeNextResourceFilter>g__Awaited|24_0(ResourceInvoker invoker, Task lastTask, State next, Scope scope, Object state, Boolean isCompleted)
   at Microsoft.AspNetCore.Mvc.Infrastructure.ResourceInvoker.Rethrow(ResourceExecutedContextSealed context)
   at Microsoft.AspNetCore.Mvc.Infrastructure.ResourceInvoker.Next(State& next, Scope& scope, Object& state, Boolean& isCompleted)
   at Microsoft.AspNetCore.Mvc.Infrastructure.ResourceInvoker.<InvokeFilterPipelineAsync>g__Awaited|19_0(ResourceInvoker invoker, Task lastTask, State next, Scope scope, Object state, Boolean isCompleted)
   at Microsoft.AspNetCore.Mvc.Infrastructure.ResourceInvoker.<InvokeAsync>g__Awaited|17_0(ResourceInvoker invoker, Task task, IDisposable scope)
   at Microsoft.AspNetCore.Routing.EndpointMiddleware.<Invoke>g__AwaitRequestTask|6_0(Endpoint endpoint, Task requestTask, ILogger logger)
   at Swashbuckle.AspNetCore.SwaggerUI.SwaggerUIMiddleware.Invoke(HttpContext httpContext)
   at Swashbuckle.AspNetCore.Swagger.SwaggerMiddleware.Invoke(HttpContext httpContext, ISwaggerProvider swaggerProvider)
   at Microsoft.AspNetCore.Authorization.AuthorizationMiddleware.Invoke(HttpContext context)
   at Microsoft.AspNetCore.Authentication.AuthenticationMiddleware.Invoke(HttpContext context)
   at Microsoft.AspNetCore.Diagnostics.StatusCodePagesMiddleware.Invoke(HttpContext context)
   at ABB.Web.Middleware.JwtMiddleware.Invoke(HttpContext context, IDbContext dbContext) in C:\Users\FORMULATRIX\RiderProjects\Mine\SafeGeneral\ABB.Web\Middleware\JwtMiddleware.cs:line 31
   at ABB.Web.Middleware.HeaderMiddleware.Invoke(HttpContext context) in C:\Users\FORMULATRIX\RiderProjects\Mine\SafeGeneral\ABB.Web\Middleware\HeaderMiddleware.cs:line 33
   at ABB.Web.Middleware.ErrorHandlerMiddleware.Invoke(HttpContext context) in C:\Users\FORMULATRIX\RiderProjects\Mine\SafeGeneral\ABB.Web\Middleware\ErrorHandlerMiddleware.cs:line 27
01/29/2025 21:01:53 +07:00 Controller:Akseptasi | Action:GetKodeKabupaten
System.Threading.Tasks.TaskCanceledException: A task was canceled.
   at Dapper.SqlMapper.QueryAsync[T](IDbConnection cnn, Type effectiveType, CommandDefinition command) in /_/Dapper/SqlMapper.Async.cs:line 436
   at ABB.Infrastructure.Data.DbConnectionFactory.Query[T](String query, Object param) in C:\Users\FORMULATRIX\RiderProjects\Mine\SafeGeneral\ABB.Infrastructure\Data\DbConnectionFactory.cs:line 98
   at ABB.Application.Akseptasis.Queries.GetKodeKabupatenQueryHandler.Handle(GetKodeKabupatenQuery request, CancellationToken cancellationToken) in C:\Users\FORMULATRIX\RiderProjects\Mine\SafeGeneral\ABB.Application\Akseptasis\Queries\GetKodeKabupatenQuery.cs:line 37
   at ABB.Application.Common.Behaviours.ValidationBehaviour`2.Handle(TRequest request, CancellationToken cancellationToken, RequestHandlerDelegate`1 next) in C:\Users\FORMULATRIX\RiderProjects\Mine\SafeGeneral\ABB.Application\Common\Behaviours\ValidationBehaviour.cs:line 36
   at ABB.Application.Common.Behaviours.UnhandledExceptionBehaviour`2.Handle(TRequest request, CancellationToken cancellationToken, RequestHandlerDelegate`1 next) in C:\Users\FORMULATRIX\RiderProjects\Mine\SafeGeneral\ABB.Application\Common\Behaviours\UnhandledExceptionBehaviour.cs:line 26
   at MediatR.Pipeline.RequestExceptionProcessorBehavior`2.Handle(TRequest request, CancellationToken cancellationToken, RequestHandlerDelegate`1 next)
   at MediatR.Pipeline.RequestExceptionProcessorBehavior`2.Handle(TRequest request, CancellationToken cancellationToken, RequestHandlerDelegate`1 next)
   at MediatR.Pipeline.RequestExceptionActionProcessorBehavior`2.Handle(TRequest request, CancellationToken cancellationToken, RequestHandlerDelegate`1 next)
   at MediatR.Pipeline.RequestExceptionActionProcessorBehavior`2.Handle(TRequest request, CancellationToken cancellationToken, RequestHandlerDelegate`1 next)
   at MediatR.Pipeline.RequestPostProcessorBehavior`2.Handle(TRequest request, CancellationToken cancellationToken, RequestHandlerDelegate`1 next)
   at MediatR.Pipeline.RequestPreProcessorBehavior`2.Handle(TRequest request, CancellationToken cancellationToken, RequestHandlerDelegate`1 next)
   at ABB.Web.Modules.Akseptasi.AkseptasiController.GetKodeKabupaten(String kd_prop) in C:\Users\FORMULATRIX\RiderProjects\Mine\SafeGeneral\ABB.Web\Modules\Akseptasi\AkseptasiController.cs:line 940
   at lambda_method(Closure , Object )
   at Microsoft.Extensions.Internal.ObjectMethodExecutorAwaitable.Awaiter.GetResult()
   at Microsoft.AspNetCore.Mvc.Infrastructure.ActionMethodExecutor.TaskOfActionResultExecutor.Execute(IActionResultTypeMapper mapper, ObjectMethodExecutor executor, Object controller, Object[] arguments)
   at Microsoft.AspNetCore.Mvc.Infrastructure.ControllerActionInvoker.<InvokeActionMethodAsync>g__Awaited|12_0(ControllerActionInvoker invoker, ValueTask`1 actionResultValueTask)
   at Microsoft.AspNetCore.Mvc.Infrastructure.ControllerActionInvoker.<InvokeNextActionFilterAsync>g__Awaited|10_0(ControllerActionInvoker invoker, Task lastTask, State next, Scope scope, Object state, Boolean isCompleted)
   at Microsoft.AspNetCore.Mvc.Infrastructure.ControllerActionInvoker.Rethrow(ActionExecutedContextSealed context)
   at Microsoft.AspNetCore.Mvc.Infrastructure.ControllerActionInvoker.Next(State& next, Scope& scope, Object& state, Boolean& isCompleted)
   at Microsoft.AspNetCore.Mvc.Infrastructure.ControllerActionInvoker.<InvokeInnerFilterAsync>g__Awaited|13_0(ControllerActionInvoker invoker, Task lastTask, State next, Scope scope, Object state, Boolean isCompleted)
   at Microsoft.AspNetCore.Mvc.Infrastructure.ResourceInvoker.<InvokeNextResourceFilter>g__Awaited|24_0(ResourceInvoker invoker, Task lastTask, State next, Scope scope, Object state, Boolean isCompleted)
   at Microsoft.AspNetCore.Mvc.Infrastructure.ResourceInvoker.Rethrow(ResourceExecutedContextSealed context)
   at Microsoft.AspNetCore.Mvc.Infrastructure.ResourceInvoker.Next(State& next, Scope& scope, Object& state, Boolean& isCompleted)
   at Microsoft.AspNetCore.Mvc.Infrastructure.ResourceInvoker.<InvokeFilterPipelineAsync>g__Awaited|19_0(ResourceInvoker invoker, Task lastTask, State next, Scope scope, Object state, Boolean isCompleted)
   at Microsoft.AspNetCore.Mvc.Infrastructure.ResourceInvoker.<InvokeAsync>g__Awaited|17_0(ResourceInvoker invoker, Task task, IDisposable scope)
   at Microsoft.AspNetCore.Routing.EndpointMiddleware.<Invoke>g__AwaitRequestTask|6_0(Endpoint endpoint, Task requestTask, ILogger logger)
   at Swashbuckle.AspNetCore.SwaggerUI.SwaggerUIMiddleware.Invoke(HttpContext httpContext)
   at Swashbuckle.AspNetCore.Swagger.SwaggerMiddleware.Invoke(HttpContext httpContext, ISwaggerProvider swaggerProvider)
   at Microsoft.AspNetCore.Authorization.AuthorizationMiddleware.Invoke(HttpContext context)
   at Microsoft.AspNetCore.Authentication.AuthenticationMiddleware.Invoke(HttpContext context)
   at Microsoft.AspNetCore.Diagnostics.StatusCodePagesMiddleware.Invoke(HttpContext context)
   at ABB.Web.Middleware.JwtMiddleware.Invoke(HttpContext context, IDbContext dbContext) in C:\Users\FORMULATRIX\RiderProjects\Mine\SafeGeneral\ABB.Web\Middleware\JwtMiddleware.cs:line 31
   at ABB.Web.Middleware.HeaderMiddleware.Invoke(HttpContext context) in C:\Users\FORMULATRIX\RiderProjects\Mine\SafeGeneral\ABB.Web\Middleware\HeaderMiddleware.cs:line 33
   at ABB.Web.Middleware.ErrorHandlerMiddleware.Invoke(HttpContext context) in C:\Users\FORMULATRIX\RiderProjects\Mine\SafeGeneral\ABB.Web\Middleware\ErrorHandlerMiddleware.cs:line 27
01/29/2025 21:03:52 +07:00 The connection was not closed. The connection's current state is connecting.
System.InvalidOperationException: The connection was not closed. The connection's current state is connecting.
   at System.Data.ProviderBase.DbConnectionClosedConnecting.TryOpenConnection(DbConnection outerConnection, DbConnectionFactory connectionFactory, TaskCompletionSource`1 retry, DbConnectionOptions userOptions)
   at System.Data.SqlClient.SqlConnection.TryOpen(TaskCompletionSource`1 retry)
   at System.Data.SqlClient.SqlConnection.OpenAsync(CancellationToken cancellationToken)
--- End of stack trace from previous location where exception was thrown ---
   at Dapper.SqlMapper.QueryAsync[T](IDbConnection cnn, Type effectiveType, CommandDefinition command) in /_/Dapper/SqlMapper.Async.cs:line 418
   at ABB.Infrastructure.Data.DbConnectionFactory.Query[T](String query, Object param) in C:\Users\FORMULATRIX\RiderProjects\Mine\SafeGeneral\ABB.Infrastructure\Data\DbConnectionFactory.cs:line 98
   at ABB.Application.Akseptasis.Queries.GetLokasiResikoQueryHandler.Handle(GetLokasiResikoQuery request, CancellationToken cancellationToken) in C:\Users\FORMULATRIX\RiderProjects\Mine\SafeGeneral\ABB.Application\Akseptasis\Queries\GetLokasiResikoQuery.cs:line 35
01/29/2025 21:03:52 +07:00 Error Unhandle : for Request "GetLokasiResikoQuery" GetLokasiResikoQuery { DatabaseName: "abb_jkt" }
System.InvalidOperationException: The connection was not closed. The connection's current state is connecting.
   at System.Data.ProviderBase.DbConnectionClosedConnecting.TryOpenConnection(DbConnection outerConnection, DbConnectionFactory connectionFactory, TaskCompletionSource`1 retry, DbConnectionOptions userOptions)
   at System.Data.SqlClient.SqlConnection.TryOpen(TaskCompletionSource`1 retry)
   at System.Data.SqlClient.SqlConnection.OpenAsync(CancellationToken cancellationToken)
--- End of stack trace from previous location where exception was thrown ---
   at Dapper.SqlMapper.QueryAsync[T](IDbConnection cnn, Type effectiveType, CommandDefinition command) in /_/Dapper/SqlMapper.Async.cs:line 418
   at ABB.Infrastructure.Data.DbConnectionFactory.Query[T](String query, Object param) in C:\Users\FORMULATRIX\RiderProjects\Mine\SafeGeneral\ABB.Infrastructure\Data\DbConnectionFactory.cs:line 98
   at ABB.Application.Akseptasis.Queries.GetLokasiResikoQueryHandler.Handle(GetLokasiResikoQuery request, CancellationToken cancellationToken) in C:\Users\FORMULATRIX\RiderProjects\Mine\SafeGeneral\ABB.Application\Akseptasis\Queries\GetLokasiResikoQuery.cs:line 35
   at ABB.Application.Common.Behaviours.ValidationBehaviour`2.Handle(TRequest request, CancellationToken cancellationToken, RequestHandlerDelegate`1 next) in C:\Users\FORMULATRIX\RiderProjects\Mine\SafeGeneral\ABB.Application\Common\Behaviours\ValidationBehaviour.cs:line 36
   at ABB.Application.Common.Behaviours.UnhandledExceptionBehaviour`2.Handle(TRequest request, CancellationToken cancellationToken, RequestHandlerDelegate`1 next) in C:\Users\FORMULATRIX\RiderProjects\Mine\SafeGeneral\ABB.Application\Common\Behaviours\UnhandledExceptionBehaviour.cs:line 26
01/29/2025 21:03:52 +07:00 Controller:Akseptasi | Action:GetLokasiResiko
System.InvalidOperationException: The connection was not closed. The connection's current state is connecting.
   at System.Data.ProviderBase.DbConnectionClosedConnecting.TryOpenConnection(DbConnection outerConnection, DbConnectionFactory connectionFactory, TaskCompletionSource`1 retry, DbConnectionOptions userOptions)
   at System.Data.SqlClient.SqlConnection.TryOpen(TaskCompletionSource`1 retry)
   at System.Data.SqlClient.SqlConnection.OpenAsync(CancellationToken cancellationToken)
--- End of stack trace from previous location where exception was thrown ---
   at Dapper.SqlMapper.QueryAsync[T](IDbConnection cnn, Type effectiveType, CommandDefinition command) in /_/Dapper/SqlMapper.Async.cs:line 418
   at ABB.Infrastructure.Data.DbConnectionFactory.Query[T](String query, Object param) in C:\Users\FORMULATRIX\RiderProjects\Mine\SafeGeneral\ABB.Infrastructure\Data\DbConnectionFactory.cs:line 98
   at ABB.Application.Akseptasis.Queries.GetLokasiResikoQueryHandler.Handle(GetLokasiResikoQuery request, CancellationToken cancellationToken) in C:\Users\FORMULATRIX\RiderProjects\Mine\SafeGeneral\ABB.Application\Akseptasis\Queries\GetLokasiResikoQuery.cs:line 35
   at ABB.Application.Common.Behaviours.ValidationBehaviour`2.Handle(TRequest request, CancellationToken cancellationToken, RequestHandlerDelegate`1 next) in C:\Users\FORMULATRIX\RiderProjects\Mine\SafeGeneral\ABB.Application\Common\Behaviours\ValidationBehaviour.cs:line 36
   at ABB.Application.Common.Behaviours.UnhandledExceptionBehaviour`2.Handle(TRequest request, CancellationToken cancellationToken, RequestHandlerDelegate`1 next) in C:\Users\FORMULATRIX\RiderProjects\Mine\SafeGeneral\ABB.Application\Common\Behaviours\UnhandledExceptionBehaviour.cs:line 26
   at MediatR.Pipeline.RequestExceptionProcessorBehavior`2.Handle(TRequest request, CancellationToken cancellationToken, RequestHandlerDelegate`1 next)
   at MediatR.Pipeline.RequestExceptionProcessorBehavior`2.Handle(TRequest request, CancellationToken cancellationToken, RequestHandlerDelegate`1 next)
   at MediatR.Pipeline.RequestExceptionActionProcessorBehavior`2.Handle(TRequest request, CancellationToken cancellationToken, RequestHandlerDelegate`1 next)
   at MediatR.Pipeline.RequestExceptionActionProcessorBehavior`2.Handle(TRequest request, CancellationToken cancellationToken, RequestHandlerDelegate`1 next)
   at MediatR.Pipeline.RequestPostProcessorBehavior`2.Handle(TRequest request, CancellationToken cancellationToken, RequestHandlerDelegate`1 next)
   at MediatR.Pipeline.RequestPreProcessorBehavior`2.Handle(TRequest request, CancellationToken cancellationToken, RequestHandlerDelegate`1 next)
   at ABB.Web.Modules.Akseptasi.AkseptasiController.GetLokasiResiko() in C:\Users\FORMULATRIX\RiderProjects\Mine\SafeGeneral\ABB.Web\Modules\Akseptasi\AkseptasiController.cs:line 917
   at lambda_method(Closure , Object )
   at Microsoft.Extensions.Internal.ObjectMethodExecutorAwaitable.Awaiter.GetResult()
   at Microsoft.AspNetCore.Mvc.Infrastructure.ActionMethodExecutor.TaskOfActionResultExecutor.Execute(IActionResultTypeMapper mapper, ObjectMethodExecutor executor, Object controller, Object[] arguments)
   at Microsoft.AspNetCore.Mvc.Infrastructure.ControllerActionInvoker.<InvokeActionMethodAsync>g__Awaited|12_0(ControllerActionInvoker invoker, ValueTask`1 actionResultValueTask)
   at Microsoft.AspNetCore.Mvc.Infrastructure.ControllerActionInvoker.<InvokeNextActionFilterAsync>g__Awaited|10_0(ControllerActionInvoker invoker, Task lastTask, State next, Scope scope, Object state, Boolean isCompleted)
   at Microsoft.AspNetCore.Mvc.Infrastructure.ControllerActionInvoker.Rethrow(ActionExecutedContextSealed context)
   at Microsoft.AspNetCore.Mvc.Infrastructure.ControllerActionInvoker.Next(State& next, Scope& scope, Object& state, Boolean& isCompleted)
   at Microsoft.AspNetCore.Mvc.Infrastructure.ControllerActionInvoker.InvokeInnerFilterAsync()
--- End of stack trace from previous location where exception was thrown ---
   at Microsoft.AspNetCore.Mvc.Infrastructure.ResourceInvoker.<InvokeNextResourceFilter>g__Awaited|24_0(ResourceInvoker invoker, Task lastTask, State next, Scope scope, Object state, Boolean isCompleted)
   at Microsoft.AspNetCore.Mvc.Infrastructure.ResourceInvoker.Rethrow(ResourceExecutedContextSealed context)
   at Microsoft.AspNetCore.Mvc.Infrastructure.ResourceInvoker.Next(State& next, Scope& scope, Object& state, Boolean& isCompleted)
   at Microsoft.AspNetCore.Mvc.Infrastructure.ResourceInvoker.InvokeFilterPipelineAsync()
--- End of stack trace from previous location where exception was thrown ---
   at Microsoft.AspNetCore.Mvc.Infrastructure.ResourceInvoker.<InvokeAsync>g__Awaited|17_0(ResourceInvoker invoker, Task task, IDisposable scope)
   at Microsoft.AspNetCore.Routing.EndpointMiddleware.<Invoke>g__AwaitRequestTask|6_0(Endpoint endpoint, Task requestTask, ILogger logger)
   at Swashbuckle.AspNetCore.SwaggerUI.SwaggerUIMiddleware.Invoke(HttpContext httpContext)
   at Swashbuckle.AspNetCore.Swagger.SwaggerMiddleware.Invoke(HttpContext httpContext, ISwaggerProvider swaggerProvider)
   at Microsoft.AspNetCore.Authorization.AuthorizationMiddleware.Invoke(HttpContext context)
   at Microsoft.AspNetCore.Authentication.AuthenticationMiddleware.Invoke(HttpContext context)
   at Microsoft.AspNetCore.Diagnostics.StatusCodePagesMiddleware.Invoke(HttpContext context)
   at ABB.Web.Middleware.JwtMiddleware.Invoke(HttpContext context, IDbContext dbContext) in C:\Users\FORMULATRIX\RiderProjects\Mine\SafeGeneral\ABB.Web\Middleware\JwtMiddleware.cs:line 31
   at ABB.Web.Middleware.HeaderMiddleware.Invoke(HttpContext context) in C:\Users\FORMULATRIX\RiderProjects\Mine\SafeGeneral\ABB.Web\Middleware\HeaderMiddleware.cs:line 33
   at ABB.Web.Middleware.ErrorHandlerMiddleware.Invoke(HttpContext context) in C:\Users\FORMULATRIX\RiderProjects\Mine\SafeGeneral\ABB.Web\Middleware\ErrorHandlerMiddleware.cs:line 27
