02/06/2025 21:41:27 +07:00 No type was specified for the decimal property '"pst_deduct"' on entity type '"AkseptasiOtherCargo"'. This will cause values to be silently truncated if they do not fit in the default precision and scale. Explicitly specify the SQL server column type that can accommodate all the values in 'OnModelCreating' using 'HasColumnType()', specify precision and scale using 'HasPrecision()' or configure a value converter using 'HasConversion()'.
02/06/2025 21:41:27 +07:00 No type was specified for the decimal property '"nilai_bia_mat"' on entity type '"AkseptasiOtherMotor"'. This will cause values to be silently truncated if they do not fit in the default precision and scale. Explicitly specify the SQL server column type that can accommodate all the values in 'OnModelCreating' using 'HasColumnType()', specify precision and scale using 'HasPrecision()' or configure a value converter using 'HasConversion()'.
02/06/2025 21:41:27 +07:00 No type was specified for the decimal property '"nilai_bia_pol"' on entity type '"AkseptasiOtherMotor"'. This will cause values to be silently truncated if they do not fit in the default precision and scale. Explicitly specify the SQL server column type that can accommodate all the values in 'OnModelCreating' using 'HasColumnType()', specify precision and scale using 'HasPrecision()' or configure a value converter using 'HasConversion()'.
02/06/2025 21:41:27 +07:00 No type was specified for the decimal property '"nilai_casco"' on entity type '"AkseptasiOtherMotor"'. This will cause values to be silently truncated if they do not fit in the default precision and scale. Explicitly specify the SQL server column type that can accommodate all the values in 'OnModelCreating' using 'HasColumnType()', specify precision and scale using 'HasPrecision()' or configure a value converter using 'HasConversion()'.
02/06/2025 21:41:27 +07:00 No type was specified for the decimal property '"nilai_pad"' on entity type '"AkseptasiOtherMotor"'. This will cause values to be silently truncated if they do not fit in the default precision and scale. Explicitly specify the SQL server column type that can accommodate all the values in 'OnModelCreating' using 'HasColumnType()', specify precision and scale using 'HasPrecision()' or configure a value converter using 'HasConversion()'.
02/06/2025 21:41:27 +07:00 No type was specified for the decimal property '"nilai_pad_med"' on entity type '"AkseptasiOtherMotor"'. This will cause values to be silently truncated if they do not fit in the default precision and scale. Explicitly specify the SQL server column type that can accommodate all the values in 'OnModelCreating' using 'HasColumnType()', specify precision and scale using 'HasPrecision()' or configure a value converter using 'HasConversion()'.
02/06/2025 21:41:27 +07:00 No type was specified for the decimal property '"nilai_pap"' on entity type '"AkseptasiOtherMotor"'. This will cause values to be silently truncated if they do not fit in the default precision and scale. Explicitly specify the SQL server column type that can accommodate all the values in 'OnModelCreating' using 'HasColumnType()', specify precision and scale using 'HasPrecision()' or configure a value converter using 'HasConversion()'.
02/06/2025 21:41:27 +07:00 No type was specified for the decimal property '"nilai_pap_med"' on entity type '"AkseptasiOtherMotor"'. This will cause values to be silently truncated if they do not fit in the default precision and scale. Explicitly specify the SQL server column type that can accommodate all the values in 'OnModelCreating' using 'HasColumnType()', specify precision and scale using 'HasPrecision()' or configure a value converter using 'HasConversion()'.
02/06/2025 21:41:27 +07:00 No type was specified for the decimal property '"nilai_prm_aog"' on entity type '"AkseptasiOtherMotor"'. This will cause values to be silently truncated if they do not fit in the default precision and scale. Explicitly specify the SQL server column type that can accommodate all the values in 'OnModelCreating' using 'HasColumnType()', specify precision and scale using 'HasPrecision()' or configure a value converter using 'HasConversion()'.
02/06/2025 21:41:27 +07:00 No type was specified for the decimal property '"nilai_prm_banjir"' on entity type '"AkseptasiOtherMotor"'. This will cause values to be silently truncated if they do not fit in the default precision and scale. Explicitly specify the SQL server column type that can accommodate all the values in 'OnModelCreating' using 'HasColumnType()', specify precision and scale using 'HasPrecision()' or configure a value converter using 'HasConversion()'.
02/06/2025 21:41:27 +07:00 No type was specified for the decimal property '"nilai_prm_casco"' on entity type '"AkseptasiOtherMotor"'. This will cause values to be silently truncated if they do not fit in the default precision and scale. Explicitly specify the SQL server column type that can accommodate all the values in 'OnModelCreating' using 'HasColumnType()', specify precision and scale using 'HasPrecision()' or configure a value converter using 'HasConversion()'.
02/06/2025 21:41:27 +07:00 No type was specified for the decimal property '"nilai_prm_hh"' on entity type '"AkseptasiOtherMotor"'. This will cause values to be silently truncated if they do not fit in the default precision and scale. Explicitly specify the SQL server column type that can accommodate all the values in 'OnModelCreating' using 'HasColumnType()', specify precision and scale using 'HasPrecision()' or configure a value converter using 'HasConversion()'.
02/06/2025 21:41:27 +07:00 No type was specified for the decimal property '"nilai_prm_pad"' on entity type '"AkseptasiOtherMotor"'. This will cause values to be silently truncated if they do not fit in the default precision and scale. Explicitly specify the SQL server column type that can accommodate all the values in 'OnModelCreating' using 'HasColumnType()', specify precision and scale using 'HasPrecision()' or configure a value converter using 'HasConversion()'.
02/06/2025 21:41:27 +07:00 No type was specified for the decimal property '"nilai_prm_pad_med"' on entity type '"AkseptasiOtherMotor"'. This will cause values to be silently truncated if they do not fit in the default precision and scale. Explicitly specify the SQL server column type that can accommodate all the values in 'OnModelCreating' using 'HasColumnType()', specify precision and scale using 'HasPrecision()' or configure a value converter using 'HasConversion()'.
02/06/2025 21:41:27 +07:00 No type was specified for the decimal property '"nilai_prm_pap"' on entity type '"AkseptasiOtherMotor"'. This will cause values to be silently truncated if they do not fit in the default precision and scale. Explicitly specify the SQL server column type that can accommodate all the values in 'OnModelCreating' using 'HasColumnType()', specify precision and scale using 'HasPrecision()' or configure a value converter using 'HasConversion()'.
02/06/2025 21:41:27 +07:00 No type was specified for the decimal property '"nilai_prm_pap_med"' on entity type '"AkseptasiOtherMotor"'. This will cause values to be silently truncated if they do not fit in the default precision and scale. Explicitly specify the SQL server column type that can accommodate all the values in 'OnModelCreating' using 'HasColumnType()', specify precision and scale using 'HasPrecision()' or configure a value converter using 'HasConversion()'.
02/06/2025 21:41:27 +07:00 No type was specified for the decimal property '"nilai_prm_tjh"' on entity type '"AkseptasiOtherMotor"'. This will cause values to be silently truncated if they do not fit in the default precision and scale. Explicitly specify the SQL server column type that can accommodate all the values in 'OnModelCreating' using 'HasColumnType()', specify precision and scale using 'HasPrecision()' or configure a value converter using 'HasConversion()'.
02/06/2025 21:41:27 +07:00 No type was specified for the decimal property '"nilai_prm_tjp"' on entity type '"AkseptasiOtherMotor"'. This will cause values to be silently truncated if they do not fit in the default precision and scale. Explicitly specify the SQL server column type that can accommodate all the values in 'OnModelCreating' using 'HasColumnType()', specify precision and scale using 'HasPrecision()' or configure a value converter using 'HasConversion()'.
02/06/2025 21:41:27 +07:00 No type was specified for the decimal property '"nilai_prm_trs"' on entity type '"AkseptasiOtherMotor"'. This will cause values to be silently truncated if they do not fit in the default precision and scale. Explicitly specify the SQL server column type that can accommodate all the values in 'OnModelCreating' using 'HasColumnType()', specify precision and scale using 'HasPrecision()' or configure a value converter using 'HasConversion()'.
02/06/2025 21:41:27 +07:00 No type was specified for the decimal property '"nilai_rsk_sendiri"' on entity type '"AkseptasiOtherMotor"'. This will cause values to be silently truncated if they do not fit in the default precision and scale. Explicitly specify the SQL server column type that can accommodate all the values in 'OnModelCreating' using 'HasColumnType()', specify precision and scale using 'HasPrecision()' or configure a value converter using 'HasConversion()'.
02/06/2025 21:41:27 +07:00 No type was specified for the decimal property '"nilai_tjh"' on entity type '"AkseptasiOtherMotor"'. This will cause values to be silently truncated if they do not fit in the default precision and scale. Explicitly specify the SQL server column type that can accommodate all the values in 'OnModelCreating' using 'HasColumnType()', specify precision and scale using 'HasPrecision()' or configure a value converter using 'HasConversion()'.
02/06/2025 21:41:27 +07:00 No type was specified for the decimal property '"nilai_tjp"' on entity type '"AkseptasiOtherMotor"'. This will cause values to be silently truncated if they do not fit in the default precision and scale. Explicitly specify the SQL server column type that can accommodate all the values in 'OnModelCreating' using 'HasColumnType()', specify precision and scale using 'HasPrecision()' or configure a value converter using 'HasConversion()'.
02/06/2025 21:41:27 +07:00 No type was specified for the decimal property '"pst_rate_aog"' on entity type '"AkseptasiOtherMotor"'. This will cause values to be silently truncated if they do not fit in the default precision and scale. Explicitly specify the SQL server column type that can accommodate all the values in 'OnModelCreating' using 'HasColumnType()', specify precision and scale using 'HasPrecision()' or configure a value converter using 'HasConversion()'.
02/06/2025 21:41:27 +07:00 No type was specified for the decimal property '"pst_rate_banjir"' on entity type '"AkseptasiOtherMotor"'. This will cause values to be silently truncated if they do not fit in the default precision and scale. Explicitly specify the SQL server column type that can accommodate all the values in 'OnModelCreating' using 'HasColumnType()', specify precision and scale using 'HasPrecision()' or configure a value converter using 'HasConversion()'.
02/06/2025 21:41:27 +07:00 No type was specified for the decimal property '"pst_rate_hh"' on entity type '"AkseptasiOtherMotor"'. This will cause values to be silently truncated if they do not fit in the default precision and scale. Explicitly specify the SQL server column type that can accommodate all the values in 'OnModelCreating' using 'HasColumnType()', specify precision and scale using 'HasPrecision()' or configure a value converter using 'HasConversion()'.
02/06/2025 21:41:27 +07:00 No type was specified for the decimal property '"pst_rate_pad"' on entity type '"AkseptasiOtherMotor"'. This will cause values to be silently truncated if they do not fit in the default precision and scale. Explicitly specify the SQL server column type that can accommodate all the values in 'OnModelCreating' using 'HasColumnType()', specify precision and scale using 'HasPrecision()' or configure a value converter using 'HasConversion()'.
02/06/2025 21:41:27 +07:00 No type was specified for the decimal property '"pst_rate_pap"' on entity type '"AkseptasiOtherMotor"'. This will cause values to be silently truncated if they do not fit in the default precision and scale. Explicitly specify the SQL server column type that can accommodate all the values in 'OnModelCreating' using 'HasColumnType()', specify precision and scale using 'HasPrecision()' or configure a value converter using 'HasConversion()'.
02/06/2025 21:41:27 +07:00 No type was specified for the decimal property '"pst_rate_prm"' on entity type '"AkseptasiOtherMotor"'. This will cause values to be silently truncated if they do not fit in the default precision and scale. Explicitly specify the SQL server column type that can accommodate all the values in 'OnModelCreating' using 'HasColumnType()', specify precision and scale using 'HasPrecision()' or configure a value converter using 'HasConversion()'.
02/06/2025 21:41:27 +07:00 No type was specified for the decimal property '"pst_rate_tjh"' on entity type '"AkseptasiOtherMotor"'. This will cause values to be silently truncated if they do not fit in the default precision and scale. Explicitly specify the SQL server column type that can accommodate all the values in 'OnModelCreating' using 'HasColumnType()', specify precision and scale using 'HasPrecision()' or configure a value converter using 'HasConversion()'.
02/06/2025 21:41:27 +07:00 No type was specified for the decimal property '"pst_rate_tjp"' on entity type '"AkseptasiOtherMotor"'. This will cause values to be silently truncated if they do not fit in the default precision and scale. Explicitly specify the SQL server column type that can accommodate all the values in 'OnModelCreating' using 'HasColumnType()', specify precision and scale using 'HasPrecision()' or configure a value converter using 'HasConversion()'.
02/06/2025 21:41:27 +07:00 No type was specified for the decimal property '"pst_rate_trs"' on entity type '"AkseptasiOtherMotor"'. This will cause values to be silently truncated if they do not fit in the default precision and scale. Explicitly specify the SQL server column type that can accommodate all the values in 'OnModelCreating' using 'HasColumnType()', specify precision and scale using 'HasPrecision()' or configure a value converter using 'HasConversion()'.
02/06/2025 21:41:27 +07:00 No type was specified for the decimal property '"thn_buat"' on entity type '"AkseptasiOtherMotor"'. This will cause values to be silently truncated if they do not fit in the default precision and scale. Explicitly specify the SQL server column type that can accommodate all the values in 'OnModelCreating' using 'HasColumnType()', specify precision and scale using 'HasPrecision()' or configure a value converter using 'HasConversion()'.
02/06/2025 21:41:27 +07:00 No type was specified for the decimal property '"thn_ptg_kend"' on entity type '"AkseptasiOtherMotorDetail"'. This will cause values to be silently truncated if they do not fit in the default precision and scale. Explicitly specify the SQL server column type that can accommodate all the values in 'OnModelCreating' using 'HasColumnType()', specify precision and scale using 'HasPrecision()' or configure a value converter using 'HasConversion()'.
02/06/2025 21:41:27 +07:00 The decimal property '"thn_ptg_kend"' is part of a key on entity type '"AkseptasiOtherMotorDetail"'. If the configured precision and scale don't match the column type in the database this will cause values to be silently truncated if they do not fit in the default precision and scale. Consider using a different property as the key or make sure that the database column type matches the model configuration and enable decimal rounding warnings using 'SET NUMERIC_ROUNDABORT ON'.
02/06/2025 21:41:27 +07:00 No type was specified for the decimal property '"nilai_casco"' on entity type '"AkseptasiOtherMotorDetail"'. This will cause values to be silently truncated if they do not fit in the default precision and scale. Explicitly specify the SQL server column type that can accommodate all the values in 'OnModelCreating' using 'HasColumnType()', specify precision and scale using 'HasPrecision()' or configure a value converter using 'HasConversion()'.
02/06/2025 21:41:27 +07:00 No type was specified for the decimal property '"nilai_pad"' on entity type '"AkseptasiOtherMotorDetail"'. This will cause values to be silently truncated if they do not fit in the default precision and scale. Explicitly specify the SQL server column type that can accommodate all the values in 'OnModelCreating' using 'HasColumnType()', specify precision and scale using 'HasPrecision()' or configure a value converter using 'HasConversion()'.
02/06/2025 21:41:27 +07:00 No type was specified for the decimal property '"nilai_pad_med"' on entity type '"AkseptasiOtherMotorDetail"'. This will cause values to be silently truncated if they do not fit in the default precision and scale. Explicitly specify the SQL server column type that can accommodate all the values in 'OnModelCreating' using 'HasColumnType()', specify precision and scale using 'HasPrecision()' or configure a value converter using 'HasConversion()'.
02/06/2025 21:41:27 +07:00 No type was specified for the decimal property '"nilai_pap"' on entity type '"AkseptasiOtherMotorDetail"'. This will cause values to be silently truncated if they do not fit in the default precision and scale. Explicitly specify the SQL server column type that can accommodate all the values in 'OnModelCreating' using 'HasColumnType()', specify precision and scale using 'HasPrecision()' or configure a value converter using 'HasConversion()'.
02/06/2025 21:41:27 +07:00 No type was specified for the decimal property '"nilai_pap_med"' on entity type '"AkseptasiOtherMotorDetail"'. This will cause values to be silently truncated if they do not fit in the default precision and scale. Explicitly specify the SQL server column type that can accommodate all the values in 'OnModelCreating' using 'HasColumnType()', specify precision and scale using 'HasPrecision()' or configure a value converter using 'HasConversion()'.
02/06/2025 21:41:27 +07:00 No type was specified for the decimal property '"nilai_prm_aog"' on entity type '"AkseptasiOtherMotorDetail"'. This will cause values to be silently truncated if they do not fit in the default precision and scale. Explicitly specify the SQL server column type that can accommodate all the values in 'OnModelCreating' using 'HasColumnType()', specify precision and scale using 'HasPrecision()' or configure a value converter using 'HasConversion()'.
02/06/2025 21:41:27 +07:00 No type was specified for the decimal property '"nilai_prm_banjir"' on entity type '"AkseptasiOtherMotorDetail"'. This will cause values to be silently truncated if they do not fit in the default precision and scale. Explicitly specify the SQL server column type that can accommodate all the values in 'OnModelCreating' using 'HasColumnType()', specify precision and scale using 'HasPrecision()' or configure a value converter using 'HasConversion()'.
02/06/2025 21:41:27 +07:00 No type was specified for the decimal property '"nilai_prm_casco"' on entity type '"AkseptasiOtherMotorDetail"'. This will cause values to be silently truncated if they do not fit in the default precision and scale. Explicitly specify the SQL server column type that can accommodate all the values in 'OnModelCreating' using 'HasColumnType()', specify precision and scale using 'HasPrecision()' or configure a value converter using 'HasConversion()'.
02/06/2025 21:41:27 +07:00 No type was specified for the decimal property '"nilai_prm_hh"' on entity type '"AkseptasiOtherMotorDetail"'. This will cause values to be silently truncated if they do not fit in the default precision and scale. Explicitly specify the SQL server column type that can accommodate all the values in 'OnModelCreating' using 'HasColumnType()', specify precision and scale using 'HasPrecision()' or configure a value converter using 'HasConversion()'.
02/06/2025 21:41:27 +07:00 No type was specified for the decimal property '"nilai_prm_pad"' on entity type '"AkseptasiOtherMotorDetail"'. This will cause values to be silently truncated if they do not fit in the default precision and scale. Explicitly specify the SQL server column type that can accommodate all the values in 'OnModelCreating' using 'HasColumnType()', specify precision and scale using 'HasPrecision()' or configure a value converter using 'HasConversion()'.
02/06/2025 21:41:27 +07:00 No type was specified for the decimal property '"nilai_prm_pad_med"' on entity type '"AkseptasiOtherMotorDetail"'. This will cause values to be silently truncated if they do not fit in the default precision and scale. Explicitly specify the SQL server column type that can accommodate all the values in 'OnModelCreating' using 'HasColumnType()', specify precision and scale using 'HasPrecision()' or configure a value converter using 'HasConversion()'.
02/06/2025 21:41:27 +07:00 No type was specified for the decimal property '"nilai_prm_pap"' on entity type '"AkseptasiOtherMotorDetail"'. This will cause values to be silently truncated if they do not fit in the default precision and scale. Explicitly specify the SQL server column type that can accommodate all the values in 'OnModelCreating' using 'HasColumnType()', specify precision and scale using 'HasPrecision()' or configure a value converter using 'HasConversion()'.
02/06/2025 21:41:27 +07:00 No type was specified for the decimal property '"nilai_prm_pap_med"' on entity type '"AkseptasiOtherMotorDetail"'. This will cause values to be silently truncated if they do not fit in the default precision and scale. Explicitly specify the SQL server column type that can accommodate all the values in 'OnModelCreating' using 'HasColumnType()', specify precision and scale using 'HasPrecision()' or configure a value converter using 'HasConversion()'.
02/06/2025 21:41:27 +07:00 No type was specified for the decimal property '"nilai_prm_tjh"' on entity type '"AkseptasiOtherMotorDetail"'. This will cause values to be silently truncated if they do not fit in the default precision and scale. Explicitly specify the SQL server column type that can accommodate all the values in 'OnModelCreating' using 'HasColumnType()', specify precision and scale using 'HasPrecision()' or configure a value converter using 'HasConversion()'.
02/06/2025 21:41:27 +07:00 No type was specified for the decimal property '"nilai_prm_tjp"' on entity type '"AkseptasiOtherMotorDetail"'. This will cause values to be silently truncated if they do not fit in the default precision and scale. Explicitly specify the SQL server column type that can accommodate all the values in 'OnModelCreating' using 'HasColumnType()', specify precision and scale using 'HasPrecision()' or configure a value converter using 'HasConversion()'.
02/06/2025 21:41:28 +07:00 No type was specified for the decimal property '"nilai_prm_trs"' on entity type '"AkseptasiOtherMotorDetail"'. This will cause values to be silently truncated if they do not fit in the default precision and scale. Explicitly specify the SQL server column type that can accommodate all the values in 'OnModelCreating' using 'HasColumnType()', specify precision and scale using 'HasPrecision()' or configure a value converter using 'HasConversion()'.
02/06/2025 21:41:28 +07:00 No type was specified for the decimal property '"nilai_rsk_sendiri"' on entity type '"AkseptasiOtherMotorDetail"'. This will cause values to be silently truncated if they do not fit in the default precision and scale. Explicitly specify the SQL server column type that can accommodate all the values in 'OnModelCreating' using 'HasColumnType()', specify precision and scale using 'HasPrecision()' or configure a value converter using 'HasConversion()'.
02/06/2025 21:41:28 +07:00 No type was specified for the decimal property '"nilai_tjh"' on entity type '"AkseptasiOtherMotorDetail"'. This will cause values to be silently truncated if they do not fit in the default precision and scale. Explicitly specify the SQL server column type that can accommodate all the values in 'OnModelCreating' using 'HasColumnType()', specify precision and scale using 'HasPrecision()' or configure a value converter using 'HasConversion()'.
02/06/2025 21:41:28 +07:00 No type was specified for the decimal property '"nilai_tjp"' on entity type '"AkseptasiOtherMotorDetail"'. This will cause values to be silently truncated if they do not fit in the default precision and scale. Explicitly specify the SQL server column type that can accommodate all the values in 'OnModelCreating' using 'HasColumnType()', specify precision and scale using 'HasPrecision()' or configure a value converter using 'HasConversion()'.
02/06/2025 21:41:28 +07:00 No type was specified for the decimal property '"nilai_trs"' on entity type '"AkseptasiOtherMotorDetail"'. This will cause values to be silently truncated if they do not fit in the default precision and scale. Explicitly specify the SQL server column type that can accommodate all the values in 'OnModelCreating' using 'HasColumnType()', specify precision and scale using 'HasPrecision()' or configure a value converter using 'HasConversion()'.
02/06/2025 21:41:28 +07:00 No type was specified for the decimal property '"pst_rate_banjir"' on entity type '"AkseptasiOtherMotorDetail"'. This will cause values to be silently truncated if they do not fit in the default precision and scale. Explicitly specify the SQL server column type that can accommodate all the values in 'OnModelCreating' using 'HasColumnType()', specify precision and scale using 'HasPrecision()' or configure a value converter using 'HasConversion()'.
02/06/2025 21:41:28 +07:00 The decimal property '"nilai_prm_mul"' is part of a key on entity type '"BiayaMaterai"'. If the configured precision and scale don't match the column type in the database this will cause values to be silently truncated if they do not fit in the default precision and scale. Consider using a different property as the key or make sure that the database column type matches the model configuration and enable decimal rounding warnings using 'SET NUMERIC_ROUNDABORT ON'.
02/06/2025 21:41:28 +07:00 The decimal property '"nilai_prm_akh"' is part of a key on entity type '"BiayaMaterai"'. If the configured precision and scale don't match the column type in the database this will cause values to be silently truncated if they do not fit in the default precision and scale. Consider using a different property as the key or make sure that the database column type matches the model configuration and enable decimal rounding warnings using 'SET NUMERIC_ROUNDABORT ON'.
02/06/2025 21:41:28 +07:00 No type was specified for the decimal property '"nilai_kurs"' on entity type '"DetailMataUang"'. This will cause values to be silently truncated if they do not fit in the default precision and scale. Explicitly specify the SQL server column type that can accommodate all the values in 'OnModelCreating' using 'HasColumnType()', specify precision and scale using 'HasPrecision()' or configure a value converter using 'HasConversion()'.
02/06/2025 21:41:28 +07:00 No type was specified for the decimal property '"penghasilan"' on entity type '"DetailObligee"'. This will cause values to be silently truncated if they do not fit in the default precision and scale. Explicitly specify the SQL server column type that can accommodate all the values in 'OnModelCreating' using 'HasColumnType()', specify precision and scale using 'HasPrecision()' or configure a value converter using 'HasConversion()'.
02/06/2025 21:41:28 +07:00 No type was specified for the decimal property '"pst_rate_prm"' on entity type '"DetailOkupasi"'. This will cause values to be silently truncated if they do not fit in the default precision and scale. Explicitly specify the SQL server column type that can accommodate all the values in 'OnModelCreating' using 'HasColumnType()', specify precision and scale using 'HasPrecision()' or configure a value converter using 'HasConversion()'.
02/06/2025 21:41:28 +07:00 No type was specified for the decimal property '"penghasilan"' on entity type '"DetailRekanan"'. This will cause values to be silently truncated if they do not fit in the default precision and scale. Explicitly specify the SQL server column type that can accommodate all the values in 'OnModelCreating' using 'HasColumnType()', specify precision and scale using 'HasPrecision()' or configure a value converter using 'HasConversion()'.
02/06/2025 21:41:28 +07:00 No type was specified for the decimal property '"pst_rate_prm"' on entity type '"DetailZona"'. This will cause values to be silently truncated if they do not fit in the default precision and scale. Explicitly specify the SQL server column type that can accommodate all the values in 'OnModelCreating' using 'HasColumnType()', specify precision and scale using 'HasPrecision()' or configure a value converter using 'HasConversion()'.
02/06/2025 21:41:28 +07:00 No type was specified for the decimal property '"nilai_xol"' on entity type '"LevelOtoritas"'. This will cause values to be silently truncated if they do not fit in the default precision and scale. Explicitly specify the SQL server column type that can accommodate all the values in 'OnModelCreating' using 'HasColumnType()', specify precision and scale using 'HasPrecision()' or configure a value converter using 'HasConversion()'.
02/06/2025 21:42:09 +07:00 Invalid password for user.
02/06/2025 21:42:09 +07:00 Invalid password for user.
02/06/2025 21:42:10 +07:00 Error Validation : for Request "LoginCommand" LoginCommand { Username: "admin", Password: "Admin/4bb", UserDatabase: "JK50 " }
ABB.Application.Common.Exceptions.ValidationException: One or more validation failures have occurred.
   at ABB.Application.Common.Behaviours.ValidationBehaviour`2.Handle(TRequest request, CancellationToken cancellationToken, RequestHandlerDelegate`1 next) in C:\Users\FORMULATRIX\RiderProjects\Mine\SafeGeneral\ABB.Application\Common\Behaviours\ValidationBehaviour.cs:line 34
   at ABB.Application.Common.Behaviours.UnhandledExceptionBehaviour`2.Handle(TRequest request, CancellationToken cancellationToken, RequestHandlerDelegate`1 next) in C:\Users\FORMULATRIX\RiderProjects\Mine\SafeGeneral\ABB.Application\Common\Behaviours\UnhandledExceptionBehaviour.cs:line 26
02/06/2025 21:42:52 +07:00 Error Unhandle : for Request "GetAkseptasiCoveragesQuery" GetAkseptasiCoveragesQuery { SearchKeyword: null, DatabaseName: "abb_jkt", KodeCabang: "JK50", kd_cob: "C", kd_scob: "0202", kd_thn: "25", no_aks: "00001", no_updt: 0, no_rsk: 0, kd_endt: "I" }
System.InvalidCastException: Unable to cast object of type 'System.Data.ProviderBase.DbConnectionClosedConnecting' to type 'System.Data.SqlClient.SqlInternalConnectionTds'.
   at System.Data.SqlClient.SqlConnection.TryOpen(TaskCompletionSource`1 retry)
   at System.Data.SqlClient.SqlConnection.OpenAsync(CancellationToken cancellationToken)
--- End of stack trace from previous location where exception was thrown ---
   at Dapper.SqlMapper.QueryAsync[T](IDbConnection cnn, Type effectiveType, CommandDefinition command) in /_/Dapper/SqlMapper.Async.cs:line 418
   at ABB.Infrastructure.Data.DbConnectionFactory.Query[T](String query, Object param) in C:\Users\FORMULATRIX\RiderProjects\Mine\SafeGeneral\ABB.Infrastructure\Data\DbConnectionFactory.cs:line 98
   at ABB.Application.Akseptasis.Queries.GetAkseptasiCoveragesQueryHandler.Handle(GetAkseptasiCoveragesQuery request, CancellationToken cancellationToken) in C:\Users\FORMULATRIX\RiderProjects\Mine\SafeGeneral\ABB.Application\Akseptasis\Queries\GetAkseptasiCoveragesQuery.cs:line 44
   at ABB.Application.Common.Behaviours.ValidationBehaviour`2.Handle(TRequest request, CancellationToken cancellationToken, RequestHandlerDelegate`1 next) in C:\Users\FORMULATRIX\RiderProjects\Mine\SafeGeneral\ABB.Application\Common\Behaviours\ValidationBehaviour.cs:line 36
   at ABB.Application.Common.Behaviours.UnhandledExceptionBehaviour`2.Handle(TRequest request, CancellationToken cancellationToken, RequestHandlerDelegate`1 next) in C:\Users\FORMULATRIX\RiderProjects\Mine\SafeGeneral\ABB.Application\Common\Behaviours\UnhandledExceptionBehaviour.cs:line 26
02/06/2025 21:42:52 +07:00 Controller:Akseptasi | Action:GetAkseptasiCoverages
System.InvalidCastException: Unable to cast object of type 'System.Data.ProviderBase.DbConnectionClosedConnecting' to type 'System.Data.SqlClient.SqlInternalConnectionTds'.
   at System.Data.SqlClient.SqlConnection.TryOpen(TaskCompletionSource`1 retry)
   at System.Data.SqlClient.SqlConnection.OpenAsync(CancellationToken cancellationToken)
--- End of stack trace from previous location where exception was thrown ---
   at Dapper.SqlMapper.QueryAsync[T](IDbConnection cnn, Type effectiveType, CommandDefinition command) in /_/Dapper/SqlMapper.Async.cs:line 418
   at ABB.Infrastructure.Data.DbConnectionFactory.Query[T](String query, Object param) in C:\Users\FORMULATRIX\RiderProjects\Mine\SafeGeneral\ABB.Infrastructure\Data\DbConnectionFactory.cs:line 98
   at ABB.Application.Akseptasis.Queries.GetAkseptasiCoveragesQueryHandler.Handle(GetAkseptasiCoveragesQuery request, CancellationToken cancellationToken) in C:\Users\FORMULATRIX\RiderProjects\Mine\SafeGeneral\ABB.Application\Akseptasis\Queries\GetAkseptasiCoveragesQuery.cs:line 44
   at ABB.Application.Common.Behaviours.ValidationBehaviour`2.Handle(TRequest request, CancellationToken cancellationToken, RequestHandlerDelegate`1 next) in C:\Users\FORMULATRIX\RiderProjects\Mine\SafeGeneral\ABB.Application\Common\Behaviours\ValidationBehaviour.cs:line 36
   at ABB.Application.Common.Behaviours.UnhandledExceptionBehaviour`2.Handle(TRequest request, CancellationToken cancellationToken, RequestHandlerDelegate`1 next) in C:\Users\FORMULATRIX\RiderProjects\Mine\SafeGeneral\ABB.Application\Common\Behaviours\UnhandledExceptionBehaviour.cs:line 26
   at MediatR.Pipeline.RequestExceptionProcessorBehavior`2.Handle(TRequest request, CancellationToken cancellationToken, RequestHandlerDelegate`1 next)
   at MediatR.Pipeline.RequestExceptionProcessorBehavior`2.Handle(TRequest request, CancellationToken cancellationToken, RequestHandlerDelegate`1 next)
   at MediatR.Pipeline.RequestExceptionActionProcessorBehavior`2.Handle(TRequest request, CancellationToken cancellationToken, RequestHandlerDelegate`1 next)
   at MediatR.Pipeline.RequestExceptionActionProcessorBehavior`2.Handle(TRequest request, CancellationToken cancellationToken, RequestHandlerDelegate`1 next)
   at MediatR.Pipeline.RequestPostProcessorBehavior`2.Handle(TRequest request, CancellationToken cancellationToken, RequestHandlerDelegate`1 next)
   at MediatR.Pipeline.RequestPreProcessorBehavior`2.Handle(TRequest request, CancellationToken cancellationToken, RequestHandlerDelegate`1 next)
   at ABB.Web.Modules.Akseptasi.AkseptasiController.GetAkseptasiCoverages(DataSourceRequest request, String searchkeyword, String kd_cb, String kd_cob, String kd_scob, String kd_thn, String no_aks, Int16 no_updt, Int16 no_rsk, String kd_endt) in C:\Users\FORMULATRIX\RiderProjects\Mine\SafeGeneral\ABB.Web\Modules\Akseptasi\AkseptasiController.cs:line 471
   at lambda_method(Closure , Object )
   at Microsoft.Extensions.Internal.ObjectMethodExecutorAwaitable.Awaiter.GetResult()
   at Microsoft.AspNetCore.Mvc.Infrastructure.ActionMethodExecutor.TaskOfActionResultExecutor.Execute(IActionResultTypeMapper mapper, ObjectMethodExecutor executor, Object controller, Object[] arguments)
   at Microsoft.AspNetCore.Mvc.Infrastructure.ControllerActionInvoker.<InvokeActionMethodAsync>g__Awaited|12_0(ControllerActionInvoker invoker, ValueTask`1 actionResultValueTask)
   at Microsoft.AspNetCore.Mvc.Infrastructure.ControllerActionInvoker.<InvokeNextActionFilterAsync>g__Awaited|10_0(ControllerActionInvoker invoker, Task lastTask, State next, Scope scope, Object state, Boolean isCompleted)
   at Microsoft.AspNetCore.Mvc.Infrastructure.ControllerActionInvoker.Rethrow(ActionExecutedContextSealed context)
   at Microsoft.AspNetCore.Mvc.Infrastructure.ControllerActionInvoker.Next(State& next, Scope& scope, Object& state, Boolean& isCompleted)
   at Microsoft.AspNetCore.Mvc.Infrastructure.ControllerActionInvoker.InvokeInnerFilterAsync()
--- End of stack trace from previous location where exception was thrown ---
   at Microsoft.AspNetCore.Mvc.Infrastructure.ResourceInvoker.<InvokeNextResourceFilter>g__Awaited|24_0(ResourceInvoker invoker, Task lastTask, State next, Scope scope, Object state, Boolean isCompleted)
   at Microsoft.AspNetCore.Mvc.Infrastructure.ResourceInvoker.Rethrow(ResourceExecutedContextSealed context)
   at Microsoft.AspNetCore.Mvc.Infrastructure.ResourceInvoker.Next(State& next, Scope& scope, Object& state, Boolean& isCompleted)
   at Microsoft.AspNetCore.Mvc.Infrastructure.ResourceInvoker.InvokeFilterPipelineAsync()
--- End of stack trace from previous location where exception was thrown ---
   at Microsoft.AspNetCore.Mvc.Infrastructure.ResourceInvoker.<InvokeAsync>g__Awaited|17_0(ResourceInvoker invoker, Task task, IDisposable scope)
   at Microsoft.AspNetCore.Routing.EndpointMiddleware.<Invoke>g__AwaitRequestTask|6_0(Endpoint endpoint, Task requestTask, ILogger logger)
   at Swashbuckle.AspNetCore.SwaggerUI.SwaggerUIMiddleware.Invoke(HttpContext httpContext)
   at Swashbuckle.AspNetCore.Swagger.SwaggerMiddleware.Invoke(HttpContext httpContext, ISwaggerProvider swaggerProvider)
   at Microsoft.AspNetCore.Authorization.AuthorizationMiddleware.Invoke(HttpContext context)
   at Microsoft.AspNetCore.Authentication.AuthenticationMiddleware.Invoke(HttpContext context)
   at Microsoft.AspNetCore.Diagnostics.StatusCodePagesMiddleware.Invoke(HttpContext context)
   at ABB.Web.Middleware.JwtMiddleware.Invoke(HttpContext context, IDbContext dbContext) in C:\Users\FORMULATRIX\RiderProjects\Mine\SafeGeneral\ABB.Web\Middleware\JwtMiddleware.cs:line 31
   at ABB.Web.Middleware.HeaderMiddleware.Invoke(HttpContext context) in C:\Users\FORMULATRIX\RiderProjects\Mine\SafeGeneral\ABB.Web\Middleware\HeaderMiddleware.cs:line 33
   at ABB.Web.Middleware.ErrorHandlerMiddleware.Invoke(HttpContext context) in C:\Users\FORMULATRIX\RiderProjects\Mine\SafeGeneral\ABB.Web\Middleware\ErrorHandlerMiddleware.cs:line 27
02/06/2025 21:42:53 +07:00 Invalid operation. The connection is closed.
System.Data.DataException: Invalid operation. The connection is closed.
 ---> System.InvalidOperationException: Invalid operation. The connection is closed.
   at System.Data.SqlClient.TdsParserStateObject.ReadSniSyncOverAsync()
   at System.Data.SqlClient.TdsParserStateObject.TryReadNetworkPacket()
   at System.Data.SqlClient.TdsParserStateObject.TryPrepareBuffer()
   at System.Data.SqlClient.TdsParserStateObject.TryReadByteArray(Span`1 buff, Int32 len, Int32& totalRead)
   at System.Data.SqlClient.TdsParserStateObject.TryReadByteArray(Span`1 buff, Int32 len)
   at System.Data.SqlClient.TdsParserStateObject.TryReadStringWithEncoding(Int32 length, Encoding encoding, Boolean isPlp, String& value)
   at System.Data.SqlClient.TdsParser.TryReadSqlStringValue(SqlBuffer value, Byte type, Int32 length, Encoding encoding, Boolean isPlp, TdsParserStateObject stateObj)
   at System.Data.SqlClient.TdsParser.TryReadSqlValue(SqlBuffer value, SqlMetaDataPriv md, Int32 length, TdsParserStateObject stateObj)
   at System.Data.SqlClient.SqlDataReader.TryReadColumnInternal(Int32 i, Boolean readHeaderOnly)
   at System.Data.SqlClient.SqlDataReader.TryReadColumn(Int32 i, Boolean setTimeout, Boolean allowPartiallyReadColumn)
   at System.Data.SqlClient.SqlDataReader.GetValueInternal(Int32 i)
   at System.Data.SqlClient.SqlDataReader.GetValue(Int32 i)
   at System.Data.SqlClient.SqlDataReader.get_Item(Int32 i)
   at Deserializeb84e0dc5-8b41-49fe-a374-2befebdb3e12(IDataReader )
   --- End of inner exception stack trace ---
   at Dapper.SqlMapper.ThrowDataException(Exception ex, Int32 index, IDataReader reader, Object value) in /_/Dapper/SqlMapper.cs:line 3665
   at Deserializeb84e0dc5-8b41-49fe-a374-2befebdb3e12(IDataReader )
   at Dapper.SqlMapper.QueryAsync[T](IDbConnection cnn, Type effectiveType, CommandDefinition command)
   at ABB.Infrastructure.Data.DbConnectionFactory.Query[T](String query, Object param)
   at ABB.Application.Akseptasis.Queries.GetKodeAlatAngkutQueryHandler.Handle(GetKodeAlatAngkutQuery request, CancellationToken cancellationToken)
02/06/2025 21:42:53 +07:00 Unable to cast object of type 'System.Data.ProviderBase.DbConnectionClosedConnecting' to type 'System.Data.SqlClient.SqlInternalConnectionTds'.
System.InvalidCastException: Unable to cast object of type 'System.Data.ProviderBase.DbConnectionClosedConnecting' to type 'System.Data.SqlClient.SqlInternalConnectionTds'.
   at System.Data.SqlClient.SqlConnection.TryOpen(TaskCompletionSource`1 retry)
   at System.Data.SqlClient.SqlConnection.OpenAsync(CancellationToken cancellationToken)
--- End of stack trace from previous location where exception was thrown ---
   at Dapper.SqlMapper.QueryAsync[T](IDbConnection cnn, Type effectiveType, CommandDefinition command) in /_/Dapper/SqlMapper.Async.cs:line 418
   at ABB.Infrastructure.Data.DbConnectionFactory.Query[T](String query, Object param) in C:\Users\FORMULATRIX\RiderProjects\Mine\SafeGeneral\ABB.Infrastructure\Data\DbConnectionFactory.cs:line 98
   at ABB.Application.Common.Queries.GetDetailGrupResikoQueryHandler.Handle(GetDetailGrupResikoQuery request, CancellationToken cancellationToken) in C:\Users\FORMULATRIX\RiderProjects\Mine\SafeGeneral\ABB.Application\Common\Queries\GetDetailGrupResikoQuery.cs:line 37
02/06/2025 21:42:53 +07:00 Error Unhandle : for Request "GetKodeAlatAngkutQuery" GetKodeAlatAngkutQuery { DatabaseName: "abb_jkt" }
System.Data.DataException: Invalid operation. The connection is closed.
 ---> System.InvalidOperationException: Invalid operation. The connection is closed.
   at System.Data.SqlClient.TdsParserStateObject.ReadSniSyncOverAsync()
   at System.Data.SqlClient.TdsParserStateObject.TryReadNetworkPacket()
   at System.Data.SqlClient.TdsParserStateObject.TryPrepareBuffer()
   at System.Data.SqlClient.TdsParserStateObject.TryReadByteArray(Span`1 buff, Int32 len, Int32& totalRead)
   at System.Data.SqlClient.TdsParserStateObject.TryReadByteArray(Span`1 buff, Int32 len)
   at System.Data.SqlClient.TdsParserStateObject.TryReadStringWithEncoding(Int32 length, Encoding encoding, Boolean isPlp, String& value)
   at System.Data.SqlClient.TdsParser.TryReadSqlStringValue(SqlBuffer value, Byte type, Int32 length, Encoding encoding, Boolean isPlp, TdsParserStateObject stateObj)
   at System.Data.SqlClient.TdsParser.TryReadSqlValue(SqlBuffer value, SqlMetaDataPriv md, Int32 length, TdsParserStateObject stateObj)
   at System.Data.SqlClient.SqlDataReader.TryReadColumnInternal(Int32 i, Boolean readHeaderOnly)
   at System.Data.SqlClient.SqlDataReader.TryReadColumn(Int32 i, Boolean setTimeout, Boolean allowPartiallyReadColumn)
   at System.Data.SqlClient.SqlDataReader.GetValueInternal(Int32 i)
   at System.Data.SqlClient.SqlDataReader.GetValue(Int32 i)
   at System.Data.SqlClient.SqlDataReader.get_Item(Int32 i)
   at Deserializeb84e0dc5-8b41-49fe-a374-2befebdb3e12(IDataReader )
   --- End of inner exception stack trace ---
   at Dapper.SqlMapper.ThrowDataException(Exception ex, Int32 index, IDataReader reader, Object value) in /_/Dapper/SqlMapper.cs:line 3665
   at Deserializeb84e0dc5-8b41-49fe-a374-2befebdb3e12(IDataReader )
   at Dapper.SqlMapper.QueryAsync[T](IDbConnection cnn, Type effectiveType, CommandDefinition command)
   at ABB.Infrastructure.Data.DbConnectionFactory.Query[T](String query, Object param)
   at ABB.Application.Akseptasis.Queries.GetKodeAlatAngkutQueryHandler.Handle(GetKodeAlatAngkutQuery request, CancellationToken cancellationToken)
   at ABB.Application.Common.Behaviours.ValidationBehaviour`2.Handle(TRequest request, CancellationToken cancellationToken, RequestHandlerDelegate`1 next)
   at ABB.Application.Common.Behaviours.UnhandledExceptionBehaviour`2.Handle(TRequest request, CancellationToken cancellationToken, RequestHandlerDelegate`1 next)
02/06/2025 21:42:53 +07:00 Error Unhandle : for Request "GetDetailGrupResikoQuery" GetDetailGrupResikoQuery { DatabaseName: "abb_jkt", kd_grp_rsk: "003" }
System.InvalidCastException: Unable to cast object of type 'System.Data.ProviderBase.DbConnectionClosedConnecting' to type 'System.Data.SqlClient.SqlInternalConnectionTds'.
   at System.Data.SqlClient.SqlConnection.TryOpen(TaskCompletionSource`1 retry)
   at System.Data.SqlClient.SqlConnection.OpenAsync(CancellationToken cancellationToken)
--- End of stack trace from previous location where exception was thrown ---
   at Dapper.SqlMapper.QueryAsync[T](IDbConnection cnn, Type effectiveType, CommandDefinition command) in /_/Dapper/SqlMapper.Async.cs:line 418
   at ABB.Infrastructure.Data.DbConnectionFactory.Query[T](String query, Object param) in C:\Users\FORMULATRIX\RiderProjects\Mine\SafeGeneral\ABB.Infrastructure\Data\DbConnectionFactory.cs:line 98
   at ABB.Application.Common.Queries.GetDetailGrupResikoQueryHandler.Handle(GetDetailGrupResikoQuery request, CancellationToken cancellationToken) in C:\Users\FORMULATRIX\RiderProjects\Mine\SafeGeneral\ABB.Application\Common\Queries\GetDetailGrupResikoQuery.cs:line 37
   at ABB.Application.Common.Behaviours.ValidationBehaviour`2.Handle(TRequest request, CancellationToken cancellationToken, RequestHandlerDelegate`1 next) in C:\Users\FORMULATRIX\RiderProjects\Mine\SafeGeneral\ABB.Application\Common\Behaviours\ValidationBehaviour.cs:line 36
   at ABB.Application.Common.Behaviours.UnhandledExceptionBehaviour`2.Handle(TRequest request, CancellationToken cancellationToken, RequestHandlerDelegate`1 next) in C:\Users\FORMULATRIX\RiderProjects\Mine\SafeGeneral\ABB.Application\Common\Behaviours\UnhandledExceptionBehaviour.cs:line 26
02/06/2025 21:42:54 +07:00 Controller:Akseptasi | Action:GetKodeAlatAngkut
System.Data.DataException: Invalid operation. The connection is closed.
 ---> System.InvalidOperationException: Invalid operation. The connection is closed.
   at System.Data.SqlClient.TdsParserStateObject.ReadSniSyncOverAsync()
   at System.Data.SqlClient.TdsParserStateObject.TryReadNetworkPacket()
   at System.Data.SqlClient.TdsParserStateObject.TryPrepareBuffer()
   at System.Data.SqlClient.TdsParserStateObject.TryReadByteArray(Span`1 buff, Int32 len, Int32& totalRead)
   at System.Data.SqlClient.TdsParserStateObject.TryReadByteArray(Span`1 buff, Int32 len)
   at System.Data.SqlClient.TdsParserStateObject.TryReadStringWithEncoding(Int32 length, Encoding encoding, Boolean isPlp, String& value)
   at System.Data.SqlClient.TdsParser.TryReadSqlStringValue(SqlBuffer value, Byte type, Int32 length, Encoding encoding, Boolean isPlp, TdsParserStateObject stateObj)
   at System.Data.SqlClient.TdsParser.TryReadSqlValue(SqlBuffer value, SqlMetaDataPriv md, Int32 length, TdsParserStateObject stateObj)
   at System.Data.SqlClient.SqlDataReader.TryReadColumnInternal(Int32 i, Boolean readHeaderOnly)
   at System.Data.SqlClient.SqlDataReader.TryReadColumn(Int32 i, Boolean setTimeout, Boolean allowPartiallyReadColumn)
   at System.Data.SqlClient.SqlDataReader.GetValueInternal(Int32 i)
   at System.Data.SqlClient.SqlDataReader.GetValue(Int32 i)
   at System.Data.SqlClient.SqlDataReader.get_Item(Int32 i)
   at Deserializeb84e0dc5-8b41-49fe-a374-2befebdb3e12(IDataReader )
   --- End of inner exception stack trace ---
   at Dapper.SqlMapper.ThrowDataException(Exception ex, Int32 index, IDataReader reader, Object value) in /_/Dapper/SqlMapper.cs:line 3665
   at Deserializeb84e0dc5-8b41-49fe-a374-2befebdb3e12(IDataReader )
   at Dapper.SqlMapper.QueryAsync[T](IDbConnection cnn, Type effectiveType, CommandDefinition command)
   at ABB.Infrastructure.Data.DbConnectionFactory.Query[T](String query, Object param)
   at ABB.Application.Akseptasis.Queries.GetKodeAlatAngkutQueryHandler.Handle(GetKodeAlatAngkutQuery request, CancellationToken cancellationToken)
   at ABB.Application.Common.Behaviours.ValidationBehaviour`2.Handle(TRequest request, CancellationToken cancellationToken, RequestHandlerDelegate`1 next)
   at ABB.Application.Common.Behaviours.UnhandledExceptionBehaviour`2.Handle(TRequest request, CancellationToken cancellationToken, RequestHandlerDelegate`1 next)
   at MediatR.Pipeline.RequestExceptionProcessorBehavior`2.Handle(TRequest request, CancellationToken cancellationToken, RequestHandlerDelegate`1 next)
   at MediatR.Pipeline.RequestExceptionProcessorBehavior`2.Handle(TRequest request, CancellationToken cancellationToken, RequestHandlerDelegate`1 next)
   at MediatR.Pipeline.RequestExceptionActionProcessorBehavior`2.Handle(TRequest request, CancellationToken cancellationToken, RequestHandlerDelegate`1 next)
   at MediatR.Pipeline.RequestExceptionActionProcessorBehavior`2.Handle(TRequest request, CancellationToken cancellationToken, RequestHandlerDelegate`1 next)
   at MediatR.Pipeline.RequestPostProcessorBehavior`2.Handle(TRequest request, CancellationToken cancellationToken, RequestHandlerDelegate`1 next)
   at MediatR.Pipeline.RequestPreProcessorBehavior`2.Handle(TRequest request, CancellationToken cancellationToken, RequestHandlerDelegate`1 next)
   at ABB.Web.Modules.Akseptasi.AkseptasiController.GetKodeAlatAngkut()
   at lambda_method(Closure , Object )
   at Microsoft.Extensions.Internal.ObjectMethodExecutorAwaitable.Awaiter.GetResult()
   at Microsoft.AspNetCore.Mvc.Infrastructure.ActionMethodExecutor.TaskOfActionResultExecutor.Execute(IActionResultTypeMapper mapper, ObjectMethodExecutor executor, Object controller, Object[] arguments)
   at Microsoft.AspNetCore.Mvc.Infrastructure.ControllerActionInvoker.<InvokeActionMethodAsync>g__Awaited|12_0(ControllerActionInvoker invoker, ValueTask`1 actionResultValueTask)
   at Microsoft.AspNetCore.Mvc.Infrastructure.ControllerActionInvoker.<InvokeNextActionFilterAsync>g__Awaited|10_0(ControllerActionInvoker invoker, Task lastTask, State next, Scope scope, Object state, Boolean isCompleted)
   at Microsoft.AspNetCore.Mvc.Infrastructure.ControllerActionInvoker.Rethrow(ActionExecutedContextSealed context)
   at Microsoft.AspNetCore.Mvc.Infrastructure.ControllerActionInvoker.Next(State& next, Scope& scope, Object& state, Boolean& isCompleted)
   at Microsoft.AspNetCore.Mvc.Infrastructure.ControllerActionInvoker.<InvokeInnerFilterAsync>g__Awaited|13_0(ControllerActionInvoker invoker, Task lastTask, State next, Scope scope, Object state, Boolean isCompleted)
   at Microsoft.AspNetCore.Mvc.Infrastructure.ResourceInvoker.<InvokeNextResourceFilter>g__Awaited|24_0(ResourceInvoker invoker, Task lastTask, State next, Scope scope, Object state, Boolean isCompleted)
   at Microsoft.AspNetCore.Mvc.Infrastructure.ResourceInvoker.Rethrow(ResourceExecutedContextSealed context)
   at Microsoft.AspNetCore.Mvc.Infrastructure.ResourceInvoker.Next(State& next, Scope& scope, Object& state, Boolean& isCompleted)
   at Microsoft.AspNetCore.Mvc.Infrastructure.ResourceInvoker.<InvokeFilterPipelineAsync>g__Awaited|19_0(ResourceInvoker invoker, Task lastTask, State next, Scope scope, Object state, Boolean isCompleted)
   at Microsoft.AspNetCore.Mvc.Infrastructure.ResourceInvoker.<InvokeAsync>g__Awaited|17_0(ResourceInvoker invoker, Task task, IDisposable scope)
   at Microsoft.AspNetCore.Routing.EndpointMiddleware.<Invoke>g__AwaitRequestTask|6_0(Endpoint endpoint, Task requestTask, ILogger logger)
   at Swashbuckle.AspNetCore.SwaggerUI.SwaggerUIMiddleware.Invoke(HttpContext httpContext)
   at Swashbuckle.AspNetCore.Swagger.SwaggerMiddleware.Invoke(HttpContext httpContext, ISwaggerProvider swaggerProvider)
   at Microsoft.AspNetCore.Authorization.AuthorizationMiddleware.Invoke(HttpContext context)
   at Microsoft.AspNetCore.Authentication.AuthenticationMiddleware.Invoke(HttpContext context)
   at Microsoft.AspNetCore.Diagnostics.StatusCodePagesMiddleware.Invoke(HttpContext context)
   at ABB.Web.Middleware.JwtMiddleware.Invoke(HttpContext context, IDbContext dbContext)
   at ABB.Web.Middleware.HeaderMiddleware.Invoke(HttpContext context)
   at ABB.Web.Middleware.ErrorHandlerMiddleware.Invoke(HttpContext context)
02/06/2025 21:42:55 +07:00 Controller:Akseptasi | Action:GetKondisiPtg
System.InvalidCastException: Unable to cast object of type 'System.Data.ProviderBase.DbConnectionClosedConnecting' to type 'System.Data.SqlClient.SqlInternalConnectionTds'.
   at System.Data.SqlClient.SqlConnection.TryOpen(TaskCompletionSource`1 retry)
   at System.Data.SqlClient.SqlConnection.OpenAsync(CancellationToken cancellationToken)
--- End of stack trace from previous location where exception was thrown ---
   at Dapper.SqlMapper.QueryAsync[T](IDbConnection cnn, Type effectiveType, CommandDefinition command) in /_/Dapper/SqlMapper.Async.cs:line 418
   at ABB.Infrastructure.Data.DbConnectionFactory.Query[T](String query, Object param) in C:\Users\FORMULATRIX\RiderProjects\Mine\SafeGeneral\ABB.Infrastructure\Data\DbConnectionFactory.cs:line 98
   at ABB.Application.Common.Queries.GetDetailGrupResikoQueryHandler.Handle(GetDetailGrupResikoQuery request, CancellationToken cancellationToken) in C:\Users\FORMULATRIX\RiderProjects\Mine\SafeGeneral\ABB.Application\Common\Queries\GetDetailGrupResikoQuery.cs:line 37
   at ABB.Application.Common.Behaviours.ValidationBehaviour`2.Handle(TRequest request, CancellationToken cancellationToken, RequestHandlerDelegate`1 next) in C:\Users\FORMULATRIX\RiderProjects\Mine\SafeGeneral\ABB.Application\Common\Behaviours\ValidationBehaviour.cs:line 36
   at ABB.Application.Common.Behaviours.UnhandledExceptionBehaviour`2.Handle(TRequest request, CancellationToken cancellationToken, RequestHandlerDelegate`1 next) in C:\Users\FORMULATRIX\RiderProjects\Mine\SafeGeneral\ABB.Application\Common\Behaviours\UnhandledExceptionBehaviour.cs:line 26
   at MediatR.Pipeline.RequestExceptionProcessorBehavior`2.Handle(TRequest request, CancellationToken cancellationToken, RequestHandlerDelegate`1 next)
   at MediatR.Pipeline.RequestExceptionProcessorBehavior`2.Handle(TRequest request, CancellationToken cancellationToken, RequestHandlerDelegate`1 next)
   at MediatR.Pipeline.RequestExceptionActionProcessorBehavior`2.Handle(TRequest request, CancellationToken cancellationToken, RequestHandlerDelegate`1 next)
   at MediatR.Pipeline.RequestExceptionActionProcessorBehavior`2.Handle(TRequest request, CancellationToken cancellationToken, RequestHandlerDelegate`1 next)
   at MediatR.Pipeline.RequestPostProcessorBehavior`2.Handle(TRequest request, CancellationToken cancellationToken, RequestHandlerDelegate`1 next)
   at MediatR.Pipeline.RequestPreProcessorBehavior`2.Handle(TRequest request, CancellationToken cancellationToken, RequestHandlerDelegate`1 next)
   at ABB.Web.Modules.Akseptasi.AkseptasiController.GetKondisiPtg() in C:\Users\FORMULATRIX\RiderProjects\Mine\SafeGeneral\ABB.Web\Modules\Akseptasi\AkseptasiController.cs:line 1451
   at lambda_method(Closure , Object )
   at Microsoft.Extensions.Internal.ObjectMethodExecutorAwaitable.Awaiter.GetResult()
   at Microsoft.AspNetCore.Mvc.Infrastructure.ActionMethodExecutor.TaskOfActionResultExecutor.Execute(IActionResultTypeMapper mapper, ObjectMethodExecutor executor, Object controller, Object[] arguments)
   at Microsoft.AspNetCore.Mvc.Infrastructure.ControllerActionInvoker.<InvokeActionMethodAsync>g__Awaited|12_0(ControllerActionInvoker invoker, ValueTask`1 actionResultValueTask)
   at Microsoft.AspNetCore.Mvc.Infrastructure.ControllerActionInvoker.<InvokeNextActionFilterAsync>g__Awaited|10_0(ControllerActionInvoker invoker, Task lastTask, State next, Scope scope, Object state, Boolean isCompleted)
   at Microsoft.AspNetCore.Mvc.Infrastructure.ControllerActionInvoker.Rethrow(ActionExecutedContextSealed context)
   at Microsoft.AspNetCore.Mvc.Infrastructure.ControllerActionInvoker.Next(State& next, Scope& scope, Object& state, Boolean& isCompleted)
   at Microsoft.AspNetCore.Mvc.Infrastructure.ControllerActionInvoker.InvokeInnerFilterAsync()
--- End of stack trace from previous location where exception was thrown ---
   at Microsoft.AspNetCore.Mvc.Infrastructure.ResourceInvoker.<InvokeNextResourceFilter>g__Awaited|24_0(ResourceInvoker invoker, Task lastTask, State next, Scope scope, Object state, Boolean isCompleted)
   at Microsoft.AspNetCore.Mvc.Infrastructure.ResourceInvoker.Rethrow(ResourceExecutedContextSealed context)
   at Microsoft.AspNetCore.Mvc.Infrastructure.ResourceInvoker.Next(State& next, Scope& scope, Object& state, Boolean& isCompleted)
   at Microsoft.AspNetCore.Mvc.Infrastructure.ResourceInvoker.InvokeFilterPipelineAsync()
--- End of stack trace from previous location where exception was thrown ---
   at Microsoft.AspNetCore.Mvc.Infrastructure.ResourceInvoker.<InvokeAsync>g__Awaited|17_0(ResourceInvoker invoker, Task task, IDisposable scope)
   at Microsoft.AspNetCore.Routing.EndpointMiddleware.<Invoke>g__AwaitRequestTask|6_0(Endpoint endpoint, Task requestTask, ILogger logger)
   at Swashbuckle.AspNetCore.SwaggerUI.SwaggerUIMiddleware.Invoke(HttpContext httpContext)
   at Swashbuckle.AspNetCore.Swagger.SwaggerMiddleware.Invoke(HttpContext httpContext, ISwaggerProvider swaggerProvider)
   at Microsoft.AspNetCore.Authorization.AuthorizationMiddleware.Invoke(HttpContext context)
   at Microsoft.AspNetCore.Authentication.AuthenticationMiddleware.Invoke(HttpContext context)
   at Microsoft.AspNetCore.Diagnostics.StatusCodePagesMiddleware.Invoke(HttpContext context)
   at ABB.Web.Middleware.JwtMiddleware.Invoke(HttpContext context, IDbContext dbContext) in C:\Users\FORMULATRIX\RiderProjects\Mine\SafeGeneral\ABB.Web\Middleware\JwtMiddleware.cs:line 31
   at ABB.Web.Middleware.HeaderMiddleware.Invoke(HttpContext context) in C:\Users\FORMULATRIX\RiderProjects\Mine\SafeGeneral\ABB.Web\Middleware\HeaderMiddleware.cs:line 33
   at ABB.Web.Middleware.ErrorHandlerMiddleware.Invoke(HttpContext context) in C:\Users\FORMULATRIX\RiderProjects\Mine\SafeGeneral\ABB.Web\Middleware\ErrorHandlerMiddleware.cs:line 27
02/06/2025 21:42:55 +07:00 The partial view '"AddOtherCargoDetail"' was not found. Searched locations: ["/Modules/Akseptasi/AddOtherCargoDetail.cshtml", "/Modules/Akseptasi/Views/AddOtherCargoDetail.cshtml", "/Modules/Shared/AddOtherCargoDetail.cshtml"]
02/06/2025 21:42:55 +07:00 Controller:Akseptasi | Action:AddOtherCargoDetail
System.InvalidOperationException: The view 'AddOtherCargoDetail' was not found. The following locations were searched:
/Modules/Akseptasi/AddOtherCargoDetail.cshtml
/Modules/Akseptasi/Views/AddOtherCargoDetail.cshtml
/Modules/Shared/AddOtherCargoDetail.cshtml
   at Microsoft.AspNetCore.Mvc.ViewEngines.ViewEngineResult.EnsureSuccessful(IEnumerable`1 originalLocations)
   at Microsoft.AspNetCore.Mvc.ViewFeatures.PartialViewResultExecutor.ExecuteAsync(ActionContext context, PartialViewResult result)
   at Microsoft.AspNetCore.Mvc.Infrastructure.ResourceInvoker.<InvokeNextResultFilterAsync>g__Awaited|29_0[TFilter,TFilterAsync](ResourceInvoker invoker, Task lastTask, State next, Scope scope, Object state, Boolean isCompleted)
   at Microsoft.AspNetCore.Mvc.Infrastructure.ResourceInvoker.Rethrow(ResultExecutedContextSealed context)
   at Microsoft.AspNetCore.Mvc.Infrastructure.ResourceInvoker.ResultNext[TFilter,TFilterAsync](State& next, Scope& scope, Object& state, Boolean& isCompleted)
   at Microsoft.AspNetCore.Mvc.Infrastructure.ResourceInvoker.InvokeResultFilters()
--- End of stack trace from previous location where exception was thrown ---
   at Microsoft.AspNetCore.Mvc.Infrastructure.ResourceInvoker.<InvokeNextResourceFilter>g__Awaited|24_0(ResourceInvoker invoker, Task lastTask, State next, Scope scope, Object state, Boolean isCompleted)
   at Microsoft.AspNetCore.Mvc.Infrastructure.ResourceInvoker.Rethrow(ResourceExecutedContextSealed context)
   at Microsoft.AspNetCore.Mvc.Infrastructure.ResourceInvoker.Next(State& next, Scope& scope, Object& state, Boolean& isCompleted)
   at Microsoft.AspNetCore.Mvc.Infrastructure.ResourceInvoker.InvokeFilterPipelineAsync()
--- End of stack trace from previous location where exception was thrown ---
   at Microsoft.AspNetCore.Mvc.Infrastructure.ResourceInvoker.<InvokeAsync>g__Awaited|17_0(ResourceInvoker invoker, Task task, IDisposable scope)
   at Microsoft.AspNetCore.Routing.EndpointMiddleware.<Invoke>g__AwaitRequestTask|6_0(Endpoint endpoint, Task requestTask, ILogger logger)
   at Swashbuckle.AspNetCore.SwaggerUI.SwaggerUIMiddleware.Invoke(HttpContext httpContext)
   at Swashbuckle.AspNetCore.Swagger.SwaggerMiddleware.Invoke(HttpContext httpContext, ISwaggerProvider swaggerProvider)
   at Microsoft.AspNetCore.Authorization.AuthorizationMiddleware.Invoke(HttpContext context)
   at Microsoft.AspNetCore.Authentication.AuthenticationMiddleware.Invoke(HttpContext context)
   at Microsoft.AspNetCore.Diagnostics.StatusCodePagesMiddleware.Invoke(HttpContext context)
   at ABB.Web.Middleware.JwtMiddleware.Invoke(HttpContext context, IDbContext dbContext) in C:\Users\FORMULATRIX\RiderProjects\Mine\SafeGeneral\ABB.Web\Middleware\JwtMiddleware.cs:line 31
   at ABB.Web.Middleware.HeaderMiddleware.Invoke(HttpContext context) in C:\Users\FORMULATRIX\RiderProjects\Mine\SafeGeneral\ABB.Web\Middleware\HeaderMiddleware.cs:line 33
   at ABB.Web.Middleware.ErrorHandlerMiddleware.Invoke(HttpContext context) in C:\Users\FORMULATRIX\RiderProjects\Mine\SafeGeneral\ABB.Web\Middleware\ErrorHandlerMiddleware.cs:line 27
