02/01/2025 20:27:58 +07:00 The decimal property '"nilai_prm_mul"' is part of a key on entity type '"BiayaMaterai"'. If the configured precision and scale don't match the column type in the database this will cause values to be silently truncated if they do not fit in the default precision and scale. Consider using a different property as the key or make sure that the database column type matches the model configuration and enable decimal rounding warnings using 'SET NUMERIC_ROUNDABORT ON'.
02/01/2025 20:27:58 +07:00 The decimal property '"nilai_prm_akh"' is part of a key on entity type '"BiayaMaterai"'. If the configured precision and scale don't match the column type in the database this will cause values to be silently truncated if they do not fit in the default precision and scale. Consider using a different property as the key or make sure that the database column type matches the model configuration and enable decimal rounding warnings using 'SET NUMERIC_ROUNDABORT ON'.
02/01/2025 20:27:58 +07:00 No type was specified for the decimal property '"nilai_kurs"' on entity type '"DetailMataUang"'. This will cause values to be silently truncated if they do not fit in the default precision and scale. Explicitly specify the SQL server column type that can accommodate all the values in 'OnModelCreating' using 'HasColumnType()', specify precision and scale using 'HasPrecision()' or configure a value converter using 'HasConversion()'.
02/01/2025 20:27:58 +07:00 No type was specified for the decimal property '"penghasilan"' on entity type '"DetailObligee"'. This will cause values to be silently truncated if they do not fit in the default precision and scale. Explicitly specify the SQL server column type that can accommodate all the values in 'OnModelCreating' using 'HasColumnType()', specify precision and scale using 'HasPrecision()' or configure a value converter using 'HasConversion()'.
02/01/2025 20:27:58 +07:00 No type was specified for the decimal property '"pst_rate_prm"' on entity type '"DetailOkupasi"'. This will cause values to be silently truncated if they do not fit in the default precision and scale. Explicitly specify the SQL server column type that can accommodate all the values in 'OnModelCreating' using 'HasColumnType()', specify precision and scale using 'HasPrecision()' or configure a value converter using 'HasConversion()'.
02/01/2025 20:27:58 +07:00 No type was specified for the decimal property '"penghasilan"' on entity type '"DetailRekanan"'. This will cause values to be silently truncated if they do not fit in the default precision and scale. Explicitly specify the SQL server column type that can accommodate all the values in 'OnModelCreating' using 'HasColumnType()', specify precision and scale using 'HasPrecision()' or configure a value converter using 'HasConversion()'.
02/01/2025 20:27:58 +07:00 No type was specified for the decimal property '"pst_rate_prm"' on entity type '"DetailZona"'. This will cause values to be silently truncated if they do not fit in the default precision and scale. Explicitly specify the SQL server column type that can accommodate all the values in 'OnModelCreating' using 'HasColumnType()', specify precision and scale using 'HasPrecision()' or configure a value converter using 'HasConversion()'.
02/01/2025 20:27:58 +07:00 No type was specified for the decimal property '"nilai_xol"' on entity type '"LevelOtoritas"'. This will cause values to be silently truncated if they do not fit in the default precision and scale. Explicitly specify the SQL server column type that can accommodate all the values in 'OnModelCreating' using 'HasColumnType()', specify precision and scale using 'HasPrecision()' or configure a value converter using 'HasConversion()'.
02/01/2025 20:41:52 +07:00 Error Unhandle : for Request "GetAkseptasiObyeksQuery" GetAkseptasiObyeksQuery { SearchKeyword: null, DatabaseName: "abb_jkt", KodeCabang: "JK50", kd_cob: "F", kd_scob: "0101", kd_thn: "25", no_aks: "00002", no_updt: 0, no_rsk: 0, kd_endt: "I" }
System.InvalidOperationException: The connection was not closed. The connection's current state is open.
   at System.Data.ProviderBase.DbConnectionInternal.TryOpenConnection(DbConnection outerConnection, DbConnectionFactory connectionFactory, TaskCompletionSource`1 retry, DbConnectionOptions userOptions)
   at System.Data.SqlClient.SqlConnection.TryOpen(TaskCompletionSource`1 retry)
   at System.Data.SqlClient.SqlConnection.OpenAsync(CancellationToken cancellationToken)
--- End of stack trace from previous location where exception was thrown ---
   at Dapper.SqlMapper.QueryAsync[T](IDbConnection cnn, Type effectiveType, CommandDefinition command) in /_/Dapper/SqlMapper.Async.cs:line 418
   at ABB.Infrastructure.Data.DbConnectionFactory.Query[T](String query, Object param) in C:\Users\FORMULATRIX\RiderProjects\Mine\SafeGeneral\ABB.Infrastructure\Data\DbConnectionFactory.cs:line 98
   at ABB.Application.Akseptasis.Queries.GetAkseptasiObyeksQueryHandler.Handle(GetAkseptasiObyeksQuery request, CancellationToken cancellationToken) in C:\Users\FORMULATRIX\RiderProjects\Mine\SafeGeneral\ABB.Application\Akseptasis\Queries\GetAkseptasiObyeksQuery.cs:line 44
   at ABB.Application.Common.Behaviours.ValidationBehaviour`2.Handle(TRequest request, CancellationToken cancellationToken, RequestHandlerDelegate`1 next) in C:\Users\FORMULATRIX\RiderProjects\Mine\SafeGeneral\ABB.Application\Common\Behaviours\ValidationBehaviour.cs:line 36
   at ABB.Application.Common.Behaviours.UnhandledExceptionBehaviour`2.Handle(TRequest request, CancellationToken cancellationToken, RequestHandlerDelegate`1 next) in C:\Users\FORMULATRIX\RiderProjects\Mine\SafeGeneral\ABB.Application\Common\Behaviours\UnhandledExceptionBehaviour.cs:line 26
02/01/2025 20:41:52 +07:00 Controller:Akseptasi | Action:GetAkseptasiObyeks
System.InvalidOperationException: The connection was not closed. The connection's current state is open.
   at System.Data.ProviderBase.DbConnectionInternal.TryOpenConnection(DbConnection outerConnection, DbConnectionFactory connectionFactory, TaskCompletionSource`1 retry, DbConnectionOptions userOptions)
   at System.Data.SqlClient.SqlConnection.TryOpen(TaskCompletionSource`1 retry)
   at System.Data.SqlClient.SqlConnection.OpenAsync(CancellationToken cancellationToken)
--- End of stack trace from previous location where exception was thrown ---
   at Dapper.SqlMapper.QueryAsync[T](IDbConnection cnn, Type effectiveType, CommandDefinition command) in /_/Dapper/SqlMapper.Async.cs:line 418
   at ABB.Infrastructure.Data.DbConnectionFactory.Query[T](String query, Object param) in C:\Users\FORMULATRIX\RiderProjects\Mine\SafeGeneral\ABB.Infrastructure\Data\DbConnectionFactory.cs:line 98
   at ABB.Application.Akseptasis.Queries.GetAkseptasiObyeksQueryHandler.Handle(GetAkseptasiObyeksQuery request, CancellationToken cancellationToken) in C:\Users\FORMULATRIX\RiderProjects\Mine\SafeGeneral\ABB.Application\Akseptasis\Queries\GetAkseptasiObyeksQuery.cs:line 44
   at ABB.Application.Common.Behaviours.ValidationBehaviour`2.Handle(TRequest request, CancellationToken cancellationToken, RequestHandlerDelegate`1 next) in C:\Users\FORMULATRIX\RiderProjects\Mine\SafeGeneral\ABB.Application\Common\Behaviours\ValidationBehaviour.cs:line 36
   at ABB.Application.Common.Behaviours.UnhandledExceptionBehaviour`2.Handle(TRequest request, CancellationToken cancellationToken, RequestHandlerDelegate`1 next) in C:\Users\FORMULATRIX\RiderProjects\Mine\SafeGeneral\ABB.Application\Common\Behaviours\UnhandledExceptionBehaviour.cs:line 26
   at MediatR.Pipeline.RequestExceptionProcessorBehavior`2.Handle(TRequest request, CancellationToken cancellationToken, RequestHandlerDelegate`1 next)
   at MediatR.Pipeline.RequestExceptionProcessorBehavior`2.Handle(TRequest request, CancellationToken cancellationToken, RequestHandlerDelegate`1 next)
   at MediatR.Pipeline.RequestExceptionActionProcessorBehavior`2.Handle(TRequest request, CancellationToken cancellationToken, RequestHandlerDelegate`1 next)
   at MediatR.Pipeline.RequestExceptionActionProcessorBehavior`2.Handle(TRequest request, CancellationToken cancellationToken, RequestHandlerDelegate`1 next)
   at MediatR.Pipeline.RequestPostProcessorBehavior`2.Handle(TRequest request, CancellationToken cancellationToken, RequestHandlerDelegate`1 next)
   at MediatR.Pipeline.RequestPreProcessorBehavior`2.Handle(TRequest request, CancellationToken cancellationToken, RequestHandlerDelegate`1 next)
   at ABB.Web.Modules.Akseptasi.AkseptasiController.GetAkseptasiObyeks(DataSourceRequest request, String searchkeyword, String kd_cb, String kd_cob, String kd_scob, String kd_thn, String no_aks, Int16 no_updt, Int16 no_rsk, String kd_endt) in C:\Users\FORMULATRIX\RiderProjects\Mine\SafeGeneral\ABB.Web\Modules\Akseptasi\AkseptasiController.cs:line 591
   at lambda_method(Closure , Object )
   at Microsoft.Extensions.Internal.ObjectMethodExecutorAwaitable.Awaiter.GetResult()
   at Microsoft.AspNetCore.Mvc.Infrastructure.ActionMethodExecutor.TaskOfActionResultExecutor.Execute(IActionResultTypeMapper mapper, ObjectMethodExecutor executor, Object controller, Object[] arguments)
   at Microsoft.AspNetCore.Mvc.Infrastructure.ControllerActionInvoker.<InvokeActionMethodAsync>g__Awaited|12_0(ControllerActionInvoker invoker, ValueTask`1 actionResultValueTask)
   at Microsoft.AspNetCore.Mvc.Infrastructure.ControllerActionInvoker.<InvokeNextActionFilterAsync>g__Awaited|10_0(ControllerActionInvoker invoker, Task lastTask, State next, Scope scope, Object state, Boolean isCompleted)
   at Microsoft.AspNetCore.Mvc.Infrastructure.ControllerActionInvoker.Rethrow(ActionExecutedContextSealed context)
   at Microsoft.AspNetCore.Mvc.Infrastructure.ControllerActionInvoker.Next(State& next, Scope& scope, Object& state, Boolean& isCompleted)
   at Microsoft.AspNetCore.Mvc.Infrastructure.ControllerActionInvoker.InvokeInnerFilterAsync()
--- End of stack trace from previous location where exception was thrown ---
   at Microsoft.AspNetCore.Mvc.Infrastructure.ResourceInvoker.<InvokeNextResourceFilter>g__Awaited|24_0(ResourceInvoker invoker, Task lastTask, State next, Scope scope, Object state, Boolean isCompleted)
   at Microsoft.AspNetCore.Mvc.Infrastructure.ResourceInvoker.Rethrow(ResourceExecutedContextSealed context)
   at Microsoft.AspNetCore.Mvc.Infrastructure.ResourceInvoker.Next(State& next, Scope& scope, Object& state, Boolean& isCompleted)
   at Microsoft.AspNetCore.Mvc.Infrastructure.ResourceInvoker.InvokeFilterPipelineAsync()
--- End of stack trace from previous location where exception was thrown ---
   at Microsoft.AspNetCore.Mvc.Infrastructure.ResourceInvoker.<InvokeAsync>g__Awaited|17_0(ResourceInvoker invoker, Task task, IDisposable scope)
   at Microsoft.AspNetCore.Routing.EndpointMiddleware.<Invoke>g__AwaitRequestTask|6_0(Endpoint endpoint, Task requestTask, ILogger logger)
   at Swashbuckle.AspNetCore.SwaggerUI.SwaggerUIMiddleware.Invoke(HttpContext httpContext)
   at Swashbuckle.AspNetCore.Swagger.SwaggerMiddleware.Invoke(HttpContext httpContext, ISwaggerProvider swaggerProvider)
   at Microsoft.AspNetCore.Authorization.AuthorizationMiddleware.Invoke(HttpContext context)
   at Microsoft.AspNetCore.Authentication.AuthenticationMiddleware.Invoke(HttpContext context)
   at Microsoft.AspNetCore.Diagnostics.StatusCodePagesMiddleware.Invoke(HttpContext context)
   at ABB.Web.Middleware.JwtMiddleware.Invoke(HttpContext context, IDbContext dbContext) in C:\Users\FORMULATRIX\RiderProjects\Mine\SafeGeneral\ABB.Web\Middleware\JwtMiddleware.cs:line 31
   at ABB.Web.Middleware.HeaderMiddleware.Invoke(HttpContext context) in C:\Users\FORMULATRIX\RiderProjects\Mine\SafeGeneral\ABB.Web\Middleware\HeaderMiddleware.cs:line 33
   at ABB.Web.Middleware.ErrorHandlerMiddleware.Invoke(HttpContext context) in C:\Users\FORMULATRIX\RiderProjects\Mine\SafeGeneral\ABB.Web\Middleware\ErrorHandlerMiddleware.cs:line 27
02/01/2025 20:47:09 +07:00 The connection was not closed. The connection's current state is connecting.
System.InvalidOperationException: The connection was not closed. The connection's current state is connecting.
   at System.Data.ProviderBase.DbConnectionClosedConnecting.TryOpenConnection(DbConnection outerConnection, DbConnectionFactory connectionFactory, TaskCompletionSource`1 retry, DbConnectionOptions userOptions)
   at System.Data.SqlClient.SqlConnection.TryOpen(TaskCompletionSource`1 retry)
   at System.Data.SqlClient.SqlConnection.OpenAsync(CancellationToken cancellationToken)
--- End of stack trace from previous location where exception was thrown ---
   at Dapper.SqlMapper.QueryAsync[T](IDbConnection cnn, Type effectiveType, CommandDefinition command) in /_/Dapper/SqlMapper.Async.cs:line 418
   at ABB.Infrastructure.Data.DbConnectionFactory.Query[T](String query, Object param) in C:\Users\FORMULATRIX\RiderProjects\Mine\SafeGeneral\ABB.Infrastructure\Data\DbConnectionFactory.cs:line 98
   at ABB.Application.KapasitasCabangs.Queries.GetCabangQueryHandler.Handle(GetCabangQuery request, CancellationToken cancellationToken) in C:\Users\FORMULATRIX\RiderProjects\Mine\SafeGeneral\ABB.Application\KapasitasCabangs\Queries\GetCabangQuery.cs:line 35
02/01/2025 20:47:09 +07:00 Error Unhandle : for Request "GetCabangQuery" GetCabangQuery { DatabaseName: "abb_jkt" }
System.InvalidOperationException: The connection was not closed. The connection's current state is connecting.
   at System.Data.ProviderBase.DbConnectionClosedConnecting.TryOpenConnection(DbConnection outerConnection, DbConnectionFactory connectionFactory, TaskCompletionSource`1 retry, DbConnectionOptions userOptions)
   at System.Data.SqlClient.SqlConnection.TryOpen(TaskCompletionSource`1 retry)
   at System.Data.SqlClient.SqlConnection.OpenAsync(CancellationToken cancellationToken)
--- End of stack trace from previous location where exception was thrown ---
   at Dapper.SqlMapper.QueryAsync[T](IDbConnection cnn, Type effectiveType, CommandDefinition command) in /_/Dapper/SqlMapper.Async.cs:line 418
   at ABB.Infrastructure.Data.DbConnectionFactory.Query[T](String query, Object param) in C:\Users\FORMULATRIX\RiderProjects\Mine\SafeGeneral\ABB.Infrastructure\Data\DbConnectionFactory.cs:line 98
   at ABB.Application.KapasitasCabangs.Queries.GetCabangQueryHandler.Handle(GetCabangQuery request, CancellationToken cancellationToken) in C:\Users\FORMULATRIX\RiderProjects\Mine\SafeGeneral\ABB.Application\KapasitasCabangs\Queries\GetCabangQuery.cs:line 35
   at ABB.Application.Common.Behaviours.ValidationBehaviour`2.Handle(TRequest request, CancellationToken cancellationToken, RequestHandlerDelegate`1 next) in C:\Users\FORMULATRIX\RiderProjects\Mine\SafeGeneral\ABB.Application\Common\Behaviours\ValidationBehaviour.cs:line 36
   at ABB.Application.Common.Behaviours.UnhandledExceptionBehaviour`2.Handle(TRequest request, CancellationToken cancellationToken, RequestHandlerDelegate`1 next) in C:\Users\FORMULATRIX\RiderProjects\Mine\SafeGeneral\ABB.Application\Common\Behaviours\UnhandledExceptionBehaviour.cs:line 26
02/01/2025 20:47:09 +07:00 Controller:Akseptasi | Action:GetCabang
System.InvalidOperationException: The connection was not closed. The connection's current state is connecting.
   at System.Data.ProviderBase.DbConnectionClosedConnecting.TryOpenConnection(DbConnection outerConnection, DbConnectionFactory connectionFactory, TaskCompletionSource`1 retry, DbConnectionOptions userOptions)
   at System.Data.SqlClient.SqlConnection.TryOpen(TaskCompletionSource`1 retry)
   at System.Data.SqlClient.SqlConnection.OpenAsync(CancellationToken cancellationToken)
--- End of stack trace from previous location where exception was thrown ---
   at Dapper.SqlMapper.QueryAsync[T](IDbConnection cnn, Type effectiveType, CommandDefinition command) in /_/Dapper/SqlMapper.Async.cs:line 418
   at ABB.Infrastructure.Data.DbConnectionFactory.Query[T](String query, Object param) in C:\Users\FORMULATRIX\RiderProjects\Mine\SafeGeneral\ABB.Infrastructure\Data\DbConnectionFactory.cs:line 98
   at ABB.Application.KapasitasCabangs.Queries.GetCabangQueryHandler.Handle(GetCabangQuery request, CancellationToken cancellationToken) in C:\Users\FORMULATRIX\RiderProjects\Mine\SafeGeneral\ABB.Application\KapasitasCabangs\Queries\GetCabangQuery.cs:line 35
   at ABB.Application.Common.Behaviours.ValidationBehaviour`2.Handle(TRequest request, CancellationToken cancellationToken, RequestHandlerDelegate`1 next) in C:\Users\FORMULATRIX\RiderProjects\Mine\SafeGeneral\ABB.Application\Common\Behaviours\ValidationBehaviour.cs:line 36
   at ABB.Application.Common.Behaviours.UnhandledExceptionBehaviour`2.Handle(TRequest request, CancellationToken cancellationToken, RequestHandlerDelegate`1 next) in C:\Users\FORMULATRIX\RiderProjects\Mine\SafeGeneral\ABB.Application\Common\Behaviours\UnhandledExceptionBehaviour.cs:line 26
   at MediatR.Pipeline.RequestExceptionProcessorBehavior`2.Handle(TRequest request, CancellationToken cancellationToken, RequestHandlerDelegate`1 next)
   at MediatR.Pipeline.RequestExceptionProcessorBehavior`2.Handle(TRequest request, CancellationToken cancellationToken, RequestHandlerDelegate`1 next)
   at MediatR.Pipeline.RequestExceptionActionProcessorBehavior`2.Handle(TRequest request, CancellationToken cancellationToken, RequestHandlerDelegate`1 next)
   at MediatR.Pipeline.RequestExceptionActionProcessorBehavior`2.Handle(TRequest request, CancellationToken cancellationToken, RequestHandlerDelegate`1 next)
   at MediatR.Pipeline.RequestPostProcessorBehavior`2.Handle(TRequest request, CancellationToken cancellationToken, RequestHandlerDelegate`1 next)
   at MediatR.Pipeline.RequestPreProcessorBehavior`2.Handle(TRequest request, CancellationToken cancellationToken, RequestHandlerDelegate`1 next)
   at ABB.Web.Modules.Akseptasi.AkseptasiController.GetCabang() in C:\Users\FORMULATRIX\RiderProjects\Mine\SafeGeneral\ABB.Web\Modules\Akseptasi\AkseptasiController.cs:line 104
   at lambda_method(Closure , Object )
   at Microsoft.Extensions.Internal.ObjectMethodExecutorAwaitable.Awaiter.GetResult()
   at Microsoft.AspNetCore.Mvc.Infrastructure.ActionMethodExecutor.TaskOfActionResultExecutor.Execute(IActionResultTypeMapper mapper, ObjectMethodExecutor executor, Object controller, Object[] arguments)
   at Microsoft.AspNetCore.Mvc.Infrastructure.ControllerActionInvoker.<InvokeActionMethodAsync>g__Awaited|12_0(ControllerActionInvoker invoker, ValueTask`1 actionResultValueTask)
   at Microsoft.AspNetCore.Mvc.Infrastructure.ControllerActionInvoker.<InvokeNextActionFilterAsync>g__Awaited|10_0(ControllerActionInvoker invoker, Task lastTask, State next, Scope scope, Object state, Boolean isCompleted)
   at Microsoft.AspNetCore.Mvc.Infrastructure.ControllerActionInvoker.Rethrow(ActionExecutedContextSealed context)
   at Microsoft.AspNetCore.Mvc.Infrastructure.ControllerActionInvoker.Next(State& next, Scope& scope, Object& state, Boolean& isCompleted)
   at Microsoft.AspNetCore.Mvc.Infrastructure.ControllerActionInvoker.InvokeInnerFilterAsync()
--- End of stack trace from previous location where exception was thrown ---
   at Microsoft.AspNetCore.Mvc.Infrastructure.ResourceInvoker.<InvokeNextResourceFilter>g__Awaited|24_0(ResourceInvoker invoker, Task lastTask, State next, Scope scope, Object state, Boolean isCompleted)
   at Microsoft.AspNetCore.Mvc.Infrastructure.ResourceInvoker.Rethrow(ResourceExecutedContextSealed context)
   at Microsoft.AspNetCore.Mvc.Infrastructure.ResourceInvoker.Next(State& next, Scope& scope, Object& state, Boolean& isCompleted)
   at Microsoft.AspNetCore.Mvc.Infrastructure.ResourceInvoker.InvokeFilterPipelineAsync()
--- End of stack trace from previous location where exception was thrown ---
   at Microsoft.AspNetCore.Mvc.Infrastructure.ResourceInvoker.<InvokeAsync>g__Awaited|17_0(ResourceInvoker invoker, Task task, IDisposable scope)
   at Microsoft.AspNetCore.Routing.EndpointMiddleware.<Invoke>g__AwaitRequestTask|6_0(Endpoint endpoint, Task requestTask, ILogger logger)
   at Swashbuckle.AspNetCore.SwaggerUI.SwaggerUIMiddleware.Invoke(HttpContext httpContext)
   at Swashbuckle.AspNetCore.Swagger.SwaggerMiddleware.Invoke(HttpContext httpContext, ISwaggerProvider swaggerProvider)
   at Microsoft.AspNetCore.Authorization.AuthorizationMiddleware.Invoke(HttpContext context)
   at Microsoft.AspNetCore.Authentication.AuthenticationMiddleware.Invoke(HttpContext context)
   at Microsoft.AspNetCore.Diagnostics.StatusCodePagesMiddleware.Invoke(HttpContext context)
   at ABB.Web.Middleware.JwtMiddleware.Invoke(HttpContext context, IDbContext dbContext) in C:\Users\FORMULATRIX\RiderProjects\Mine\SafeGeneral\ABB.Web\Middleware\JwtMiddleware.cs:line 31
   at ABB.Web.Middleware.HeaderMiddleware.Invoke(HttpContext context) in C:\Users\FORMULATRIX\RiderProjects\Mine\SafeGeneral\ABB.Web\Middleware\HeaderMiddleware.cs:line 33
   at ABB.Web.Middleware.ErrorHandlerMiddleware.Invoke(HttpContext context) in C:\Users\FORMULATRIX\RiderProjects\Mine\SafeGeneral\ABB.Web\Middleware\ErrorHandlerMiddleware.cs:line 27
02/01/2025 20:52:17 +07:00 The decimal property '"nilai_prm_mul"' is part of a key on entity type '"BiayaMaterai"'. If the configured precision and scale don't match the column type in the database this will cause values to be silently truncated if they do not fit in the default precision and scale. Consider using a different property as the key or make sure that the database column type matches the model configuration and enable decimal rounding warnings using 'SET NUMERIC_ROUNDABORT ON'.
02/01/2025 20:52:17 +07:00 The decimal property '"nilai_prm_akh"' is part of a key on entity type '"BiayaMaterai"'. If the configured precision and scale don't match the column type in the database this will cause values to be silently truncated if they do not fit in the default precision and scale. Consider using a different property as the key or make sure that the database column type matches the model configuration and enable decimal rounding warnings using 'SET NUMERIC_ROUNDABORT ON'.
02/01/2025 20:52:17 +07:00 No type was specified for the decimal property '"nilai_kurs"' on entity type '"DetailMataUang"'. This will cause values to be silently truncated if they do not fit in the default precision and scale. Explicitly specify the SQL server column type that can accommodate all the values in 'OnModelCreating' using 'HasColumnType()', specify precision and scale using 'HasPrecision()' or configure a value converter using 'HasConversion()'.
02/01/2025 20:52:17 +07:00 No type was specified for the decimal property '"penghasilan"' on entity type '"DetailObligee"'. This will cause values to be silently truncated if they do not fit in the default precision and scale. Explicitly specify the SQL server column type that can accommodate all the values in 'OnModelCreating' using 'HasColumnType()', specify precision and scale using 'HasPrecision()' or configure a value converter using 'HasConversion()'.
02/01/2025 20:52:17 +07:00 No type was specified for the decimal property '"pst_rate_prm"' on entity type '"DetailOkupasi"'. This will cause values to be silently truncated if they do not fit in the default precision and scale. Explicitly specify the SQL server column type that can accommodate all the values in 'OnModelCreating' using 'HasColumnType()', specify precision and scale using 'HasPrecision()' or configure a value converter using 'HasConversion()'.
02/01/2025 20:52:17 +07:00 No type was specified for the decimal property '"penghasilan"' on entity type '"DetailRekanan"'. This will cause values to be silently truncated if they do not fit in the default precision and scale. Explicitly specify the SQL server column type that can accommodate all the values in 'OnModelCreating' using 'HasColumnType()', specify precision and scale using 'HasPrecision()' or configure a value converter using 'HasConversion()'.
02/01/2025 20:52:17 +07:00 No type was specified for the decimal property '"pst_rate_prm"' on entity type '"DetailZona"'. This will cause values to be silently truncated if they do not fit in the default precision and scale. Explicitly specify the SQL server column type that can accommodate all the values in 'OnModelCreating' using 'HasColumnType()', specify precision and scale using 'HasPrecision()' or configure a value converter using 'HasConversion()'.
02/01/2025 20:52:17 +07:00 No type was specified for the decimal property '"nilai_xol"' on entity type '"LevelOtoritas"'. This will cause values to be silently truncated if they do not fit in the default precision and scale. Explicitly specify the SQL server column type that can accommodate all the values in 'OnModelCreating' using 'HasColumnType()', specify precision and scale using 'HasPrecision()' or configure a value converter using 'HasConversion()'.
02/01/2025 20:53:36 +07:00 A task was canceled.
System.Threading.Tasks.TaskCanceledException: A task was canceled.
   at Dapper.SqlMapper.QueryAsync[T](IDbConnection cnn, Type effectiveType, CommandDefinition command) in /_/Dapper/SqlMapper.Async.cs:line 436
   at ABB.Infrastructure.Data.DbConnectionFactory.Query[T](String query, Object param) in C:\Users\FORMULATRIX\RiderProjects\Mine\SafeGeneral\ABB.Infrastructure\Data\DbConnectionFactory.cs:line 98
   at ABB.Application.Akseptasis.Queries.GetLokasiResikoQueryHandler.Handle(GetLokasiResikoQuery request, CancellationToken cancellationToken) in C:\Users\FORMULATRIX\RiderProjects\Mine\SafeGeneral\ABB.Application\Akseptasis\Queries\GetLokasiResikoQuery.cs:line 35
02/01/2025 20:53:36 +07:00 The connection was not closed. The connection's current state is connecting.
System.InvalidOperationException: The connection was not closed. The connection's current state is connecting.
   at System.Data.ProviderBase.DbConnectionClosedConnecting.TryOpenConnection(DbConnection outerConnection, DbConnectionFactory connectionFactory, TaskCompletionSource`1 retry, DbConnectionOptions userOptions)
   at System.Data.SqlClient.SqlConnection.TryOpen(TaskCompletionSource`1 retry)
   at System.Data.SqlClient.SqlConnection.OpenAsync(CancellationToken cancellationToken)
--- End of stack trace from previous location where exception was thrown ---
   at Dapper.SqlMapper.QueryAsync[T](IDbConnection cnn, Type effectiveType, CommandDefinition command) in /_/Dapper/SqlMapper.Async.cs:line 418
   at ABB.Infrastructure.Data.DbConnectionFactory.Query[T](String query, Object param) in C:\Users\FORMULATRIX\RiderProjects\Mine\SafeGeneral\ABB.Infrastructure\Data\DbConnectionFactory.cs:line 98
   at ABB.Application.Akseptasis.Queries.GetKodeZonaQueryHandler.Handle(GetKodeZonaQuery request, CancellationToken cancellationToken) in C:\Users\FORMULATRIX\RiderProjects\Mine\SafeGeneral\ABB.Application\Akseptasis\Queries\GetKodeZonaQuery.cs:line 35
02/01/2025 20:53:36 +07:00 Error Unhandle : for Request "GetKodeZonaQuery" GetKodeZonaQuery { DatabaseName: "abb_jkt" }
System.InvalidOperationException: The connection was not closed. The connection's current state is connecting.
   at System.Data.ProviderBase.DbConnectionClosedConnecting.TryOpenConnection(DbConnection outerConnection, DbConnectionFactory connectionFactory, TaskCompletionSource`1 retry, DbConnectionOptions userOptions)
   at System.Data.SqlClient.SqlConnection.TryOpen(TaskCompletionSource`1 retry)
   at System.Data.SqlClient.SqlConnection.OpenAsync(CancellationToken cancellationToken)
--- End of stack trace from previous location where exception was thrown ---
   at Dapper.SqlMapper.QueryAsync[T](IDbConnection cnn, Type effectiveType, CommandDefinition command) in /_/Dapper/SqlMapper.Async.cs:line 418
   at ABB.Infrastructure.Data.DbConnectionFactory.Query[T](String query, Object param) in C:\Users\FORMULATRIX\RiderProjects\Mine\SafeGeneral\ABB.Infrastructure\Data\DbConnectionFactory.cs:line 98
   at ABB.Application.Akseptasis.Queries.GetKodeZonaQueryHandler.Handle(GetKodeZonaQuery request, CancellationToken cancellationToken) in C:\Users\FORMULATRIX\RiderProjects\Mine\SafeGeneral\ABB.Application\Akseptasis\Queries\GetKodeZonaQuery.cs:line 35
   at ABB.Application.Common.Behaviours.ValidationBehaviour`2.Handle(TRequest request, CancellationToken cancellationToken, RequestHandlerDelegate`1 next) in C:\Users\FORMULATRIX\RiderProjects\Mine\SafeGeneral\ABB.Application\Common\Behaviours\ValidationBehaviour.cs:line 36
   at ABB.Application.Common.Behaviours.UnhandledExceptionBehaviour`2.Handle(TRequest request, CancellationToken cancellationToken, RequestHandlerDelegate`1 next) in C:\Users\FORMULATRIX\RiderProjects\Mine\SafeGeneral\ABB.Application\Common\Behaviours\UnhandledExceptionBehaviour.cs:line 26
02/01/2025 20:53:36 +07:00 Error Unhandle : for Request "GetLokasiResikoQuery" GetLokasiResikoQuery { DatabaseName: "abb_jkt" }
System.Threading.Tasks.TaskCanceledException: A task was canceled.
   at Dapper.SqlMapper.QueryAsync[T](IDbConnection cnn, Type effectiveType, CommandDefinition command) in /_/Dapper/SqlMapper.Async.cs:line 436
   at ABB.Infrastructure.Data.DbConnectionFactory.Query[T](String query, Object param) in C:\Users\FORMULATRIX\RiderProjects\Mine\SafeGeneral\ABB.Infrastructure\Data\DbConnectionFactory.cs:line 98
   at ABB.Application.Akseptasis.Queries.GetLokasiResikoQueryHandler.Handle(GetLokasiResikoQuery request, CancellationToken cancellationToken) in C:\Users\FORMULATRIX\RiderProjects\Mine\SafeGeneral\ABB.Application\Akseptasis\Queries\GetLokasiResikoQuery.cs:line 35
   at ABB.Application.Common.Behaviours.ValidationBehaviour`2.Handle(TRequest request, CancellationToken cancellationToken, RequestHandlerDelegate`1 next) in C:\Users\FORMULATRIX\RiderProjects\Mine\SafeGeneral\ABB.Application\Common\Behaviours\ValidationBehaviour.cs:line 36
   at ABB.Application.Common.Behaviours.UnhandledExceptionBehaviour`2.Handle(TRequest request, CancellationToken cancellationToken, RequestHandlerDelegate`1 next) in C:\Users\FORMULATRIX\RiderProjects\Mine\SafeGeneral\ABB.Application\Common\Behaviours\UnhandledExceptionBehaviour.cs:line 26
02/01/2025 20:53:36 +07:00 Controller:Akseptasi | Action:GetKodeZona
System.InvalidOperationException: The connection was not closed. The connection's current state is connecting.
   at System.Data.ProviderBase.DbConnectionClosedConnecting.TryOpenConnection(DbConnection outerConnection, DbConnectionFactory connectionFactory, TaskCompletionSource`1 retry, DbConnectionOptions userOptions)
   at System.Data.SqlClient.SqlConnection.TryOpen(TaskCompletionSource`1 retry)
   at System.Data.SqlClient.SqlConnection.OpenAsync(CancellationToken cancellationToken)
--- End of stack trace from previous location where exception was thrown ---
   at Dapper.SqlMapper.QueryAsync[T](IDbConnection cnn, Type effectiveType, CommandDefinition command) in /_/Dapper/SqlMapper.Async.cs:line 418
   at ABB.Infrastructure.Data.DbConnectionFactory.Query[T](String query, Object param) in C:\Users\FORMULATRIX\RiderProjects\Mine\SafeGeneral\ABB.Infrastructure\Data\DbConnectionFactory.cs:line 98
   at ABB.Application.Akseptasis.Queries.GetKodeZonaQueryHandler.Handle(GetKodeZonaQuery request, CancellationToken cancellationToken) in C:\Users\FORMULATRIX\RiderProjects\Mine\SafeGeneral\ABB.Application\Akseptasis\Queries\GetKodeZonaQuery.cs:line 35
   at ABB.Application.Common.Behaviours.ValidationBehaviour`2.Handle(TRequest request, CancellationToken cancellationToken, RequestHandlerDelegate`1 next) in C:\Users\FORMULATRIX\RiderProjects\Mine\SafeGeneral\ABB.Application\Common\Behaviours\ValidationBehaviour.cs:line 36
   at ABB.Application.Common.Behaviours.UnhandledExceptionBehaviour`2.Handle(TRequest request, CancellationToken cancellationToken, RequestHandlerDelegate`1 next) in C:\Users\FORMULATRIX\RiderProjects\Mine\SafeGeneral\ABB.Application\Common\Behaviours\UnhandledExceptionBehaviour.cs:line 26
   at MediatR.Pipeline.RequestExceptionProcessorBehavior`2.Handle(TRequest request, CancellationToken cancellationToken, RequestHandlerDelegate`1 next)
   at MediatR.Pipeline.RequestExceptionProcessorBehavior`2.Handle(TRequest request, CancellationToken cancellationToken, RequestHandlerDelegate`1 next)
   at MediatR.Pipeline.RequestExceptionActionProcessorBehavior`2.Handle(TRequest request, CancellationToken cancellationToken, RequestHandlerDelegate`1 next)
   at MediatR.Pipeline.RequestExceptionActionProcessorBehavior`2.Handle(TRequest request, CancellationToken cancellationToken, RequestHandlerDelegate`1 next)
   at MediatR.Pipeline.RequestPostProcessorBehavior`2.Handle(TRequest request, CancellationToken cancellationToken, RequestHandlerDelegate`1 next)
   at MediatR.Pipeline.RequestPreProcessorBehavior`2.Handle(TRequest request, CancellationToken cancellationToken, RequestHandlerDelegate`1 next)
   at ABB.Web.Modules.Akseptasi.AkseptasiController.GetKodeZona() in C:\Users\FORMULATRIX\RiderProjects\Mine\SafeGeneral\ABB.Web\Modules\Akseptasi\AkseptasiController.cs:line 915
   at lambda_method(Closure , Object )
   at Microsoft.Extensions.Internal.ObjectMethodExecutorAwaitable.Awaiter.GetResult()
   at Microsoft.AspNetCore.Mvc.Infrastructure.ActionMethodExecutor.TaskOfActionResultExecutor.Execute(IActionResultTypeMapper mapper, ObjectMethodExecutor executor, Object controller, Object[] arguments)
   at Microsoft.AspNetCore.Mvc.Infrastructure.ControllerActionInvoker.<InvokeActionMethodAsync>g__Awaited|12_0(ControllerActionInvoker invoker, ValueTask`1 actionResultValueTask)
   at Microsoft.AspNetCore.Mvc.Infrastructure.ControllerActionInvoker.<InvokeNextActionFilterAsync>g__Awaited|10_0(ControllerActionInvoker invoker, Task lastTask, State next, Scope scope, Object state, Boolean isCompleted)
   at Microsoft.AspNetCore.Mvc.Infrastructure.ControllerActionInvoker.Rethrow(ActionExecutedContextSealed context)
   at Microsoft.AspNetCore.Mvc.Infrastructure.ControllerActionInvoker.Next(State& next, Scope& scope, Object& state, Boolean& isCompleted)
   at Microsoft.AspNetCore.Mvc.Infrastructure.ControllerActionInvoker.InvokeInnerFilterAsync()
--- End of stack trace from previous location where exception was thrown ---
   at Microsoft.AspNetCore.Mvc.Infrastructure.ResourceInvoker.<InvokeNextResourceFilter>g__Awaited|24_0(ResourceInvoker invoker, Task lastTask, State next, Scope scope, Object state, Boolean isCompleted)
   at Microsoft.AspNetCore.Mvc.Infrastructure.ResourceInvoker.Rethrow(ResourceExecutedContextSealed context)
   at Microsoft.AspNetCore.Mvc.Infrastructure.ResourceInvoker.Next(State& next, Scope& scope, Object& state, Boolean& isCompleted)
   at Microsoft.AspNetCore.Mvc.Infrastructure.ResourceInvoker.InvokeFilterPipelineAsync()
--- End of stack trace from previous location where exception was thrown ---
   at Microsoft.AspNetCore.Mvc.Infrastructure.ResourceInvoker.<InvokeAsync>g__Awaited|17_0(ResourceInvoker invoker, Task task, IDisposable scope)
   at Microsoft.AspNetCore.Routing.EndpointMiddleware.<Invoke>g__AwaitRequestTask|6_0(Endpoint endpoint, Task requestTask, ILogger logger)
   at Swashbuckle.AspNetCore.SwaggerUI.SwaggerUIMiddleware.Invoke(HttpContext httpContext)
   at Swashbuckle.AspNetCore.Swagger.SwaggerMiddleware.Invoke(HttpContext httpContext, ISwaggerProvider swaggerProvider)
   at Microsoft.AspNetCore.Authorization.AuthorizationMiddleware.Invoke(HttpContext context)
   at Microsoft.AspNetCore.Authentication.AuthenticationMiddleware.Invoke(HttpContext context)
   at Microsoft.AspNetCore.Diagnostics.StatusCodePagesMiddleware.Invoke(HttpContext context)
   at ABB.Web.Middleware.JwtMiddleware.Invoke(HttpContext context, IDbContext dbContext) in C:\Users\FORMULATRIX\RiderProjects\Mine\SafeGeneral\ABB.Web\Middleware\JwtMiddleware.cs:line 31
   at ABB.Web.Middleware.HeaderMiddleware.Invoke(HttpContext context) in C:\Users\FORMULATRIX\RiderProjects\Mine\SafeGeneral\ABB.Web\Middleware\HeaderMiddleware.cs:line 33
   at ABB.Web.Middleware.ErrorHandlerMiddleware.Invoke(HttpContext context) in C:\Users\FORMULATRIX\RiderProjects\Mine\SafeGeneral\ABB.Web\Middleware\ErrorHandlerMiddleware.cs:line 27
02/01/2025 20:53:36 +07:00 Controller:Akseptasi | Action:GetLokasiResiko
System.Threading.Tasks.TaskCanceledException: A task was canceled.
   at Dapper.SqlMapper.QueryAsync[T](IDbConnection cnn, Type effectiveType, CommandDefinition command) in /_/Dapper/SqlMapper.Async.cs:line 436
   at ABB.Infrastructure.Data.DbConnectionFactory.Query[T](String query, Object param) in C:\Users\FORMULATRIX\RiderProjects\Mine\SafeGeneral\ABB.Infrastructure\Data\DbConnectionFactory.cs:line 98
   at ABB.Application.Akseptasis.Queries.GetLokasiResikoQueryHandler.Handle(GetLokasiResikoQuery request, CancellationToken cancellationToken) in C:\Users\FORMULATRIX\RiderProjects\Mine\SafeGeneral\ABB.Application\Akseptasis\Queries\GetLokasiResikoQuery.cs:line 35
   at ABB.Application.Common.Behaviours.ValidationBehaviour`2.Handle(TRequest request, CancellationToken cancellationToken, RequestHandlerDelegate`1 next) in C:\Users\FORMULATRIX\RiderProjects\Mine\SafeGeneral\ABB.Application\Common\Behaviours\ValidationBehaviour.cs:line 36
   at ABB.Application.Common.Behaviours.UnhandledExceptionBehaviour`2.Handle(TRequest request, CancellationToken cancellationToken, RequestHandlerDelegate`1 next) in C:\Users\FORMULATRIX\RiderProjects\Mine\SafeGeneral\ABB.Application\Common\Behaviours\UnhandledExceptionBehaviour.cs:line 26
   at MediatR.Pipeline.RequestExceptionProcessorBehavior`2.Handle(TRequest request, CancellationToken cancellationToken, RequestHandlerDelegate`1 next)
   at MediatR.Pipeline.RequestExceptionProcessorBehavior`2.Handle(TRequest request, CancellationToken cancellationToken, RequestHandlerDelegate`1 next)
   at MediatR.Pipeline.RequestExceptionActionProcessorBehavior`2.Handle(TRequest request, CancellationToken cancellationToken, RequestHandlerDelegate`1 next)
   at MediatR.Pipeline.RequestExceptionActionProcessorBehavior`2.Handle(TRequest request, CancellationToken cancellationToken, RequestHandlerDelegate`1 next)
   at MediatR.Pipeline.RequestPostProcessorBehavior`2.Handle(TRequest request, CancellationToken cancellationToken, RequestHandlerDelegate`1 next)
   at MediatR.Pipeline.RequestPreProcessorBehavior`2.Handle(TRequest request, CancellationToken cancellationToken, RequestHandlerDelegate`1 next)
   at ABB.Web.Modules.Akseptasi.AkseptasiController.GetLokasiResiko() in C:\Users\FORMULATRIX\RiderProjects\Mine\SafeGeneral\ABB.Web\Modules\Akseptasi\AkseptasiController.cs:line 925
   at lambda_method(Closure , Object )
   at Microsoft.Extensions.Internal.ObjectMethodExecutorAwaitable.Awaiter.GetResult()
   at Microsoft.AspNetCore.Mvc.Infrastructure.ActionMethodExecutor.TaskOfActionResultExecutor.Execute(IActionResultTypeMapper mapper, ObjectMethodExecutor executor, Object controller, Object[] arguments)
   at Microsoft.AspNetCore.Mvc.Infrastructure.ControllerActionInvoker.<InvokeActionMethodAsync>g__Awaited|12_0(ControllerActionInvoker invoker, ValueTask`1 actionResultValueTask)
   at Microsoft.AspNetCore.Mvc.Infrastructure.ControllerActionInvoker.<InvokeNextActionFilterAsync>g__Awaited|10_0(ControllerActionInvoker invoker, Task lastTask, State next, Scope scope, Object state, Boolean isCompleted)
   at Microsoft.AspNetCore.Mvc.Infrastructure.ControllerActionInvoker.Rethrow(ActionExecutedContextSealed context)
   at Microsoft.AspNetCore.Mvc.Infrastructure.ControllerActionInvoker.Next(State& next, Scope& scope, Object& state, Boolean& isCompleted)
   at Microsoft.AspNetCore.Mvc.Infrastructure.ControllerActionInvoker.<InvokeInnerFilterAsync>g__Awaited|13_0(ControllerActionInvoker invoker, Task lastTask, State next, Scope scope, Object state, Boolean isCompleted)
   at Microsoft.AspNetCore.Mvc.Infrastructure.ResourceInvoker.<InvokeNextResourceFilter>g__Awaited|24_0(ResourceInvoker invoker, Task lastTask, State next, Scope scope, Object state, Boolean isCompleted)
   at Microsoft.AspNetCore.Mvc.Infrastructure.ResourceInvoker.Rethrow(ResourceExecutedContextSealed context)
   at Microsoft.AspNetCore.Mvc.Infrastructure.ResourceInvoker.Next(State& next, Scope& scope, Object& state, Boolean& isCompleted)
   at Microsoft.AspNetCore.Mvc.Infrastructure.ResourceInvoker.<InvokeFilterPipelineAsync>g__Awaited|19_0(ResourceInvoker invoker, Task lastTask, State next, Scope scope, Object state, Boolean isCompleted)
   at Microsoft.AspNetCore.Mvc.Infrastructure.ResourceInvoker.<InvokeAsync>g__Awaited|17_0(ResourceInvoker invoker, Task task, IDisposable scope)
   at Microsoft.AspNetCore.Routing.EndpointMiddleware.<Invoke>g__AwaitRequestTask|6_0(Endpoint endpoint, Task requestTask, ILogger logger)
   at Swashbuckle.AspNetCore.SwaggerUI.SwaggerUIMiddleware.Invoke(HttpContext httpContext)
   at Swashbuckle.AspNetCore.Swagger.SwaggerMiddleware.Invoke(HttpContext httpContext, ISwaggerProvider swaggerProvider)
   at Microsoft.AspNetCore.Authorization.AuthorizationMiddleware.Invoke(HttpContext context)
   at Microsoft.AspNetCore.Authentication.AuthenticationMiddleware.Invoke(HttpContext context)
   at Microsoft.AspNetCore.Diagnostics.StatusCodePagesMiddleware.Invoke(HttpContext context)
   at ABB.Web.Middleware.JwtMiddleware.Invoke(HttpContext context, IDbContext dbContext) in C:\Users\FORMULATRIX\RiderProjects\Mine\SafeGeneral\ABB.Web\Middleware\JwtMiddleware.cs:line 31
   at ABB.Web.Middleware.HeaderMiddleware.Invoke(HttpContext context) in C:\Users\FORMULATRIX\RiderProjects\Mine\SafeGeneral\ABB.Web\Middleware\HeaderMiddleware.cs:line 33
   at ABB.Web.Middleware.ErrorHandlerMiddleware.Invoke(HttpContext context) in C:\Users\FORMULATRIX\RiderProjects\Mine\SafeGeneral\ABB.Web\Middleware\ErrorHandlerMiddleware.cs:line 27
02/01/2025 20:55:34 +07:00 The decimal property '"nilai_prm_mul"' is part of a key on entity type '"BiayaMaterai"'. If the configured precision and scale don't match the column type in the database this will cause values to be silently truncated if they do not fit in the default precision and scale. Consider using a different property as the key or make sure that the database column type matches the model configuration and enable decimal rounding warnings using 'SET NUMERIC_ROUNDABORT ON'.
02/01/2025 20:55:34 +07:00 The decimal property '"nilai_prm_akh"' is part of a key on entity type '"BiayaMaterai"'. If the configured precision and scale don't match the column type in the database this will cause values to be silently truncated if they do not fit in the default precision and scale. Consider using a different property as the key or make sure that the database column type matches the model configuration and enable decimal rounding warnings using 'SET NUMERIC_ROUNDABORT ON'.
02/01/2025 20:55:34 +07:00 No type was specified for the decimal property '"nilai_kurs"' on entity type '"DetailMataUang"'. This will cause values to be silently truncated if they do not fit in the default precision and scale. Explicitly specify the SQL server column type that can accommodate all the values in 'OnModelCreating' using 'HasColumnType()', specify precision and scale using 'HasPrecision()' or configure a value converter using 'HasConversion()'.
02/01/2025 20:55:34 +07:00 No type was specified for the decimal property '"penghasilan"' on entity type '"DetailObligee"'. This will cause values to be silently truncated if they do not fit in the default precision and scale. Explicitly specify the SQL server column type that can accommodate all the values in 'OnModelCreating' using 'HasColumnType()', specify precision and scale using 'HasPrecision()' or configure a value converter using 'HasConversion()'.
02/01/2025 20:55:34 +07:00 No type was specified for the decimal property '"pst_rate_prm"' on entity type '"DetailOkupasi"'. This will cause values to be silently truncated if they do not fit in the default precision and scale. Explicitly specify the SQL server column type that can accommodate all the values in 'OnModelCreating' using 'HasColumnType()', specify precision and scale using 'HasPrecision()' or configure a value converter using 'HasConversion()'.
02/01/2025 20:55:34 +07:00 No type was specified for the decimal property '"penghasilan"' on entity type '"DetailRekanan"'. This will cause values to be silently truncated if they do not fit in the default precision and scale. Explicitly specify the SQL server column type that can accommodate all the values in 'OnModelCreating' using 'HasColumnType()', specify precision and scale using 'HasPrecision()' or configure a value converter using 'HasConversion()'.
02/01/2025 20:55:34 +07:00 No type was specified for the decimal property '"pst_rate_prm"' on entity type '"DetailZona"'. This will cause values to be silently truncated if they do not fit in the default precision and scale. Explicitly specify the SQL server column type that can accommodate all the values in 'OnModelCreating' using 'HasColumnType()', specify precision and scale using 'HasPrecision()' or configure a value converter using 'HasConversion()'.
02/01/2025 20:55:34 +07:00 No type was specified for the decimal property '"nilai_xol"' on entity type '"LevelOtoritas"'. This will cause values to be silently truncated if they do not fit in the default precision and scale. Explicitly specify the SQL server column type that can accommodate all the values in 'OnModelCreating' using 'HasColumnType()', specify precision and scale using 'HasPrecision()' or configure a value converter using 'HasConversion()'.
02/01/2025 20:57:25 +07:00 The connection was not closed. The connection's current state is connecting.
System.InvalidOperationException: The connection was not closed. The connection's current state is connecting.
   at System.Data.ProviderBase.DbConnectionClosedConnecting.TryOpenConnection(DbConnection outerConnection, DbConnectionFactory connectionFactory, TaskCompletionSource`1 retry, DbConnectionOptions userOptions)
   at System.Data.SqlClient.SqlConnection.TryOpen(TaskCompletionSource`1 retry)
   at System.Data.SqlClient.SqlConnection.OpenAsync(CancellationToken cancellationToken)
--- End of stack trace from previous location where exception was thrown ---
   at Dapper.SqlMapper.QueryAsync[T](IDbConnection cnn, Type effectiveType, CommandDefinition command) in /_/Dapper/SqlMapper.Async.cs:line 418
   at ABB.Infrastructure.Data.DbConnectionFactory.Query[T](String query, Object param) in C:\Users\FORMULATRIX\RiderProjects\Mine\SafeGeneral\ABB.Infrastructure\Data\DbConnectionFactory.cs:line 98
   at ABB.Application.Akseptasis.Queries.GetKodeKelasKonstruksiQueryHandler.Handle(GetKodeKelasKonstruksiQuery request, CancellationToken cancellationToken) in C:\Users\FORMULATRIX\RiderProjects\Mine\SafeGeneral\ABB.Application\Akseptasis\Queries\GetKodeKelasKonstruksiQuery.cs:line 35
02/01/2025 20:57:25 +07:00 Error Unhandle : for Request "GetKodeKelasKonstruksiQuery" GetKodeKelasKonstruksiQuery { DatabaseName: "abb_jkt" }
System.InvalidOperationException: The connection was not closed. The connection's current state is connecting.
   at System.Data.ProviderBase.DbConnectionClosedConnecting.TryOpenConnection(DbConnection outerConnection, DbConnectionFactory connectionFactory, TaskCompletionSource`1 retry, DbConnectionOptions userOptions)
   at System.Data.SqlClient.SqlConnection.TryOpen(TaskCompletionSource`1 retry)
   at System.Data.SqlClient.SqlConnection.OpenAsync(CancellationToken cancellationToken)
--- End of stack trace from previous location where exception was thrown ---
   at Dapper.SqlMapper.QueryAsync[T](IDbConnection cnn, Type effectiveType, CommandDefinition command) in /_/Dapper/SqlMapper.Async.cs:line 418
   at ABB.Infrastructure.Data.DbConnectionFactory.Query[T](String query, Object param) in C:\Users\FORMULATRIX\RiderProjects\Mine\SafeGeneral\ABB.Infrastructure\Data\DbConnectionFactory.cs:line 98
   at ABB.Application.Akseptasis.Queries.GetKodeKelasKonstruksiQueryHandler.Handle(GetKodeKelasKonstruksiQuery request, CancellationToken cancellationToken) in C:\Users\FORMULATRIX\RiderProjects\Mine\SafeGeneral\ABB.Application\Akseptasis\Queries\GetKodeKelasKonstruksiQuery.cs:line 35
   at ABB.Application.Common.Behaviours.ValidationBehaviour`2.Handle(TRequest request, CancellationToken cancellationToken, RequestHandlerDelegate`1 next) in C:\Users\FORMULATRIX\RiderProjects\Mine\SafeGeneral\ABB.Application\Common\Behaviours\ValidationBehaviour.cs:line 36
   at ABB.Application.Common.Behaviours.UnhandledExceptionBehaviour`2.Handle(TRequest request, CancellationToken cancellationToken, RequestHandlerDelegate`1 next) in C:\Users\FORMULATRIX\RiderProjects\Mine\SafeGeneral\ABB.Application\Common\Behaviours\UnhandledExceptionBehaviour.cs:line 26
02/01/2025 20:57:25 +07:00 Controller:Akseptasi | Action:GetKodeKelasKonstruksi
System.InvalidOperationException: The connection was not closed. The connection's current state is connecting.
   at System.Data.ProviderBase.DbConnectionClosedConnecting.TryOpenConnection(DbConnection outerConnection, DbConnectionFactory connectionFactory, TaskCompletionSource`1 retry, DbConnectionOptions userOptions)
   at System.Data.SqlClient.SqlConnection.TryOpen(TaskCompletionSource`1 retry)
   at System.Data.SqlClient.SqlConnection.OpenAsync(CancellationToken cancellationToken)
--- End of stack trace from previous location where exception was thrown ---
   at Dapper.SqlMapper.QueryAsync[T](IDbConnection cnn, Type effectiveType, CommandDefinition command) in /_/Dapper/SqlMapper.Async.cs:line 418
   at ABB.Infrastructure.Data.DbConnectionFactory.Query[T](String query, Object param) in C:\Users\FORMULATRIX\RiderProjects\Mine\SafeGeneral\ABB.Infrastructure\Data\DbConnectionFactory.cs:line 98
   at ABB.Application.Akseptasis.Queries.GetKodeKelasKonstruksiQueryHandler.Handle(GetKodeKelasKonstruksiQuery request, CancellationToken cancellationToken) in C:\Users\FORMULATRIX\RiderProjects\Mine\SafeGeneral\ABB.Application\Akseptasis\Queries\GetKodeKelasKonstruksiQuery.cs:line 35
   at ABB.Application.Common.Behaviours.ValidationBehaviour`2.Handle(TRequest request, CancellationToken cancellationToken, RequestHandlerDelegate`1 next) in C:\Users\FORMULATRIX\RiderProjects\Mine\SafeGeneral\ABB.Application\Common\Behaviours\ValidationBehaviour.cs:line 36
   at ABB.Application.Common.Behaviours.UnhandledExceptionBehaviour`2.Handle(TRequest request, CancellationToken cancellationToken, RequestHandlerDelegate`1 next) in C:\Users\FORMULATRIX\RiderProjects\Mine\SafeGeneral\ABB.Application\Common\Behaviours\UnhandledExceptionBehaviour.cs:line 26
   at MediatR.Pipeline.RequestExceptionProcessorBehavior`2.Handle(TRequest request, CancellationToken cancellationToken, RequestHandlerDelegate`1 next)
   at MediatR.Pipeline.RequestExceptionProcessorBehavior`2.Handle(TRequest request, CancellationToken cancellationToken, RequestHandlerDelegate`1 next)
   at MediatR.Pipeline.RequestExceptionActionProcessorBehavior`2.Handle(TRequest request, CancellationToken cancellationToken, RequestHandlerDelegate`1 next)
   at MediatR.Pipeline.RequestExceptionActionProcessorBehavior`2.Handle(TRequest request, CancellationToken cancellationToken, RequestHandlerDelegate`1 next)
   at MediatR.Pipeline.RequestPostProcessorBehavior`2.Handle(TRequest request, CancellationToken cancellationToken, RequestHandlerDelegate`1 next)
   at MediatR.Pipeline.RequestPreProcessorBehavior`2.Handle(TRequest request, CancellationToken cancellationToken, RequestHandlerDelegate`1 next)
   at ABB.Web.Modules.Akseptasi.AkseptasiController.GetKodeKelasKonstruksi() in C:\Users\FORMULATRIX\RiderProjects\Mine\SafeGeneral\ABB.Web\Modules\Akseptasi\AkseptasiController.cs:line 1001
   at lambda_method(Closure , Object )
   at Microsoft.Extensions.Internal.ObjectMethodExecutorAwaitable.Awaiter.GetResult()
   at Microsoft.AspNetCore.Mvc.Infrastructure.ActionMethodExecutor.TaskOfActionResultExecutor.Execute(IActionResultTypeMapper mapper, ObjectMethodExecutor executor, Object controller, Object[] arguments)
   at Microsoft.AspNetCore.Mvc.Infrastructure.ControllerActionInvoker.<InvokeActionMethodAsync>g__Awaited|12_0(ControllerActionInvoker invoker, ValueTask`1 actionResultValueTask)
   at Microsoft.AspNetCore.Mvc.Infrastructure.ControllerActionInvoker.<InvokeNextActionFilterAsync>g__Awaited|10_0(ControllerActionInvoker invoker, Task lastTask, State next, Scope scope, Object state, Boolean isCompleted)
   at Microsoft.AspNetCore.Mvc.Infrastructure.ControllerActionInvoker.Rethrow(ActionExecutedContextSealed context)
   at Microsoft.AspNetCore.Mvc.Infrastructure.ControllerActionInvoker.Next(State& next, Scope& scope, Object& state, Boolean& isCompleted)
   at Microsoft.AspNetCore.Mvc.Infrastructure.ControllerActionInvoker.InvokeInnerFilterAsync()
--- End of stack trace from previous location where exception was thrown ---
   at Microsoft.AspNetCore.Mvc.Infrastructure.ResourceInvoker.<InvokeNextResourceFilter>g__Awaited|24_0(ResourceInvoker invoker, Task lastTask, State next, Scope scope, Object state, Boolean isCompleted)
   at Microsoft.AspNetCore.Mvc.Infrastructure.ResourceInvoker.Rethrow(ResourceExecutedContextSealed context)
   at Microsoft.AspNetCore.Mvc.Infrastructure.ResourceInvoker.Next(State& next, Scope& scope, Object& state, Boolean& isCompleted)
   at Microsoft.AspNetCore.Mvc.Infrastructure.ResourceInvoker.InvokeFilterPipelineAsync()
--- End of stack trace from previous location where exception was thrown ---
   at Microsoft.AspNetCore.Mvc.Infrastructure.ResourceInvoker.<InvokeAsync>g__Awaited|17_0(ResourceInvoker invoker, Task task, IDisposable scope)
   at Microsoft.AspNetCore.Routing.EndpointMiddleware.<Invoke>g__AwaitRequestTask|6_0(Endpoint endpoint, Task requestTask, ILogger logger)
   at Swashbuckle.AspNetCore.SwaggerUI.SwaggerUIMiddleware.Invoke(HttpContext httpContext)
   at Swashbuckle.AspNetCore.Swagger.SwaggerMiddleware.Invoke(HttpContext httpContext, ISwaggerProvider swaggerProvider)
   at Microsoft.AspNetCore.Authorization.AuthorizationMiddleware.Invoke(HttpContext context)
   at Microsoft.AspNetCore.Authentication.AuthenticationMiddleware.Invoke(HttpContext context)
   at Microsoft.AspNetCore.Diagnostics.StatusCodePagesMiddleware.Invoke(HttpContext context)
   at ABB.Web.Middleware.JwtMiddleware.Invoke(HttpContext context, IDbContext dbContext) in C:\Users\FORMULATRIX\RiderProjects\Mine\SafeGeneral\ABB.Web\Middleware\JwtMiddleware.cs:line 31
   at ABB.Web.Middleware.HeaderMiddleware.Invoke(HttpContext context) in C:\Users\FORMULATRIX\RiderProjects\Mine\SafeGeneral\ABB.Web\Middleware\HeaderMiddleware.cs:line 33
   at ABB.Web.Middleware.ErrorHandlerMiddleware.Invoke(HttpContext context) in C:\Users\FORMULATRIX\RiderProjects\Mine\SafeGeneral\ABB.Web\Middleware\ErrorHandlerMiddleware.cs:line 27
02/01/2025 20:58:17 +07:00 Unable to cast object of type 'System.Data.ProviderBase.DbConnectionClosedConnecting' to type 'System.Data.SqlClient.SqlInternalConnectionTds'.
System.InvalidCastException: Unable to cast object of type 'System.Data.ProviderBase.DbConnectionClosedConnecting' to type 'System.Data.SqlClient.SqlInternalConnectionTds'.
   at System.Data.SqlClient.SqlConnection.TryOpen(TaskCompletionSource`1 retry)
   at System.Data.SqlClient.SqlConnection.OpenAsync(CancellationToken cancellationToken)
--- End of stack trace from previous location where exception was thrown ---
   at Dapper.SqlMapper.QueryAsync[T](IDbConnection cnn, Type effectiveType, CommandDefinition command) in /_/Dapper/SqlMapper.Async.cs:line 418
   at ABB.Infrastructure.Data.DbConnectionFactory.Query[T](String query, Object param) in C:\Users\FORMULATRIX\RiderProjects\Mine\SafeGeneral\ABB.Infrastructure\Data\DbConnectionFactory.cs:line 98
   at ABB.Application.Akseptasis.Queries.GetKodeKodeOkupasiQueryHandler.Handle(GetKodeKodeOkupasiQuery request, CancellationToken cancellationToken) in C:\Users\FORMULATRIX\RiderProjects\Mine\SafeGeneral\ABB.Application\Akseptasis\Queries\GetKodeKodeOkupasiQuery.cs:line 35
02/01/2025 20:58:17 +07:00 Error Unhandle : for Request "GetKodeKodeOkupasiQuery" GetKodeKodeOkupasiQuery { DatabaseName: "abb_jkt" }
System.InvalidCastException: Unable to cast object of type 'System.Data.ProviderBase.DbConnectionClosedConnecting' to type 'System.Data.SqlClient.SqlInternalConnectionTds'.
   at System.Data.SqlClient.SqlConnection.TryOpen(TaskCompletionSource`1 retry)
   at System.Data.SqlClient.SqlConnection.OpenAsync(CancellationToken cancellationToken)
--- End of stack trace from previous location where exception was thrown ---
   at Dapper.SqlMapper.QueryAsync[T](IDbConnection cnn, Type effectiveType, CommandDefinition command) in /_/Dapper/SqlMapper.Async.cs:line 418
   at ABB.Infrastructure.Data.DbConnectionFactory.Query[T](String query, Object param) in C:\Users\FORMULATRIX\RiderProjects\Mine\SafeGeneral\ABB.Infrastructure\Data\DbConnectionFactory.cs:line 98
   at ABB.Application.Akseptasis.Queries.GetKodeKodeOkupasiQueryHandler.Handle(GetKodeKodeOkupasiQuery request, CancellationToken cancellationToken) in C:\Users\FORMULATRIX\RiderProjects\Mine\SafeGeneral\ABB.Application\Akseptasis\Queries\GetKodeKodeOkupasiQuery.cs:line 35
   at ABB.Application.Common.Behaviours.ValidationBehaviour`2.Handle(TRequest request, CancellationToken cancellationToken, RequestHandlerDelegate`1 next) in C:\Users\FORMULATRIX\RiderProjects\Mine\SafeGeneral\ABB.Application\Common\Behaviours\ValidationBehaviour.cs:line 36
   at ABB.Application.Common.Behaviours.UnhandledExceptionBehaviour`2.Handle(TRequest request, CancellationToken cancellationToken, RequestHandlerDelegate`1 next) in C:\Users\FORMULATRIX\RiderProjects\Mine\SafeGeneral\ABB.Application\Common\Behaviours\UnhandledExceptionBehaviour.cs:line 26
02/01/2025 20:58:17 +07:00 Controller:Akseptasi | Action:GetKodeKodeOkupasi
System.InvalidCastException: Unable to cast object of type 'System.Data.ProviderBase.DbConnectionClosedConnecting' to type 'System.Data.SqlClient.SqlInternalConnectionTds'.
   at System.Data.SqlClient.SqlConnection.TryOpen(TaskCompletionSource`1 retry)
   at System.Data.SqlClient.SqlConnection.OpenAsync(CancellationToken cancellationToken)
--- End of stack trace from previous location where exception was thrown ---
   at Dapper.SqlMapper.QueryAsync[T](IDbConnection cnn, Type effectiveType, CommandDefinition command) in /_/Dapper/SqlMapper.Async.cs:line 418
   at ABB.Infrastructure.Data.DbConnectionFactory.Query[T](String query, Object param) in C:\Users\FORMULATRIX\RiderProjects\Mine\SafeGeneral\ABB.Infrastructure\Data\DbConnectionFactory.cs:line 98
   at ABB.Application.Akseptasis.Queries.GetKodeKodeOkupasiQueryHandler.Handle(GetKodeKodeOkupasiQuery request, CancellationToken cancellationToken) in C:\Users\FORMULATRIX\RiderProjects\Mine\SafeGeneral\ABB.Application\Akseptasis\Queries\GetKodeKodeOkupasiQuery.cs:line 35
   at ABB.Application.Common.Behaviours.ValidationBehaviour`2.Handle(TRequest request, CancellationToken cancellationToken, RequestHandlerDelegate`1 next) in C:\Users\FORMULATRIX\RiderProjects\Mine\SafeGeneral\ABB.Application\Common\Behaviours\ValidationBehaviour.cs:line 36
   at ABB.Application.Common.Behaviours.UnhandledExceptionBehaviour`2.Handle(TRequest request, CancellationToken cancellationToken, RequestHandlerDelegate`1 next) in C:\Users\FORMULATRIX\RiderProjects\Mine\SafeGeneral\ABB.Application\Common\Behaviours\UnhandledExceptionBehaviour.cs:line 26
   at MediatR.Pipeline.RequestExceptionProcessorBehavior`2.Handle(TRequest request, CancellationToken cancellationToken, RequestHandlerDelegate`1 next)
   at MediatR.Pipeline.RequestExceptionProcessorBehavior`2.Handle(TRequest request, CancellationToken cancellationToken, RequestHandlerDelegate`1 next)
   at MediatR.Pipeline.RequestExceptionActionProcessorBehavior`2.Handle(TRequest request, CancellationToken cancellationToken, RequestHandlerDelegate`1 next)
   at MediatR.Pipeline.RequestExceptionActionProcessorBehavior`2.Handle(TRequest request, CancellationToken cancellationToken, RequestHandlerDelegate`1 next)
   at MediatR.Pipeline.RequestPostProcessorBehavior`2.Handle(TRequest request, CancellationToken cancellationToken, RequestHandlerDelegate`1 next)
   at MediatR.Pipeline.RequestPreProcessorBehavior`2.Handle(TRequest request, CancellationToken cancellationToken, RequestHandlerDelegate`1 next)
   at ABB.Web.Modules.Akseptasi.AkseptasiController.GetKodeKodeOkupasi() in C:\Users\FORMULATRIX\RiderProjects\Mine\SafeGeneral\ABB.Web\Modules\Akseptasi\AkseptasiController.cs:line 1011
   at lambda_method(Closure , Object )
   at Microsoft.Extensions.Internal.ObjectMethodExecutorAwaitable.Awaiter.GetResult()
   at Microsoft.AspNetCore.Mvc.Infrastructure.ActionMethodExecutor.TaskOfActionResultExecutor.Execute(IActionResultTypeMapper mapper, ObjectMethodExecutor executor, Object controller, Object[] arguments)
   at Microsoft.AspNetCore.Mvc.Infrastructure.ControllerActionInvoker.<InvokeActionMethodAsync>g__Awaited|12_0(ControllerActionInvoker invoker, ValueTask`1 actionResultValueTask)
   at Microsoft.AspNetCore.Mvc.Infrastructure.ControllerActionInvoker.<InvokeNextActionFilterAsync>g__Awaited|10_0(ControllerActionInvoker invoker, Task lastTask, State next, Scope scope, Object state, Boolean isCompleted)
   at Microsoft.AspNetCore.Mvc.Infrastructure.ControllerActionInvoker.Rethrow(ActionExecutedContextSealed context)
   at Microsoft.AspNetCore.Mvc.Infrastructure.ControllerActionInvoker.Next(State& next, Scope& scope, Object& state, Boolean& isCompleted)
   at Microsoft.AspNetCore.Mvc.Infrastructure.ControllerActionInvoker.InvokeInnerFilterAsync()
--- End of stack trace from previous location where exception was thrown ---
   at Microsoft.AspNetCore.Mvc.Infrastructure.ResourceInvoker.<InvokeNextResourceFilter>g__Awaited|24_0(ResourceInvoker invoker, Task lastTask, State next, Scope scope, Object state, Boolean isCompleted)
   at Microsoft.AspNetCore.Mvc.Infrastructure.ResourceInvoker.Rethrow(ResourceExecutedContextSealed context)
   at Microsoft.AspNetCore.Mvc.Infrastructure.ResourceInvoker.Next(State& next, Scope& scope, Object& state, Boolean& isCompleted)
   at Microsoft.AspNetCore.Mvc.Infrastructure.ResourceInvoker.InvokeFilterPipelineAsync()
--- End of stack trace from previous location where exception was thrown ---
   at Microsoft.AspNetCore.Mvc.Infrastructure.ResourceInvoker.<InvokeAsync>g__Awaited|17_0(ResourceInvoker invoker, Task task, IDisposable scope)
   at Microsoft.AspNetCore.Routing.EndpointMiddleware.<Invoke>g__AwaitRequestTask|6_0(Endpoint endpoint, Task requestTask, ILogger logger)
   at Swashbuckle.AspNetCore.SwaggerUI.SwaggerUIMiddleware.Invoke(HttpContext httpContext)
   at Swashbuckle.AspNetCore.Swagger.SwaggerMiddleware.Invoke(HttpContext httpContext, ISwaggerProvider swaggerProvider)
   at Microsoft.AspNetCore.Authorization.AuthorizationMiddleware.Invoke(HttpContext context)
   at Microsoft.AspNetCore.Authentication.AuthenticationMiddleware.Invoke(HttpContext context)
   at Microsoft.AspNetCore.Diagnostics.StatusCodePagesMiddleware.Invoke(HttpContext context)
   at ABB.Web.Middleware.JwtMiddleware.Invoke(HttpContext context, IDbContext dbContext) in C:\Users\FORMULATRIX\RiderProjects\Mine\SafeGeneral\ABB.Web\Middleware\JwtMiddleware.cs:line 31
   at ABB.Web.Middleware.HeaderMiddleware.Invoke(HttpContext context) in C:\Users\FORMULATRIX\RiderProjects\Mine\SafeGeneral\ABB.Web\Middleware\HeaderMiddleware.cs:line 33
   at ABB.Web.Middleware.ErrorHandlerMiddleware.Invoke(HttpContext context) in C:\Users\FORMULATRIX\RiderProjects\Mine\SafeGeneral\ABB.Web\Middleware\ErrorHandlerMiddleware.cs:line 27
02/01/2025 21:04:00 +07:00 Error Unhandle : for Request "GetAkseptasiCoveragesQuery" GetAkseptasiCoveragesQuery { SearchKeyword: null, DatabaseName: "abb_jkt", KodeCabang: "JK50", kd_cob: "F", kd_scob: "0101", kd_thn: "25", no_aks: "00002", no_updt: 0, no_rsk: 0, kd_endt: "I" }
System.InvalidCastException: Unable to cast object of type 'System.Data.ProviderBase.DbConnectionClosedConnecting' to type 'System.Data.SqlClient.SqlInternalConnectionTds'.
   at System.Data.SqlClient.SqlConnection.TryOpen(TaskCompletionSource`1 retry)
   at System.Data.SqlClient.SqlConnection.OpenAsync(CancellationToken cancellationToken)
--- End of stack trace from previous location where exception was thrown ---
   at Dapper.SqlMapper.QueryAsync[T](IDbConnection cnn, Type effectiveType, CommandDefinition command) in /_/Dapper/SqlMapper.Async.cs:line 418
   at ABB.Infrastructure.Data.DbConnectionFactory.Query[T](String query, Object param) in C:\Users\FORMULATRIX\RiderProjects\Mine\SafeGeneral\ABB.Infrastructure\Data\DbConnectionFactory.cs:line 98
   at ABB.Application.Akseptasis.Queries.GetAkseptasiCoveragesQueryHandler.Handle(GetAkseptasiCoveragesQuery request, CancellationToken cancellationToken) in C:\Users\FORMULATRIX\RiderProjects\Mine\SafeGeneral\ABB.Application\Akseptasis\Queries\GetAkseptasiCoveragesQuery.cs:line 44
   at ABB.Application.Common.Behaviours.ValidationBehaviour`2.Handle(TRequest request, CancellationToken cancellationToken, RequestHandlerDelegate`1 next) in C:\Users\FORMULATRIX\RiderProjects\Mine\SafeGeneral\ABB.Application\Common\Behaviours\ValidationBehaviour.cs:line 36
   at ABB.Application.Common.Behaviours.UnhandledExceptionBehaviour`2.Handle(TRequest request, CancellationToken cancellationToken, RequestHandlerDelegate`1 next) in C:\Users\FORMULATRIX\RiderProjects\Mine\SafeGeneral\ABB.Application\Common\Behaviours\UnhandledExceptionBehaviour.cs:line 26
02/01/2025 21:04:01 +07:00 Controller:Akseptasi | Action:GetAkseptasiCoverages
System.InvalidCastException: Unable to cast object of type 'System.Data.ProviderBase.DbConnectionClosedConnecting' to type 'System.Data.SqlClient.SqlInternalConnectionTds'.
   at System.Data.SqlClient.SqlConnection.TryOpen(TaskCompletionSource`1 retry)
   at System.Data.SqlClient.SqlConnection.OpenAsync(CancellationToken cancellationToken)
--- End of stack trace from previous location where exception was thrown ---
   at Dapper.SqlMapper.QueryAsync[T](IDbConnection cnn, Type effectiveType, CommandDefinition command) in /_/Dapper/SqlMapper.Async.cs:line 418
   at ABB.Infrastructure.Data.DbConnectionFactory.Query[T](String query, Object param) in C:\Users\FORMULATRIX\RiderProjects\Mine\SafeGeneral\ABB.Infrastructure\Data\DbConnectionFactory.cs:line 98
   at ABB.Application.Akseptasis.Queries.GetAkseptasiCoveragesQueryHandler.Handle(GetAkseptasiCoveragesQuery request, CancellationToken cancellationToken) in C:\Users\FORMULATRIX\RiderProjects\Mine\SafeGeneral\ABB.Application\Akseptasis\Queries\GetAkseptasiCoveragesQuery.cs:line 44
   at ABB.Application.Common.Behaviours.ValidationBehaviour`2.Handle(TRequest request, CancellationToken cancellationToken, RequestHandlerDelegate`1 next) in C:\Users\FORMULATRIX\RiderProjects\Mine\SafeGeneral\ABB.Application\Common\Behaviours\ValidationBehaviour.cs:line 36
   at ABB.Application.Common.Behaviours.UnhandledExceptionBehaviour`2.Handle(TRequest request, CancellationToken cancellationToken, RequestHandlerDelegate`1 next) in C:\Users\FORMULATRIX\RiderProjects\Mine\SafeGeneral\ABB.Application\Common\Behaviours\UnhandledExceptionBehaviour.cs:line 26
   at MediatR.Pipeline.RequestExceptionProcessorBehavior`2.Handle(TRequest request, CancellationToken cancellationToken, RequestHandlerDelegate`1 next)
   at MediatR.Pipeline.RequestExceptionProcessorBehavior`2.Handle(TRequest request, CancellationToken cancellationToken, RequestHandlerDelegate`1 next)
   at MediatR.Pipeline.RequestExceptionActionProcessorBehavior`2.Handle(TRequest request, CancellationToken cancellationToken, RequestHandlerDelegate`1 next)
   at MediatR.Pipeline.RequestExceptionActionProcessorBehavior`2.Handle(TRequest request, CancellationToken cancellationToken, RequestHandlerDelegate`1 next)
   at MediatR.Pipeline.RequestPostProcessorBehavior`2.Handle(TRequest request, CancellationToken cancellationToken, RequestHandlerDelegate`1 next)
   at MediatR.Pipeline.RequestPreProcessorBehavior`2.Handle(TRequest request, CancellationToken cancellationToken, RequestHandlerDelegate`1 next)
   at ABB.Web.Modules.Akseptasi.AkseptasiController.GetAkseptasiCoverages(DataSourceRequest request, String searchkeyword, String kd_cb, String kd_cob, String kd_scob, String kd_thn, String no_aks, Int16 no_updt, Int16 no_rsk, String kd_endt) in C:\Users\FORMULATRIX\RiderProjects\Mine\SafeGeneral\ABB.Web\Modules\Akseptasi\AkseptasiController.cs:line 470
   at lambda_method(Closure , Object )
   at Microsoft.Extensions.Internal.ObjectMethodExecutorAwaitable.Awaiter.GetResult()
   at Microsoft.AspNetCore.Mvc.Infrastructure.ActionMethodExecutor.TaskOfActionResultExecutor.Execute(IActionResultTypeMapper mapper, ObjectMethodExecutor executor, Object controller, Object[] arguments)
   at Microsoft.AspNetCore.Mvc.Infrastructure.ControllerActionInvoker.<InvokeActionMethodAsync>g__Awaited|12_0(ControllerActionInvoker invoker, ValueTask`1 actionResultValueTask)
   at Microsoft.AspNetCore.Mvc.Infrastructure.ControllerActionInvoker.<InvokeNextActionFilterAsync>g__Awaited|10_0(ControllerActionInvoker invoker, Task lastTask, State next, Scope scope, Object state, Boolean isCompleted)
   at Microsoft.AspNetCore.Mvc.Infrastructure.ControllerActionInvoker.Rethrow(ActionExecutedContextSealed context)
   at Microsoft.AspNetCore.Mvc.Infrastructure.ControllerActionInvoker.Next(State& next, Scope& scope, Object& state, Boolean& isCompleted)
   at Microsoft.AspNetCore.Mvc.Infrastructure.ControllerActionInvoker.InvokeInnerFilterAsync()
--- End of stack trace from previous location where exception was thrown ---
   at Microsoft.AspNetCore.Mvc.Infrastructure.ResourceInvoker.<InvokeNextResourceFilter>g__Awaited|24_0(ResourceInvoker invoker, Task lastTask, State next, Scope scope, Object state, Boolean isCompleted)
   at Microsoft.AspNetCore.Mvc.Infrastructure.ResourceInvoker.Rethrow(ResourceExecutedContextSealed context)
   at Microsoft.AspNetCore.Mvc.Infrastructure.ResourceInvoker.Next(State& next, Scope& scope, Object& state, Boolean& isCompleted)
   at Microsoft.AspNetCore.Mvc.Infrastructure.ResourceInvoker.InvokeFilterPipelineAsync()
--- End of stack trace from previous location where exception was thrown ---
   at Microsoft.AspNetCore.Mvc.Infrastructure.ResourceInvoker.<InvokeAsync>g__Awaited|17_0(ResourceInvoker invoker, Task task, IDisposable scope)
   at Microsoft.AspNetCore.Routing.EndpointMiddleware.<Invoke>g__AwaitRequestTask|6_0(Endpoint endpoint, Task requestTask, ILogger logger)
   at Swashbuckle.AspNetCore.SwaggerUI.SwaggerUIMiddleware.Invoke(HttpContext httpContext)
   at Swashbuckle.AspNetCore.Swagger.SwaggerMiddleware.Invoke(HttpContext httpContext, ISwaggerProvider swaggerProvider)
   at Microsoft.AspNetCore.Authorization.AuthorizationMiddleware.Invoke(HttpContext context)
   at Microsoft.AspNetCore.Authentication.AuthenticationMiddleware.Invoke(HttpContext context)
   at Microsoft.AspNetCore.Diagnostics.StatusCodePagesMiddleware.Invoke(HttpContext context)
   at ABB.Web.Middleware.JwtMiddleware.Invoke(HttpContext context, IDbContext dbContext) in C:\Users\FORMULATRIX\RiderProjects\Mine\SafeGeneral\ABB.Web\Middleware\JwtMiddleware.cs:line 31
   at ABB.Web.Middleware.HeaderMiddleware.Invoke(HttpContext context) in C:\Users\FORMULATRIX\RiderProjects\Mine\SafeGeneral\ABB.Web\Middleware\HeaderMiddleware.cs:line 33
   at ABB.Web.Middleware.ErrorHandlerMiddleware.Invoke(HttpContext context) in C:\Users\FORMULATRIX\RiderProjects\Mine\SafeGeneral\ABB.Web\Middleware\ErrorHandlerMiddleware.cs:line 27
