10/12/2023 06:34:05 +07:00 The decimal property '"nilai_ptg_awal"' is part of a key on entity type '"SyaratCategorySR"'. If the configured precision and scale don't match the column type in the database this will cause values to be silently truncated if they do not fit in the default precision and scale. Consider using a different property as the key or make sure that the database column type matches the model configuration and enable decimal rounding warnings using 'SET NUMERIC_ROUNDABORT ON'.
10/12/2023 06:34:05 +07:00 The decimal property '"nilai_ptg_akhr"' is part of a key on entity type '"SyaratCategorySR"'. If the configured precision and scale don't match the column type in the database this will cause values to be silently truncated if they do not fit in the default precision and scale. Consider using a different property as the key or make sure that the database column type matches the model configuration and enable decimal rounding warnings using 'SET NUMERIC_ROUNDABORT ON'.
10/12/2023 06:34:38 +07:00 Object reference not set to an instance of an object.
System.NullReferenceException: Object reference not set to an instance of an object.
   at ABB.Application.PengajuanAkseptasi.Commands.DataAkseptasiNasLifeCommandHandler.Handle(DataAkseptasiNasLifeCommand request, CancellationToken cancellationToken) in C:\Users\Formulatrix\RiderProjects\Mine\ABB\ABB.Application\PengajuanAkseptasi\Commands\DataAkseptasiNasLifeCommand.cs:line 74
10/12/2023 06:34:38 +07:00 Error Unhandle : for Request "DataAkseptasiNasLifeCommand" DataAkseptasiNasLifeCommand { kd_cb: "SM30 ", kd_product: "0552 ", kd_thn: "23", kd_rk: "007796", no_sppa: "00001", no_updt: 0, kd_approval: "001", kd_user_status: "0a35e9e46a0144c68262407bd32bf2c1" }
System.NullReferenceException: Object reference not set to an instance of an object.
   at ABB.Application.PengajuanAkseptasi.Commands.DataAkseptasiNasLifeCommandHandler.Handle(DataAkseptasiNasLifeCommand request, CancellationToken cancellationToken) in C:\Users\Formulatrix\RiderProjects\Mine\ABB\ABB.Application\PengajuanAkseptasi\Commands\DataAkseptasiNasLifeCommand.cs:line 136
   at ABB.Application.Common.Behaviours.ValidationBehaviour`2.Handle(TRequest request, CancellationToken cancellationToken, RequestHandlerDelegate`1 next) in C:\Users\Formulatrix\RiderProjects\Mine\ABB\ABB.Application\Common\Behaviours\ValidationBehaviour.cs:line 36
   at ABB.Application.Common.Behaviours.UnhandledExceptionBehaviour`2.Handle(TRequest request, CancellationToken cancellationToken, RequestHandlerDelegate`1 next) in C:\Users\Formulatrix\RiderProjects\Mine\ABB\ABB.Application\Common\Behaviours\UnhandledExceptionBehaviour.cs:line 26
10/12/2023 06:35:48 +07:00 Object reference not set to an instance of an object.
System.NullReferenceException: Object reference not set to an instance of an object.
   at ABB.Application.PengajuanAkseptasi.Commands.DataAkseptasiNasLifeCommandHandler.Handle(DataAkseptasiNasLifeCommand request, CancellationToken cancellationToken) in C:\Users\Formulatrix\RiderProjects\Mine\ABB\ABB.Application\PengajuanAkseptasi\Commands\DataAkseptasiNasLifeCommand.cs:line 74
10/12/2023 06:35:48 +07:00 Error Unhandle : for Request "DataAkseptasiNasLifeCommand" DataAkseptasiNasLifeCommand { kd_cb: "SM30 ", kd_product: "0552 ", kd_thn: "23", kd_rk: "007796", no_sppa: "00001", no_updt: 0, kd_approval: "001", kd_user_status: "0a35e9e46a0144c68262407bd32bf2c1" }
System.NullReferenceException: Object reference not set to an instance of an object.
   at ABB.Application.PengajuanAkseptasi.Commands.DataAkseptasiNasLifeCommandHandler.Handle(DataAkseptasiNasLifeCommand request, CancellationToken cancellationToken) in C:\Users\Formulatrix\RiderProjects\Mine\ABB\ABB.Application\PengajuanAkseptasi\Commands\DataAkseptasiNasLifeCommand.cs:line 136
   at ABB.Application.Common.Behaviours.ValidationBehaviour`2.Handle(TRequest request, CancellationToken cancellationToken, RequestHandlerDelegate`1 next) in C:\Users\Formulatrix\RiderProjects\Mine\ABB\ABB.Application\Common\Behaviours\ValidationBehaviour.cs:line 36
   at ABB.Application.Common.Behaviours.UnhandledExceptionBehaviour`2.Handle(TRequest request, CancellationToken cancellationToken, RequestHandlerDelegate`1 next) in C:\Users\Formulatrix\RiderProjects\Mine\ABB\ABB.Application\Common\Behaviours\UnhandledExceptionBehaviour.cs:line 26
10/12/2023 06:38:05 +07:00 Object reference not set to an instance of an object.
System.NullReferenceException: Object reference not set to an instance of an object.
   at ABB.Application.PengajuanAkseptasi.Commands.DataAkseptasiNasLifeCommandHandler.Handle(DataAkseptasiNasLifeCommand request, CancellationToken cancellationToken) in C:\Users\Formulatrix\RiderProjects\Mine\ABB\ABB.Application\PengajuanAkseptasi\Commands\DataAkseptasiNasLifeCommand.cs:line 74
10/12/2023 06:38:05 +07:00 Error Unhandle : for Request "DataAkseptasiNasLifeCommand" DataAkseptasiNasLifeCommand { kd_cb: "SM30 ", kd_product: "0552 ", kd_thn: "23", kd_rk: "007796", no_sppa: "00001", no_updt: 0, kd_approval: "001", kd_user_status: "0a35e9e46a0144c68262407bd32bf2c1" }
System.NullReferenceException: Object reference not set to an instance of an object.
   at ABB.Application.PengajuanAkseptasi.Commands.DataAkseptasiNasLifeCommandHandler.Handle(DataAkseptasiNasLifeCommand request, CancellationToken cancellationToken) in C:\Users\Formulatrix\RiderProjects\Mine\ABB\ABB.Application\PengajuanAkseptasi\Commands\DataAkseptasiNasLifeCommand.cs:line 136
   at ABB.Application.Common.Behaviours.ValidationBehaviour`2.Handle(TRequest request, CancellationToken cancellationToken, RequestHandlerDelegate`1 next) in C:\Users\Formulatrix\RiderProjects\Mine\ABB\ABB.Application\Common\Behaviours\ValidationBehaviour.cs:line 36
   at ABB.Application.Common.Behaviours.UnhandledExceptionBehaviour`2.Handle(TRequest request, CancellationToken cancellationToken, RequestHandlerDelegate`1 next) in C:\Users\Formulatrix\RiderProjects\Mine\ABB\ABB.Application\Common\Behaviours\UnhandledExceptionBehaviour.cs:line 26
10/12/2023 06:40:20 +07:00 Object reference not set to an instance of an object.
System.NullReferenceException: Object reference not set to an instance of an object.
   at ABB.Application.PengajuanAkseptasi.Commands.DataAkseptasiNasLifeCommandHandler.Handle(DataAkseptasiNasLifeCommand request, CancellationToken cancellationToken) in C:\Users\Formulatrix\RiderProjects\Mine\ABB\ABB.Application\PengajuanAkseptasi\Commands\DataAkseptasiNasLifeCommand.cs:line 74
10/12/2023 06:40:21 +07:00 Error Unhandle : for Request "DataAkseptasiNasLifeCommand" DataAkseptasiNasLifeCommand { kd_cb: "SM30 ", kd_product: "0552 ", kd_thn: "23", kd_rk: "007796", no_sppa: "00001", no_updt: 0, kd_approval: "001", kd_user_status: "0a35e9e46a0144c68262407bd32bf2c1" }
System.NullReferenceException: Object reference not set to an instance of an object.
   at ABB.Application.PengajuanAkseptasi.Commands.DataAkseptasiNasLifeCommandHandler.Handle(DataAkseptasiNasLifeCommand request, CancellationToken cancellationToken) in C:\Users\Formulatrix\RiderProjects\Mine\ABB\ABB.Application\PengajuanAkseptasi\Commands\DataAkseptasiNasLifeCommand.cs:line 136
   at ABB.Application.Common.Behaviours.ValidationBehaviour`2.Handle(TRequest request, CancellationToken cancellationToken, RequestHandlerDelegate`1 next) in C:\Users\Formulatrix\RiderProjects\Mine\ABB\ABB.Application\Common\Behaviours\ValidationBehaviour.cs:line 36
   at ABB.Application.Common.Behaviours.UnhandledExceptionBehaviour`2.Handle(TRequest request, CancellationToken cancellationToken, RequestHandlerDelegate`1 next) in C:\Users\Formulatrix\RiderProjects\Mine\ABB\ABB.Application\Common\Behaviours\UnhandledExceptionBehaviour.cs:line 26
